#
# There is insufficient memory for the Java Runtime Environment to continue.
# Native memory allocation (mmap) failed to map 113246208 bytes for G1 virtual space
# Possible reasons:
#   The system is out of physical RAM or swap space
#   The process is running with CompressedOops enabled, and the Java Heap may be blocking the growth of the native heap
# Possible solutions:
#   Reduce memory load on the system
#   Increase physical memory or swap space
#   Check if swap backing store is full
#   Decrease Java heap size (-Xmx/-Xms)
#   Decrease number of Java threads
#   Decrease Java thread stack sizes (-Xss)
#   Set larger code cache with -XX:ReservedCodeCacheSize=
#   JVM is running with Zero Based Compressed Oops mode in which the Java heap is
#     placed in the first 32GB address space. The Java Heap base address is the
#     maximum limit for the native heap growth. Please use -XX:HeapBaseMinAddress
#     to set the Java Heap base and to place the Java Heap above 32GB virtual address.
# This output file may be truncated or incomplete.
#
#  Out of Memory Error (os_windows.cpp:3771), pid=11624, tid=8500
#
# JRE version: OpenJDK Runtime Environment (17.0.7) (build 17.0.7+0-b2043.56-10550314)
# Java VM: OpenJDK 64-Bit Server VM (17.0.7+0-b2043.56-10550314, mixed mode, tiered, compressed oops, compressed class ptrs, g1 gc, windows-amd64)
# No core dump will be written. Minidumps are not enabled by default on client versions of Windows
#

---------------  S U M M A R Y ------------

Command Line: org.jetbrains.kotlin.cli.jvm.K2JVMCompiler @G:\SmartHousetryagain\app\build\20241123_10113172421602284803.compiler.options

Host: Intel(R) Core(TM) i7-9700F CPU @ 3.00GHz, 8 cores, 15G,  Windows 10 , 64 bit Build 17763 (10.0.17763.4974)
Time: Sat Nov 23 09:15:20 2024 ќмское стандартное врем€ elapsed time: 10.460359 seconds (0d 0h 0m 10s)

---------------  T H R E A D  ---------------

Current thread (0x00000159a1689540):  VMThread "VM Thread" [stack: 0x0000002533800000,0x0000002533900000] [id=8500]

Stack: [0x0000002533800000,0x0000002533900000]
Native frames: (J=compiled Java code, j=interpreted, Vv=VM code, C=native code)
V  [jvm.dll+0x683bfa]
V  [jvm.dll+0x8430a4]
V  [jvm.dll+0x8449be]
V  [jvm.dll+0x845023]
V  [jvm.dll+0x24ad2f]
V  [jvm.dll+0x680ac9]
V  [jvm.dll+0x67519a]
V  [jvm.dll+0x30b3cb]
V  [jvm.dll+0x312876]
V  [jvm.dll+0x36221e]
V  [jvm.dll+0x36244f]
V  [jvm.dll+0x2e14a8]
V  [jvm.dll+0x2df684]
V  [jvm.dll+0x2dec8c]
V  [jvm.dll+0x32382b]
V  [jvm.dll+0x8496eb]
V  [jvm.dll+0x84a424]
V  [jvm.dll+0x84a93d]
V  [jvm.dll+0x84ad14]
V  [jvm.dll+0x84ade0]
V  [jvm.dll+0x7f2aea]
V  [jvm.dll+0x682a35]
C  [ucrtbase.dll+0x2268a]
C  [KERNEL32.DLL+0x17ac4]
C  [ntdll.dll+0x5a4e1]

VM_Operation (0x00000025332fb800): G1CollectForAllocation, mode: safepoint, requested by thread 0x0000015982c9b170


---------------  P R O C E S S  ---------------

Threads class SMR info:
_java_thread_list=0x00000159a18253f0, length=14, elements={
0x0000015982c9b170, 0x00000159a183d620, 0x00000159a183e4e0, 0x00000159a168afe0,
0x00000159a168c7b0, 0x00000159a168e670, 0x00000159a186c0f0, 0x00000159a186cdd0,
0x00000159a186d870, 0x00000159a1870270, 0x00000159a19ecd50, 0x00000159a1a094c0,
0x00000159a63ffe70, 0x00000159a86cd910
}

Java Threads: ( => current thread )
  0x0000015982c9b170 JavaThread "main" [_thread_blocked, id=4060, stack(0x0000002533200000,0x0000002533300000)]
  0x00000159a183d620 JavaThread "Reference Handler" daemon [_thread_blocked, id=10580, stack(0x0000002533900000,0x0000002533a00000)]
  0x00000159a183e4e0 JavaThread "Finalizer" daemon [_thread_blocked, id=1340, stack(0x0000002533a00000,0x0000002533b00000)]
  0x00000159a168afe0 JavaThread "Signal Dispatcher" daemon [_thread_blocked, id=4716, stack(0x0000002533b00000,0x0000002533c00000)]
  0x00000159a168c7b0 JavaThread "Attach Listener" daemon [_thread_blocked, id=11536, stack(0x0000002533c00000,0x0000002533d00000)]
  0x00000159a168e670 JavaThread "Service Thread" daemon [_thread_blocked, id=7756, stack(0x0000002533d00000,0x0000002533e00000)]
  0x00000159a186c0f0 JavaThread "Monitor Deflation Thread" daemon [_thread_blocked, id=7600, stack(0x0000002533e00000,0x0000002533f00000)]
  0x00000159a186cdd0 JavaThread "C2 CompilerThread0" daemon [_thread_blocked, id=7464, stack(0x0000002533f00000,0x0000002534000000)]
  0x00000159a186d870 JavaThread "C1 CompilerThread0" daemon [_thread_blocked, id=7212, stack(0x0000002534000000,0x0000002534100000)]
  0x00000159a1870270 JavaThread "Sweeper thread" daemon [_thread_blocked, id=4024, stack(0x0000002534100000,0x0000002534200000)]
  0x00000159a19ecd50 JavaThread "Notification Thread" daemon [_thread_blocked, id=9992, stack(0x0000002534200000,0x0000002534300000)]
  0x00000159a1a094c0 JavaThread "Common-Cleaner" daemon [_thread_blocked, id=1660, stack(0x0000002534400000,0x0000002534500000)]
  0x00000159a63ffe70 JavaThread "C2 CompilerThread1" daemon [_thread_blocked, id=4588, stack(0x0000002534a00000,0x0000002534b00000)]
  0x00000159a86cd910 JavaThread "C2 CompilerThread2" daemon [_thread_blocked, id=10708, stack(0x0000002534e00000,0x0000002534f00000)]

Other Threads:
=>0x00000159a1689540 VMThread "VM Thread" [stack: 0x0000002533800000,0x0000002533900000] [id=8500]
  0x0000015982d289a0 WatcherThread [stack: 0x0000002534300000,0x0000002534400000] [id=9224]
  0x0000015982d072d0 GCTaskThread "GC Thread#0" [stack: 0x0000002533300000,0x0000002533400000] [id=9904]
  0x00000159a62cac90 GCTaskThread "GC Thread#1" [stack: 0x0000002534500000,0x0000002534600000] [id=4708]
  0x00000159a6332eb0 GCTaskThread "GC Thread#2" [stack: 0x0000002534600000,0x0000002534700000] [id=12116]
  0x00000159a62df890 GCTaskThread "GC Thread#3" [stack: 0x0000002534700000,0x0000002534800000] [id=8756]
  0x00000159a62f4f90 GCTaskThread "GC Thread#4" [stack: 0x0000002534800000,0x0000002534900000] [id=816]
  0x00000159a62f5240 GCTaskThread "GC Thread#5" [stack: 0x0000002534900000,0x0000002534a00000] [id=1176]
  0x00000159a6437ee0 GCTaskThread "GC Thread#6" [stack: 0x0000002534b00000,0x0000002534c00000] [id=7032]
  0x00000159a6437c30 GCTaskThread "GC Thread#7" [stack: 0x0000002534c00000,0x0000002534d00000] [id=12972]
  0x0000015982d180d0 ConcurrentGCThread "G1 Main Marker" [stack: 0x0000002533400000,0x0000002533500000] [id=2996]
  0x0000015982d18ae0 ConcurrentGCThread "G1 Conc#0" [stack: 0x0000002533500000,0x0000002533600000] [id=2680]
  0x00000159a64386f0 ConcurrentGCThread "G1 Conc#1" [stack: 0x0000002534d00000,0x0000002534e00000] [id=7536]
  0x00000159a15391e0 ConcurrentGCThread "G1 Refine#0" [stack: 0x0000002533600000,0x0000002533700000] [id=9548]
  0x00000159a91ebd60 ConcurrentGCThread "G1 Refine#1" [stack: 0x0000002534f00000,0x0000002535000000] [id=9356]
  0x00000159a91ec040 ConcurrentGCThread "G1 Refine#2" [stack: 0x0000002535000000,0x0000002535100000] [id=10172]
  0x00000159a91e8c80 ConcurrentGCThread "G1 Refine#3" [stack: 0x0000002535100000,0x0000002535200000] [id=2156]
  0x00000159a91eb7a0 ConcurrentGCThread "G1 Refine#4" [stack: 0x0000002535200000,0x0000002535300000] [id=7568]
  0x00000159a91ea380 ConcurrentGCThread "G1 Refine#5" [stack: 0x0000002535300000,0x0000002535400000] [id=11964]
  0x00000159a1539a10 ConcurrentGCThread "G1 Service" [stack: 0x0000002533700000,0x0000002533800000] [id=6648]

Threads with active compile tasks:
C2 CompilerThread0    10467 17147       4       org.jetbrains.kotlin.backend.jvm.mapping.MethodSignatureMapper::mapFunctionName (342 bytes)
C2 CompilerThread1    10467 17128       4       org.jetbrains.kotlin.backend.jvm.mapping.MethodSignatureMapper::mapSignature (587 bytes)
C2 CompilerThread2    10467 16977       4       org.jetbrains.kotlin.codegen.optimization.boxing.BoxingInterpreterKt::isPrimitiveBoxing (91 bytes)

VM state: at safepoint (normal execution)

VM Mutex/Monitor currently owned by a thread:  ([mutex/lock_event])
[0x0000015982c97440] Threads_lock - owner thread: 0x00000159a1689540
[0x0000015982c982e0] Heap_lock - owner thread: 0x0000015982c9b170

Heap address: 0x0000000701400000, size: 4076 MB, Compressed Oops mode: Zero based, Oop shift amount: 3

CDS archive(s) not mapped
Compressed class space mapped at: 0x0000000800000000-0x0000000840000000, reserved size: 1073741824
Narrow klass base: 0x0000000800000000, Narrow klass shift: 0, Narrow klass range: 0x40000000

GC Precious Log:
 CPUs: 8 total, 8 available
 Memory: 16303M
 Large Page Support: Disabled
 NUMA Support: Disabled
 Compressed Oops: Enabled (Zero based)
 Heap Region Size: 2M
 Heap Min Capacity: 8M
 Heap Initial Capacity: 256M
 Heap Max Capacity: 4076M
 Pre-touch: Disabled
 Parallel Workers: 8
 Concurrent Workers: 2
 Concurrent Refinement Workers: 8
 Periodic GC: Disabled

Heap:
 garbage-first heap   total 262144K, used 88016K [0x0000000701400000, 0x0000000800000000)
  region size 2048K, 2 young (4096K), 2 survivors (4096K)
 Metaspace       used 87928K, committed 88192K, reserved 1179648K
  class space    used 9355K, committed 9472K, reserved 1048576K

Heap Regions: E=young(eden), S=young(survivor), O=old, HS=humongous(starts), HC=humongous(continues), CS=collection set, F=free, OA=open archive, CA=closed archive, TAMS=top-at-mark-start (previous, next)
|   0|0x0000000701400000, 0x0000000701600000, 0x0000000701600000|100%|HS|  |TAMS 0x0000000701600000, 0x0000000701600000| Complete 
|   1|0x0000000701600000, 0x0000000701800000, 0x0000000701800000|100%|HC|  |TAMS 0x0000000701800000, 0x0000000701800000| Complete 
|   2|0x0000000701800000, 0x0000000701800000, 0x0000000701a00000|  0%| F|  |TAMS 0x0000000701800000, 0x0000000701800000| Untracked 
|   3|0x0000000701a00000, 0x0000000701c00000, 0x0000000701c00000|100%| O|  |TAMS 0x0000000701c00000, 0x0000000701c00000| Untracked 
|   4|0x0000000701c00000, 0x0000000701e00000, 0x0000000701e00000|100%| O|  |TAMS 0x0000000701e00000, 0x0000000701e00000| Untracked 
|   5|0x0000000701e00000, 0x0000000702000000, 0x0000000702000000|100%| O|  |TAMS 0x0000000702000000, 0x0000000702000000| Untracked 
|   6|0x0000000702000000, 0x0000000702200000, 0x0000000702200000|100%| O|  |TAMS 0x0000000702200000, 0x0000000702200000| Untracked 
|   7|0x0000000702200000, 0x0000000702400000, 0x0000000702400000|100%| O|  |TAMS 0x0000000702400000, 0x0000000702400000| Untracked 
|   8|0x0000000702400000, 0x0000000702600000, 0x0000000702600000|100%| O|  |TAMS 0x0000000702600000, 0x0000000702600000| Untracked 
|   9|0x0000000702600000, 0x0000000702800000, 0x0000000702800000|100%|HS|  |TAMS 0x0000000702800000, 0x0000000702800000| Complete 
|  10|0x0000000702800000, 0x0000000702a00000, 0x0000000702a00000|100%| O|  |TAMS 0x0000000702a00000, 0x0000000702a00000| Untracked 
|  11|0x0000000702a00000, 0x0000000702c00000, 0x0000000702c00000|100%| O|  |TAMS 0x0000000702c00000, 0x0000000702c00000| Untracked 
|  12|0x0000000702c00000, 0x0000000702e00000, 0x0000000702e00000|100%| O|  |TAMS 0x0000000702e00000, 0x0000000702e00000| Untracked 
|  13|0x0000000702e00000, 0x0000000703000000, 0x0000000703000000|100%| O|  |TAMS 0x0000000703000000, 0x0000000703000000| Untracked 
|  14|0x0000000703000000, 0x0000000703200000, 0x0000000703200000|100%| O|  |TAMS 0x0000000703200000, 0x0000000703200000| Untracked 
|  15|0x0000000703200000, 0x0000000703400000, 0x0000000703400000|100%| O|  |TAMS 0x0000000703400000, 0x0000000703400000| Untracked 
|  16|0x0000000703400000, 0x0000000703600000, 0x0000000703600000|100%| O|  |TAMS 0x0000000703600000, 0x0000000703600000| Untracked 
|  17|0x0000000703600000, 0x0000000703800000, 0x0000000703800000|100%| O|  |TAMS 0x0000000703800000, 0x0000000703800000| Untracked 
|  18|0x0000000703800000, 0x0000000703a00000, 0x0000000703a00000|100%| O|  |TAMS 0x0000000703a00000, 0x0000000703a00000| Untracked 
|  19|0x0000000703a00000, 0x0000000703c00000, 0x0000000703c00000|100%| O|  |TAMS 0x0000000703c00000, 0x0000000703c00000| Untracked 
|  20|0x0000000703c00000, 0x0000000703e00000, 0x0000000703e00000|100%| O|  |TAMS 0x0000000703e00000, 0x0000000703e00000| Untracked 
|  21|0x0000000703e00000, 0x0000000704000000, 0x0000000704000000|100%| O|  |TAMS 0x0000000704000000, 0x0000000704000000| Untracked 
|  22|0x0000000704000000, 0x0000000704200000, 0x0000000704200000|100%| O|  |TAMS 0x0000000704200000, 0x0000000704200000| Untracked 
|  23|0x0000000704200000, 0x0000000704400000, 0x0000000704400000|100%| O|  |TAMS 0x0000000704400000, 0x0000000704400000| Untracked 
|  24|0x0000000704400000, 0x0000000704400000, 0x0000000704600000|  0%| F|  |TAMS 0x0000000704400000, 0x0000000704400000| Untracked 
|  25|0x0000000704600000, 0x0000000704800000, 0x0000000704800000|100%| O|  |TAMS 0x0000000704600000, 0x0000000704800000| Untracked 
|  26|0x0000000704800000, 0x0000000704a00000, 0x0000000704a00000|100%| O|  |TAMS 0x0000000704a00000, 0x0000000704a00000| Untracked 
|  27|0x0000000704a00000, 0x0000000704c00000, 0x0000000704c00000|100%| O|  |TAMS 0x0000000704c00000, 0x0000000704c00000| Untracked 
|  28|0x0000000704c00000, 0x0000000704e00000, 0x0000000704e00000|100%| O|  |TAMS 0x0000000704e00000, 0x0000000704e00000| Untracked 
|  29|0x0000000704e00000, 0x0000000705000000, 0x0000000705000000|100%| O|  |TAMS 0x0000000705000000, 0x0000000705000000| Untracked 
|  30|0x0000000705000000, 0x0000000705200000, 0x0000000705200000|100%| O|  |TAMS 0x0000000705200000, 0x0000000705200000| Untracked 
|  31|0x0000000705200000, 0x0000000705200000, 0x0000000705400000|  0%| F|  |TAMS 0x0000000705200000, 0x0000000705200000| Untracked 
|  32|0x0000000705400000, 0x0000000705600000, 0x0000000705600000|100%| O|  |TAMS 0x0000000705600000, 0x0000000705600000| Untracked 
|  33|0x0000000705600000, 0x0000000705800000, 0x0000000705800000|100%| O|  |TAMS 0x0000000705800000, 0x0000000705800000| Untracked 
|  34|0x0000000705800000, 0x0000000705a00000, 0x0000000705a00000|100%| O|  |TAMS 0x0000000705a00000, 0x0000000705a00000| Untracked 
|  35|0x0000000705a00000, 0x0000000705c00000, 0x0000000705c00000|100%| O|  |TAMS 0x0000000705c00000, 0x0000000705c00000| Untracked 
|  36|0x0000000705c00000, 0x0000000705e00000, 0x0000000705e00000|100%| O|  |TAMS 0x0000000705e00000, 0x0000000705e00000| Untracked 
|  37|0x0000000705e00000, 0x0000000706000000, 0x0000000706000000|100%| O|  |TAMS 0x0000000706000000, 0x0000000706000000| Untracked 
|  38|0x0000000706000000, 0x0000000706000000, 0x0000000706200000|  0%| F|  |TAMS 0x0000000706000000, 0x0000000706000000| Untracked 
|  39|0x0000000706200000, 0x0000000706400000, 0x0000000706400000|100%| O|  |TAMS 0x0000000706400000, 0x0000000706400000| Untracked 
|  40|0x0000000706400000, 0x0000000706600000, 0x0000000706600000|100%| O|  |TAMS 0x0000000706600000, 0x0000000706600000| Untracked 
|  41|0x0000000706600000, 0x0000000706800000, 0x0000000706800000|100%| O|  |TAMS 0x0000000706800000, 0x0000000706800000| Untracked 
|  42|0x0000000706800000, 0x0000000706a00000, 0x0000000706a00000|100%| O|  |TAMS 0x000000070686ca00, 0x0000000706a00000| Untracked 
|  43|0x0000000706a00000, 0x0000000706c00000, 0x0000000706c00000|100%| O|  |TAMS 0x0000000706a00000, 0x0000000706c00000| Untracked 
|  44|0x0000000706c00000, 0x0000000706e00000, 0x0000000706e00000|100%| O|  |TAMS 0x0000000706c00000, 0x0000000706e00000| Untracked 
|  45|0x0000000706e00000, 0x0000000706f85200, 0x0000000707000000| 76%| O|  |TAMS 0x0000000706e00000, 0x0000000706f85200| Untracked 
|  46|0x0000000707000000, 0x0000000707000000, 0x0000000707200000|  0%| F|  |TAMS 0x0000000707000000, 0x0000000707000000| Untracked 
|  47|0x0000000707200000, 0x0000000707200000, 0x0000000707400000|  0%| F|  |TAMS 0x0000000707200000, 0x0000000707200000| Untracked 
|  48|0x0000000707400000, 0x0000000707400000, 0x0000000707600000|  0%| F|  |TAMS 0x0000000707400000, 0x0000000707400000| Untracked 
|  49|0x0000000707600000, 0x0000000707600000, 0x0000000707800000|  0%| F|  |TAMS 0x0000000707600000, 0x0000000707600000| Untracked 
|  50|0x0000000707800000, 0x0000000707800000, 0x0000000707a00000|  0%| F|  |TAMS 0x0000000707800000, 0x0000000707800000| Untracked 
|  51|0x0000000707a00000, 0x0000000707a00000, 0x0000000707c00000|  0%| F|  |TAMS 0x0000000707a00000, 0x0000000707a00000| Untracked 
|  52|0x0000000707c00000, 0x0000000707c00000, 0x0000000707e00000|  0%| F|  |TAMS 0x0000000707c00000, 0x0000000707c00000| Untracked 
|  53|0x0000000707e00000, 0x0000000707e00000, 0x0000000708000000|  0%| F|  |TAMS 0x0000000707e00000, 0x0000000707e00000| Untracked 
|  54|0x0000000708000000, 0x0000000708000000, 0x0000000708200000|  0%| F|  |TAMS 0x0000000708000000, 0x0000000708000000| Untracked 
|  55|0x0000000708200000, 0x0000000708200000, 0x0000000708400000|  0%| F|  |TAMS 0x0000000708200000, 0x0000000708200000| Untracked 
|  56|0x0000000708400000, 0x000000070846ef28, 0x0000000708600000| 21%| S|CS|TAMS 0x0000000708400000, 0x0000000708400000| Complete 
|  57|0x0000000708600000, 0x0000000708800000, 0x0000000708800000|100%| S|CS|TAMS 0x0000000708600000, 0x0000000708600000| Complete 
|  58|0x0000000708800000, 0x0000000708800000, 0x0000000708a00000|  0%| F|  |TAMS 0x0000000708800000, 0x0000000708800000| Untracked 
|  59|0x0000000708a00000, 0x0000000708a00000, 0x0000000708c00000|  0%| F|  |TAMS 0x0000000708a00000, 0x0000000708a00000| Untracked 
|  60|0x0000000708c00000, 0x0000000708c00000, 0x0000000708e00000|  0%| F|  |TAMS 0x0000000708c00000, 0x0000000708c00000| Untracked 
|  61|0x0000000708e00000, 0x0000000708e00000, 0x0000000709000000|  0%| F|  |TAMS 0x0000000708e00000, 0x0000000708e00000| Untracked 
|  62|0x0000000709000000, 0x0000000709000000, 0x0000000709200000|  0%| F|  |TAMS 0x0000000709000000, 0x0000000709000000| Untracked 
|  63|0x0000000709200000, 0x0000000709200000, 0x0000000709400000|  0%| F|  |TAMS 0x0000000709200000, 0x0000000709200000| Untracked 
|  64|0x0000000709400000, 0x0000000709400000, 0x0000000709600000|  0%| F|  |TAMS 0x0000000709400000, 0x0000000709400000| Untracked 
|  65|0x0000000709600000, 0x0000000709600000, 0x0000000709800000|  0%| F|  |TAMS 0x0000000709600000, 0x0000000709600000| Untracked 
|  66|0x0000000709800000, 0x0000000709800000, 0x0000000709a00000|  0%| F|  |TAMS 0x0000000709800000, 0x0000000709800000| Untracked 
|  67|0x0000000709a00000, 0x0000000709a00000, 0x0000000709c00000|  0%| F|  |TAMS 0x0000000709a00000, 0x0000000709a00000| Untracked 
|  68|0x0000000709c00000, 0x0000000709c00000, 0x0000000709e00000|  0%| F|  |TAMS 0x0000000709c00000, 0x0000000709c00000| Untracked 
|  69|0x0000000709e00000, 0x0000000709e00000, 0x000000070a000000|  0%| F|  |TAMS 0x0000000709e00000, 0x0000000709e00000| Untracked 
|  70|0x000000070a000000, 0x000000070a000000, 0x000000070a200000|  0%| F|  |TAMS 0x000000070a000000, 0x000000070a000000| Untracked 
|  71|0x000000070a200000, 0x000000070a200000, 0x000000070a400000|  0%| F|  |TAMS 0x000000070a200000, 0x000000070a200000| Untracked 
|  72|0x000000070a400000, 0x000000070a400000, 0x000000070a600000|  0%| F|  |TAMS 0x000000070a400000, 0x000000070a400000| Untracked 
|  73|0x000000070a600000, 0x000000070a600000, 0x000000070a800000|  0%| F|  |TAMS 0x000000070a600000, 0x000000070a600000| Untracked 
|  74|0x000000070a800000, 0x000000070a800000, 0x000000070aa00000|  0%| F|  |TAMS 0x000000070a800000, 0x000000070a800000| Untracked 
|  75|0x000000070aa00000, 0x000000070aa00000, 0x000000070ac00000|  0%| F|  |TAMS 0x000000070aa00000, 0x000000070aa00000| Untracked 
|  76|0x000000070ac00000, 0x000000070ac00000, 0x000000070ae00000|  0%| F|  |TAMS 0x000000070ac00000, 0x000000070ac00000| Untracked 
|  77|0x000000070ae00000, 0x000000070ae00000, 0x000000070b000000|  0%| F|  |TAMS 0x000000070ae00000, 0x000000070ae00000| Untracked 
|  78|0x000000070b000000, 0x000000070b000000, 0x000000070b200000|  0%| F|  |TAMS 0x000000070b000000, 0x000000070b000000| Untracked 
|  79|0x000000070b200000, 0x000000070b200000, 0x000000070b400000|  0%| F|  |TAMS 0x000000070b200000, 0x000000070b200000| Untracked 
|  80|0x000000070b400000, 0x000000070b400000, 0x000000070b600000|  0%| F|  |TAMS 0x000000070b400000, 0x000000070b400000| Untracked 
|  81|0x000000070b600000, 0x000000070b600000, 0x000000070b800000|  0%| F|  |TAMS 0x000000070b600000, 0x000000070b600000| Untracked 
|  82|0x000000070b800000, 0x000000070b800000, 0x000000070ba00000|  0%| F|  |TAMS 0x000000070b800000, 0x000000070b800000| Untracked 
|  83|0x000000070ba00000, 0x000000070ba00000, 0x000000070bc00000|  0%| F|  |TAMS 0x000000070ba00000, 0x000000070ba00000| Untracked 
|  84|0x000000070bc00000, 0x000000070bc00000, 0x000000070be00000|  0%| F|  |TAMS 0x000000070bc00000, 0x000000070bc00000| Untracked 
|  85|0x000000070be00000, 0x000000070be00000, 0x000000070c000000|  0%| F|  |TAMS 0x000000070be00000, 0x000000070be00000| Untracked 
|  86|0x000000070c000000, 0x000000070c000000, 0x000000070c200000|  0%| F|  |TAMS 0x000000070c000000, 0x000000070c000000| Untracked 
|  87|0x000000070c200000, 0x000000070c200000, 0x000000070c400000|  0%| F|  |TAMS 0x000000070c200000, 0x000000070c200000| Untracked 
|  88|0x000000070c400000, 0x000000070c400000, 0x000000070c600000|  0%| F|  |TAMS 0x000000070c400000, 0x000000070c400000| Untracked 
|  89|0x000000070c600000, 0x000000070c600000, 0x000000070c800000|  0%| F|  |TAMS 0x000000070c600000, 0x000000070c600000| Untracked 
|  90|0x000000070c800000, 0x000000070c800000, 0x000000070ca00000|  0%| F|  |TAMS 0x000000070c800000, 0x000000070c800000| Untracked 
|  91|0x000000070ca00000, 0x000000070ca00000, 0x000000070cc00000|  0%| F|  |TAMS 0x000000070ca00000, 0x000000070ca00000| Untracked 
|  92|0x000000070cc00000, 0x000000070cc00000, 0x000000070ce00000|  0%| F|  |TAMS 0x000000070cc00000, 0x000000070cc00000| Untracked 
|  93|0x000000070ce00000, 0x000000070ce00000, 0x000000070d000000|  0%| F|  |TAMS 0x000000070ce00000, 0x000000070ce00000| Untracked 
|  94|0x000000070d000000, 0x000000070d000000, 0x000000070d200000|  0%| F|  |TAMS 0x000000070d000000, 0x000000070d000000| Untracked 
|  95|0x000000070d200000, 0x000000070d200000, 0x000000070d400000|  0%| F|  |TAMS 0x000000070d200000, 0x000000070d200000| Untracked 
|  96|0x000000070d400000, 0x000000070d400000, 0x000000070d600000|  0%| F|  |TAMS 0x000000070d400000, 0x000000070d400000| Untracked 
|  97|0x000000070d600000, 0x000000070d600000, 0x000000070d800000|  0%| F|  |TAMS 0x000000070d600000, 0x000000070d600000| Untracked 
|  98|0x000000070d800000, 0x000000070d800000, 0x000000070da00000|  0%| F|  |TAMS 0x000000070d800000, 0x000000070d800000| Untracked 
|  99|0x000000070da00000, 0x000000070da00000, 0x000000070dc00000|  0%| F|  |TAMS 0x000000070da00000, 0x000000070da00000| Untracked 
| 100|0x000000070dc00000, 0x000000070dc00000, 0x000000070de00000|  0%| F|  |TAMS 0x000000070dc00000, 0x000000070dc00000| Untracked 
| 101|0x000000070de00000, 0x000000070de00000, 0x000000070e000000|  0%| F|  |TAMS 0x000000070de00000, 0x000000070de00000| Untracked 
| 102|0x000000070e000000, 0x000000070e000000, 0x000000070e200000|  0%| F|  |TAMS 0x000000070e000000, 0x000000070e000000| Untracked 
| 103|0x000000070e200000, 0x000000070e200000, 0x000000070e400000|  0%| F|  |TAMS 0x000000070e200000, 0x000000070e200000| Untracked 
| 104|0x000000070e400000, 0x000000070e400000, 0x000000070e600000|  0%| F|  |TAMS 0x000000070e400000, 0x000000070e400000| Untracked 
| 105|0x000000070e600000, 0x000000070e600000, 0x000000070e800000|  0%| F|  |TAMS 0x000000070e600000, 0x000000070e600000| Untracked 
| 106|0x000000070e800000, 0x000000070e800000, 0x000000070ea00000|  0%| F|  |TAMS 0x000000070e800000, 0x000000070e800000| Untracked 
| 107|0x000000070ea00000, 0x000000070ea00000, 0x000000070ec00000|  0%| F|  |TAMS 0x000000070ea00000, 0x000000070ea00000| Untracked 
| 108|0x000000070ec00000, 0x000000070ec00000, 0x000000070ee00000|  0%| F|  |TAMS 0x000000070ec00000, 0x000000070ec00000| Untracked 
| 109|0x000000070ee00000, 0x000000070ee00000, 0x000000070f000000|  0%| F|  |TAMS 0x000000070ee00000, 0x000000070ee00000| Untracked 
| 110|0x000000070f000000, 0x000000070f000000, 0x000000070f200000|  0%| F|  |TAMS 0x000000070f000000, 0x000000070f000000| Untracked 
| 111|0x000000070f200000, 0x000000070f200000, 0x000000070f400000|  0%| F|  |TAMS 0x000000070f200000, 0x000000070f200000| Untracked 
| 112|0x000000070f400000, 0x000000070f400000, 0x000000070f600000|  0%| F|  |TAMS 0x000000070f400000, 0x000000070f400000| Untracked 
| 113|0x000000070f600000, 0x000000070f600000, 0x000000070f800000|  0%| F|  |TAMS 0x000000070f600000, 0x000000070f600000| Untracked 
| 114|0x000000070f800000, 0x000000070f800000, 0x000000070fa00000|  0%| F|  |TAMS 0x000000070f800000, 0x000000070f800000| Untracked 
| 115|0x000000070fa00000, 0x000000070fa00000, 0x000000070fc00000|  0%| F|  |TAMS 0x000000070fa00000, 0x000000070fa00000| Untracked 
| 116|0x000000070fc00000, 0x000000070fc00000, 0x000000070fe00000|  0%| F|  |TAMS 0x000000070fc00000, 0x000000070fc00000| Untracked 
| 117|0x000000070fe00000, 0x000000070fe00000, 0x0000000710000000|  0%| F|  |TAMS 0x000000070fe00000, 0x000000070fe00000| Untracked 
| 118|0x0000000710000000, 0x0000000710000000, 0x0000000710200000|  0%| F|  |TAMS 0x0000000710000000, 0x0000000710000000| Untracked 
| 119|0x0000000710200000, 0x0000000710200000, 0x0000000710400000|  0%| F|  |TAMS 0x0000000710200000, 0x0000000710200000| Untracked 
| 120|0x0000000710400000, 0x0000000710400000, 0x0000000710600000|  0%| F|  |TAMS 0x0000000710400000, 0x0000000710400000| Untracked 
| 121|0x0000000710600000, 0x0000000710600000, 0x0000000710800000|  0%| F|  |TAMS 0x0000000710600000, 0x0000000710600000| Untracked 
| 122|0x0000000710800000, 0x0000000710800000, 0x0000000710a00000|  0%| F|  |TAMS 0x0000000710800000, 0x0000000710800000| Untracked 
| 123|0x0000000710a00000, 0x0000000710a00000, 0x0000000710c00000|  0%| F|  |TAMS 0x0000000710a00000, 0x0000000710a00000| Untracked 
| 124|0x0000000710c00000, 0x0000000710c00000, 0x0000000710e00000|  0%| F|  |TAMS 0x0000000710c00000, 0x0000000710c00000| Untracked 
| 125|0x0000000710e00000, 0x0000000710e00000, 0x0000000711000000|  0%| F|  |TAMS 0x0000000710e00000, 0x0000000710e00000| Untracked 
| 126|0x0000000711000000, 0x0000000711000000, 0x0000000711200000|  0%| F|  |TAMS 0x0000000711000000, 0x0000000711000000| Untracked 
| 127|0x0000000711200000, 0x0000000711200000, 0x0000000711400000|  0%| F|  |TAMS 0x0000000711200000, 0x0000000711200000| Untracked 

Card table byte_map: [0x0000015995ca0000,0x00000159964a0000] _byte_map_base: 0x0000015992496000

Marking Bits (Prev, Next): (CMBitMap*) 0x0000015982d078e0, (CMBitMap*) 0x0000015982d07920
 Prev Bits: [0x0000015996ca0000, 0x000001599ac50000)
 Next Bits: [0x000001599ac50000, 0x000001599ec00000)

Polling page: 0x0000015982450000

Metaspace:

Usage:
  Non-class:     76.73 MB used.
      Class:      9.14 MB used.
       Both:     85.87 MB used.

Virtual space:
  Non-class space:      128.00 MB reserved,      76.88 MB ( 60%) committed,  2 nodes.
      Class space:        1.00 GB reserved,       9.25 MB ( <1%) committed,  1 nodes.
             Both:        1.13 GB reserved,      86.13 MB (  7%) committed. 

Chunk freelists:
   Non-Class:  2.55 MB
       Class:  6.77 MB
        Both:  9.31 MB

MaxMetaspaceSize: unlimited
CompressedClassSpaceSize: 1.00 GB
Initial GC threshold: 21.00 MB
Current GC threshold: 135.63 MB
CDS: off
MetaspaceReclaimPolicy: balanced
 - commit_granule_bytes: 65536.
 - commit_granule_words: 8192.
 - virtual_space_node_default_size: 8388608.
 - enlarge_chunks_in_place: 1.
 - new_chunks_are_fully_committed: 0.
 - uncommit_free_chunks: 1.
 - use_allocation_guard: 0.
 - handle_deallocations: 1.


Internal statistics:

num_allocs_failed_limit: 6.
num_arena_births: 330.
num_arena_deaths: 0.
num_vsnodes_births: 3.
num_vsnodes_deaths: 0.
num_space_committed: 1376.
num_space_uncommitted: 0.
num_chunks_returned_to_freelist: 6.
num_chunks_taken_from_freelist: 3167.
num_chunk_merges: 3.
num_chunk_splits: 2618.
num_chunks_enlarged: 2318.
num_inconsistent_stats: 0.

CodeHeap 'non-profiled nmethods': size=120000Kb used=8028Kb max_used=8028Kb free=111971Kb
 bounds [0x000001598dc30000, 0x000001598e410000, 0x0000015995160000]
CodeHeap 'profiled nmethods': size=120000Kb used=43733Kb max_used=43733Kb free=76266Kb
 bounds [0x0000015986160000, 0x0000015988c20000, 0x000001598d690000]
CodeHeap 'non-nmethods': size=5760Kb used=1410Kb max_used=1519Kb free=4349Kb
 bounds [0x000001598d690000, 0x000001598d900000, 0x000001598dc30000]
 total_blobs=14965 nmethods=14225 adapters=646
 compilation: enabled
              stopped_count=0, restarted_count=0
 full_count=0

Compilation events (20 events):
Event: 10.023 Thread 0x00000159a186d870 17178       2       org.jetbrains.kotlin.resolve.descriptorUtil.DescriptorUtilsKt$firstOverridden$2::result (5 bytes)
Event: 10.023 Thread 0x00000159a186d870 nmethod 17178 0x0000015988bfd210 code [0x0000015988bfd3a0, 0x0000015988bfd518]
Event: 10.023 Thread 0x00000159a186d870 17179       2       org.jetbrains.kotlin.resolve.descriptorUtil.DescriptorUtilsKt$firstOverridden$2::result (11 bytes)
Event: 10.023 Thread 0x00000159a186d870 nmethod 17179 0x0000015988bfd610 code [0x0000015988bfd7a0, 0x0000015988bfd918]
Event: 10.023 Thread 0x00000159a186d870 17180       2       org.jetbrains.kotlin.resolve.descriptorUtil.DescriptorUtilsKt::firstOverridden (53 bytes)
Event: 10.023 Thread 0x00000159a186d870 nmethod 17180 0x0000015988bfda10 code [0x0000015988bfdc80, 0x0000015988bfe408]
Event: 10.024 Thread 0x00000159a186d870 17181       1       org.jetbrains.kotlin.codegen.optimization.fixStack.DecompiledTryDescriptor::getTryStartLabel (5 bytes)
Event: 10.024 Thread 0x00000159a186d870 nmethod 17181 0x000001598e404c90 code [0x000001598e404e20, 0x000001598e404ef8]
Event: 10.026 Thread 0x00000159a186d870 17182       2       org.jetbrains.kotlin.codegen.coroutines.UninitializedStoresProcessor$UninitializedNewValueMarkerInterpreter::checkUninitializedObjectCopy (95 bytes)
Event: 10.026 Thread 0x00000159a186d870 nmethod 17182 0x0000015988bfe810 code [0x0000015988bfeae0, 0x0000015988bff308]
Event: 10.027 Thread 0x00000159a186d870 17183 %     3       org.jetbrains.kotlin.codegen.optimization.common.BackwardAnalysisKt::analyze @ 221 (356 bytes)
Event: 10.030 Thread 0x00000159a86cd910 nmethod 17149 0x000001598e404f90 code [0x000001598e405220, 0x000001598e4065a8]
Event: 10.030 Thread 0x00000159a86cd910 16977       4       org.jetbrains.kotlin.codegen.optimization.boxing.BoxingInterpreterKt::isPrimitiveBoxing (91 bytes)
Event: 10.030 Thread 0x00000159a186d870 nmethod 17183% 0x0000015988bff890 code [0x0000015988c00320, 0x0000015988c06a28]
Event: 10.031 Thread 0x00000159a186d870 17185       3       org.jetbrains.kotlin.codegen.optimization.common.BackwardAnalysisKt::analyze (356 bytes)
Event: 10.034 Thread 0x00000159a186d870 nmethod 17185 0x0000015988c09210 code [0x0000015988c09d20, 0x0000015988c109e8]
Event: 10.034 Thread 0x00000159a186d870 17186 %     3       org.jetbrains.kotlin.codegen.coroutines.CoroutineTransformerMethodVisitorKt::extendRecordIfPossible @ 117 (218 bytes)
Event: 10.035 Thread 0x00000159a186d870 nmethod 17186% 0x0000015988c13410 code [0x0000015988c13840, 0x0000015988c15ea8]
Event: 10.035 Thread 0x00000159a186d870 17188 %     3       org.jetbrains.kotlin.codegen.optimization.RedundantCheckCastEliminationMethodTransformer::getTypeAdjustmentForALoadInstructions @ 93 (194 bytes)
Event: 10.036 Thread 0x00000159a186d870 nmethod 17188% 0x0000015988c16a90 code [0x0000015988c16e00, 0x0000015988c188a8]

GC Heap History (20 events):
Event: 3.357 GC heap after
{Heap after GC invocations=16 (full 0):
 garbage-first heap   total 106496K, used 50451K [0x0000000701400000, 0x0000000800000000)
  region size 2048K, 1 young (2048K), 1 survivors (2048K)
 Metaspace       used 54352K, committed 54592K, reserved 1114112K
  class space    used 6380K, committed 6464K, reserved 1048576K
}
Event: 3.559 GC heap before
{Heap before GC invocations=16 (full 0):
 garbage-first heap   total 106496K, used 79123K [0x0000000701400000, 0x0000000800000000)
  region size 2048K, 15 young (30720K), 1 survivors (2048K)
 Metaspace       used 55796K, committed 56064K, reserved 1114112K
  class space    used 6566K, committed 6656K, reserved 1048576K
}
Event: 3.563 GC heap after
{Heap after GC invocations=17 (full 0):
 garbage-first heap   total 188416K, used 50586K [0x0000000701400000, 0x0000000800000000)
  region size 2048K, 1 young (2048K), 1 survivors (2048K)
 Metaspace       used 55796K, committed 56064K, reserved 1114112K
  class space    used 6566K, committed 6656K, reserved 1048576K
}
Event: 5.562 GC heap before
{Heap before GC invocations=18 (full 0):
 garbage-first heap   total 184320K, used 140698K [0x0000000701400000, 0x0000000800000000)
  region size 2048K, 45 young (92160K), 1 survivors (2048K)
 Metaspace       used 61719K, committed 61952K, reserved 1114112K
  class space    used 7007K, committed 7104K, reserved 1048576K
}
Event: 5.573 GC heap after
{Heap after GC invocations=19 (full 0):
 garbage-first heap   total 184320K, used 61099K [0x0000000701400000, 0x0000000800000000)
  region size 2048K, 6 young (12288K), 6 survivors (12288K)
 Metaspace       used 61719K, committed 61952K, reserved 1114112K
  class space    used 7007K, committed 7104K, reserved 1048576K
}
Event: 6.797 GC heap before
{Heap before GC invocations=19 (full 0):
 garbage-first heap   total 184320K, used 132779K [0x0000000701400000, 0x0000000800000000)
  region size 2048K, 40 young (81920K), 6 survivors (12288K)
 Metaspace       used 64301K, committed 64640K, reserved 1114112K
  class space    used 7242K, committed 7424K, reserved 1048576K
}
Event: 6.808 GC heap after
{Heap after GC invocations=20 (full 0):
 garbage-first heap   total 184320K, used 68856K [0x0000000701400000, 0x0000000800000000)
  region size 2048K, 3 young (6144K), 3 survivors (6144K)
 Metaspace       used 64301K, committed 64640K, reserved 1114112K
  class space    used 7242K, committed 7424K, reserved 1048576K
}
Event: 7.564 GC heap before
{Heap before GC invocations=20 (full 0):
 garbage-first heap   total 184320K, used 138488K [0x0000000701400000, 0x0000000800000000)
  region size 2048K, 37 young (75776K), 3 survivors (6144K)
 Metaspace       used 70495K, committed 70848K, reserved 1114112K
  class space    used 7816K, committed 8000K, reserved 1048576K
}
Event: 7.576 GC heap after
{Heap after GC invocations=21 (full 0):
 garbage-first heap   total 184320K, used 77739K [0x0000000701400000, 0x0000000800000000)
  region size 2048K, 5 young (10240K), 5 survivors (10240K)
 Metaspace       used 70495K, committed 70848K, reserved 1114112K
  class space    used 7816K, committed 8000K, reserved 1048576K
}
Event: 8.266 GC heap before
{Heap before GC invocations=21 (full 0):
 garbage-first heap   total 184320K, used 141227K [0x0000000701400000, 0x0000000800000000)
  region size 2048K, 36 young (73728K), 5 survivors (10240K)
 Metaspace       used 79791K, committed 80128K, reserved 1179648K
  class space    used 8786K, committed 8960K, reserved 1048576K
}
Event: 8.278 GC heap after
{Heap after GC invocations=22 (full 0):
 garbage-first heap   total 184320K, used 85008K [0x0000000701400000, 0x0000000800000000)
  region size 2048K, 4 young (8192K), 4 survivors (8192K)
 Metaspace       used 79791K, committed 80128K, reserved 1179648K
  class space    used 8786K, committed 8960K, reserved 1048576K
}
Event: 8.731 GC heap before
{Heap before GC invocations=22 (full 0):
 garbage-first heap   total 184320K, used 142352K [0x0000000701400000, 0x0000000800000000)
  region size 2048K, 32 young (65536K), 4 survivors (8192K)
 Metaspace       used 81575K, committed 81856K, reserved 1179648K
  class space    used 8910K, committed 9024K, reserved 1048576K
}
Event: 8.738 GC heap after
{Heap after GC invocations=23 (full 0):
 garbage-first heap   total 184320K, used 87075K [0x0000000701400000, 0x0000000800000000)
  region size 2048K, 2 young (4096K), 2 survivors (4096K)
 Metaspace       used 81575K, committed 81856K, reserved 1179648K
  class space    used 8910K, committed 9024K, reserved 1048576K
}
Event: 8.964 GC heap before
{Heap before GC invocations=23 (full 0):
 garbage-first heap   total 184320K, used 144419K [0x0000000701400000, 0x0000000800000000)
  region size 2048K, 30 young (61440K), 2 survivors (4096K)
 Metaspace       used 82042K, committed 82304K, reserved 1179648K
  class space    used 8923K, committed 9024K, reserved 1048576K
}
Event: 8.968 GC heap after
{Heap after GC invocations=24 (full 0):
 garbage-first heap   total 184320K, used 88003K [0x0000000701400000, 0x0000000800000000)
  region size 2048K, 2 young (4096K), 2 survivors (4096K)
 Metaspace       used 82042K, committed 82304K, reserved 1179648K
  class space    used 8923K, committed 9024K, reserved 1048576K
}
Event: 9.707 GC heap before
{Heap before GC invocations=25 (full 0):
 garbage-first heap   total 184320K, used 145347K [0x0000000701400000, 0x0000000800000000)
  region size 2048K, 31 young (63488K), 2 survivors (4096K)
 Metaspace       used 87440K, committed 87680K, reserved 1179648K
  class space    used 9335K, committed 9472K, reserved 1048576K
}
Event: 9.712 GC heap after
{Heap after GC invocations=26 (full 0):
 garbage-first heap   total 184320K, used 88774K [0x0000000701400000, 0x0000000800000000)
  region size 2048K, 3 young (6144K), 3 survivors (6144K)
 Metaspace       used 87440K, committed 87680K, reserved 1179648K
  class space    used 9335K, committed 9472K, reserved 1048576K
}
Event: 9.723 GC heap before
{Heap before GC invocations=26 (full 0):
 garbage-first heap   total 184320K, used 90822K [0x0000000701400000, 0x0000000800000000)
  region size 2048K, 4 young (8192K), 3 survivors (6144K)
 Metaspace       used 87447K, committed 87744K, reserved 1179648K
  class space    used 9335K, committed 9472K, reserved 1048576K
}
Event: 9.732 GC heap after
{Heap after GC invocations=27 (full 0):
 garbage-first heap   total 184320K, used 86521K [0x0000000701400000, 0x0000000800000000)
  region size 2048K, 1 young (2048K), 1 survivors (2048K)
 Metaspace       used 87447K, committed 87744K, reserved 1179648K
  class space    used 9335K, committed 9472K, reserved 1048576K
}
Event: 10.040 GC heap before
{Heap before GC invocations=27 (full 0):
 garbage-first heap   total 184320K, used 150009K [0x0000000701400000, 0x0000000800000000)
  region size 2048K, 32 young (65536K), 1 survivors (2048K)
 Metaspace       used 87928K, committed 88192K, reserved 1179648K
  class space    used 9355K, committed 9472K, reserved 1048576K
}

Dll operation events (2 events):
Event: 0.003 Loaded shared library C:\Program Files\Android\Android Studio\jbr\bin\java.dll
Event: 1.118 Loaded shared library C:\Program Files\Android\Android Studio\jbr\bin\verify.dll

Deoptimization events (20 events):
Event: 9.906 Thread 0x0000015982c9b170 Uncommon trap: trap_request=0xffffff45 fr.pc=0x000001598e3b6470 relative=0x00000000000001d0
Event: 9.906 Thread 0x0000015982c9b170 Uncommon trap: reason=unstable_if action=reinterpret pc=0x000001598e3b6470 method=gnu.trove.THash.postInsertHook(Z)V @ 49 c2
Event: 9.906 Thread 0x0000015982c9b170 DEOPT PACKING pc=0x000001598e3b6470 sp=0x00000025332fc9e0
Event: 9.906 Thread 0x0000015982c9b170 DEOPT UNPACKING pc=0x000001598d6e69a3 sp=0x00000025332fc980 mode 2
Event: 9.910 Thread 0x0000015982c9b170 Uncommon trap: trap_request=0xffffffc6 fr.pc=0x000001598e0f81e8 relative=0x0000000000001228
Event: 9.910 Thread 0x0000015982c9b170 Uncommon trap: reason=bimorphic_or_optimized_type_check action=maybe_recompile pc=0x000001598e0f81e8 method=org.jetbrains.kotlin.codegen.optimization.common.FastMethodAnalyzer.mergeControlFlowEdge(ILorg/jetbrains/org/objectweb/asm/tree/analysis/Frame;Z)V 
Event: 9.910 Thread 0x0000015982c9b170 DEOPT PACKING pc=0x000001598e0f81e8 sp=0x00000025332f9390
Event: 9.910 Thread 0x0000015982c9b170 DEOPT UNPACKING pc=0x000001598d6e69a3 sp=0x00000025332f9320 mode 2
Event: 9.919 Thread 0x0000015982c9b170 Uncommon trap: trap_request=0xffffffc6 fr.pc=0x000001598e0f81e8 relative=0x0000000000001228
Event: 9.919 Thread 0x0000015982c9b170 Uncommon trap: reason=bimorphic_or_optimized_type_check action=maybe_recompile pc=0x000001598e0f81e8 method=org.jetbrains.kotlin.codegen.optimization.common.FastMethodAnalyzer.mergeControlFlowEdge(ILorg/jetbrains/org/objectweb/asm/tree/analysis/Frame;Z)V 
Event: 9.919 Thread 0x0000015982c9b170 DEOPT PACKING pc=0x000001598e0f81e8 sp=0x00000025332fadf0
Event: 9.919 Thread 0x0000015982c9b170 DEOPT UNPACKING pc=0x000001598d6e69a3 sp=0x00000025332fad80 mode 2
Event: 10.018 Thread 0x0000015982c9b170 Uncommon trap: trap_request=0xffffffde fr.pc=0x000001598e15380c relative=0x00000000000000ec
Event: 10.018 Thread 0x0000015982c9b170 Uncommon trap: reason=class_check action=maybe_recompile pc=0x000001598e15380c method=org.jetbrains.kotlin.types.model.TypeSystemContext.isFlexible(Lorg/jetbrains/kotlin/types/model/KotlinTypeMarker;)Z @ 8 c2
Event: 10.018 Thread 0x0000015982c9b170 DEOPT PACKING pc=0x000001598e15380c sp=0x00000025332faf00
Event: 10.018 Thread 0x0000015982c9b170 DEOPT UNPACKING pc=0x000001598d6e69a3 sp=0x00000025332fae98 mode 2
Event: 10.022 Thread 0x0000015982c9b170 Uncommon trap: trap_request=0xffffffde fr.pc=0x000001598e15380c relative=0x00000000000000ec
Event: 10.022 Thread 0x0000015982c9b170 Uncommon trap: reason=class_check action=maybe_recompile pc=0x000001598e15380c method=org.jetbrains.kotlin.types.model.TypeSystemContext.isFlexible(Lorg/jetbrains/kotlin/types/model/KotlinTypeMarker;)Z @ 8 c2
Event: 10.022 Thread 0x0000015982c9b170 DEOPT PACKING pc=0x000001598e15380c sp=0x00000025332faf00
Event: 10.022 Thread 0x0000015982c9b170 DEOPT UNPACKING pc=0x000001598d6e69a3 sp=0x00000025332fae98 mode 2

Classes unloaded (0 events):
No events

Classes redefined (0 events):
No events

Internal exceptions (20 events):
Event: 3.641 Thread 0x0000015982c9b170 Implicit null exception at 0x000001598dd34320 to 0x000001598dd34418
Event: 3.646 Thread 0x0000015982c9b170 Implicit null exception at 0x000001598dee8267 to 0x000001598dee9aa0
Event: 3.647 Thread 0x0000015982c9b170 Implicit null exception at 0x000001598dc95de0 to 0x000001598dc95e7a
Event: 3.934 Thread 0x0000015982c9b170 Exception <a 'java/lang/NoSuchMethodError'{0x000000070b048f68}: 'java.lang.Object java.lang.invoke.DirectMethodHandle$Holder.invokeStatic(java.lang.Object, int, java.lang.Object)'> (0x000000070b048f68) 
thrown [s\src\hotspot\share\interpreter\linkResolver.cpp, line 771]
Event: 3.953 Thread 0x0000015982c9b170 Exception <a 'java/lang/NoSuchMethodError'{0x000000070b1423d0}: 'java.lang.Object java.lang.invoke.DirectMethodHandle$Holder.invokeInterface(java.lang.Object, java.lang.Object, java.lang.Object)'> (0x000000070b1423d0) 
thrown [s\src\hotspot\share\interpreter\linkResolver.cpp, line 771]
Event: 3.953 Thread 0x0000015982c9b170 Exception <a 'java/lang/IncompatibleClassChangeError'{0x000000070b145d40}: Found class java.lang.Object, but interface was expected> (0x000000070b145d40) 
thrown [s\src\hotspot\share\interpreter\linkResolver.cpp, line 838]
Event: 4.005 Thread 0x0000015982c9b170 Exception <a 'java/lang/NoSuchMethodError'{0x000000070ac6d068}: 'java.lang.Object java.lang.invoke.DirectMethodHandle$Holder.newInvokeSpecial(java.lang.Object, java.lang.Object, java.lang.Object, java.lang.Object, java.lang.Object, java.lang.Object, java.lang.Object)'> (0x000000070ac6d068) 
thrown [s\src\hotspot\share\interpreter\linkResolver.cpp, line 771]
Event: 4.005 Thread 0x0000015982c9b170 Exception <a 'java/lang/NoSuchMethodError'{0x000000070ac717e8}: 'java.lang.Object java.lang.invoke.Invokers$Holder.linkToTargetMethod(java.lang.Object, java.lang.Object, java.lang.Object, java.lang.Object, java.lang.Object, java.lang.Object, java.lang.Object)'> (0x000000070ac717e8) 
thrown [s\src\hotspot\share\interpreter\linkResolver.cpp, line 771]
Event: 4.133 Thread 0x0000015982c9b170 Implicit null exception at 0x000001598def1e40 to 0x000001598def266c
Event: 4.537 Thread 0x0000015982c9b170 Exception <a 'java/lang/NoSuchMethodError'{0x000000070900b2a8}: 'java.lang.Object java.lang.invoke.DirectMethodHandle$Holder.newInvokeSpecial(java.lang.Object, int, java.lang.Object, java.lang.Object)'> (0x000000070900b2a8) 
thrown [s\src\hotspot\share\interpreter\linkResolver.cpp, line 771]
Event: 5.834 Thread 0x0000015982c9b170 Implicit null exception at 0x000001598dee8e68 to 0x000001598dee94aa
Event: 6.117 Thread 0x0000015982c9b170 Implicit null exception at 0x000001598deb52b0 to 0x000001598deb67c0
Event: 6.553 Thread 0x0000015982c9b170 Implicit null exception at 0x000001598dccf194 to 0x000001598dccf3d0
Event: 6.679 Thread 0x0000015982c9b170 Implicit null exception at 0x000001598e1a50d7 to 0x000001598e1a5428
Event: 6.680 Thread 0x0000015982c9b170 Implicit null exception at 0x000001598e074de0 to 0x000001598e075108
Event: 6.777 Thread 0x0000015982c9b170 Exception <a 'java/lang/NoSuchMethodError'{0x0000000708469f08}: 'java.lang.Object java.lang.invoke.DirectMethodHandle$Holder.invokeStaticInit(java.lang.Object, java.lang.Object, java.lang.Object, java.lang.Object)'> (0x0000000708469f08) 
thrown [s\src\hotspot\share\interpreter\linkResolver.cpp, line 771]
Event: 6.932 Thread 0x0000015982c9b170 Exception <a 'java/lang/NoSuchMethodError'{0x000000070bb0ba58}: 'java.lang.Object java.lang.invoke.DirectMethodHandle$Holder.newInvokeSpecial(java.lang.Object, java.lang.Object, java.lang.Object, int, int)'> (0x000000070bb0ba58) 
thrown [s\src\hotspot\share\interpreter\linkResolver.cpp, line 771]
Event: 6.932 Thread 0x0000015982c9b170 Exception <a 'java/lang/NoSuchMethodError'{0x000000070bb0f898}: 'java.lang.Object java.lang.invoke.DirectMethodHandle$Holder.invokeSpecial(java.lang.Object, java.lang.Object, java.lang.Object, java.lang.Object, int, int)'> (0x000000070bb0f898) 
thrown [s\src\hotspot\share\interpreter\linkResolver.cpp, line 771]
Event: 6.950 Thread 0x0000015982c9b170 Exception <a 'java/lang/NoSuchMethodError'{0x000000070b876d60}: 'java.lang.Object java.lang.invoke.Invokers$Holder.linkToTargetMethod(java.lang.Object, java.lang.Object, int, int, java.lang.Object, java.lang.Object, java.lang.Object, java.lang.Object, java.lang.Object)'> (0x000000070b876d60) 
thrown [s\src\hotspot\share\interpreter\linkResolver.cpp, line 771]
Event: 6.960 Thread 0x0000015982c9b170 Implicit null exception at 0x000001598dc9a6a0 to 0x000001598dc9a944

VM Operations (20 events):
Event: 9.353 Executing VM operation: HandshakeAllThreads done
Event: 9.387 Executing VM operation: ICBufferFull
Event: 9.387 Executing VM operation: ICBufferFull done
Event: 9.397 Executing VM operation: HandshakeAllThreads
Event: 9.397 Executing VM operation: HandshakeAllThreads done
Event: 9.456 Executing VM operation: ICBufferFull
Event: 9.456 Executing VM operation: ICBufferFull done
Event: 9.543 Executing VM operation: ICBufferFull
Event: 9.543 Executing VM operation: ICBufferFull done
Event: 9.639 Executing VM operation: ICBufferFull
Event: 9.639 Executing VM operation: ICBufferFull done
Event: 9.706 Executing VM operation: G1CollectForAllocation
Event: 9.712 Executing VM operation: G1CollectForAllocation done
Event: 9.723 Executing VM operation: G1CollectForAllocation
Event: 9.732 Executing VM operation: G1CollectForAllocation done
Event: 9.846 Executing VM operation: ICBufferFull
Event: 9.846 Executing VM operation: ICBufferFull done
Event: 9.983 Executing VM operation: ICBufferFull
Event: 9.984 Executing VM operation: ICBufferFull done
Event: 10.040 Executing VM operation: G1CollectForAllocation

Events (20 events):
Event: 9.417 Thread 0x00000159a1870270 flushing nmethod 0x0000015988519190
Event: 9.418 Thread 0x00000159a1870270 flushing nmethod 0x0000015988811b90
Event: 9.418 Thread 0x00000159a1870270 flushing nmethod 0x0000015988847690
Event: 9.418 Thread 0x00000159a1870270 flushing nmethod 0x0000015988848b90
Event: 9.418 Thread 0x00000159a1870270 flushing nmethod 0x0000015988848f10
Event: 9.418 Thread 0x00000159a1870270 flushing nmethod 0x0000015988860510
Event: 9.418 Thread 0x00000159a1870270 flushing nmethod 0x0000015988860c10
Event: 9.418 Thread 0x00000159a1870270 flushing nmethod 0x0000015988862e90
Event: 9.418 Thread 0x00000159a1870270 flushing nmethod 0x0000015988887c10
Event: 9.418 Thread 0x00000159a1870270 flushing nmethod 0x000001598889b010
Event: 9.418 Thread 0x00000159a1870270 flushing nmethod 0x000001598889b610
Event: 9.418 Thread 0x00000159a1870270 flushing nmethod 0x000001598889e210
Event: 9.418 Thread 0x00000159a1870270 flushing nmethod 0x00000159888a1790
Event: 9.418 Thread 0x00000159a1870270 flushing nmethod 0x00000159888d4c90
Event: 9.418 Thread 0x00000159a1870270 flushing nmethod 0x00000159888ec410
Event: 9.418 Thread 0x00000159a1870270 flushing nmethod 0x0000015988911910
Event: 9.418 Thread 0x00000159a1870270 flushing nmethod 0x0000015988919990
Event: 9.418 Thread 0x00000159a1870270 flushing nmethod 0x0000015988928390
Event: 9.493 loading class java/util/regex/Pattern$Dollar
Event: 9.493 loading class java/util/regex/Pattern$Dollar done


Dynamic libraries:
0x00007ff632db0000 - 0x00007ff632dba000 	C:\Program Files\Android\Android Studio\jbr\bin\java.exe
0x00007fffb5da0000 - 0x00007fffb5f8e000 	C:\Windows\SYSTEM32\ntdll.dll
0x00007fffb5bb0000 - 0x00007fffb5c63000 	C:\Windows\System32\KERNEL32.DLL
0x00007fffb2c70000 - 0x00007fffb2f0d000 	C:\Windows\System32\KERNELBASE.dll
0x00007fffb1df0000 - 0x00007fffb1eea000 	C:\Windows\System32\ucrtbase.dll
0x00007fff9bcd0000 - 0x00007fff9bceb000 	C:\Program Files\Android\Android Studio\jbr\bin\VCRUNTIME140.dll
0x00007fffab090000 - 0x00007fffab0a7000 	C:\Program Files\Android\Android Studio\jbr\bin\jli.dll
0x00007fffb3030000 - 0x00007fffb31c7000 	C:\Windows\System32\USER32.dll
0x00007fff9cb60000 - 0x00007fff9cdd9000 	C:\Windows\WinSxS\amd64_microsoft.windows.common-controls_6595b64144ccf1df_6.0.17763.5458_none_de7234b4534a7f0e\COMCTL32.dll
0x00007fffb2300000 - 0x00007fffb2320000 	C:\Windows\System32\win32u.dll
0x00007fffb2f90000 - 0x00007fffb302e000 	C:\Windows\System32\msvcrt.dll
0x00007fffb44f0000 - 0x00007fffb4519000 	C:\Windows\System32\GDI32.dll
0x00007fffb36a0000 - 0x00007fffb39cb000 	C:\Windows\System32\combase.dll
0x00007fffb1f10000 - 0x00007fffb20ba000 	C:\Windows\System32\gdi32full.dll
0x00007fffb3520000 - 0x00007fffb363d000 	C:\Windows\System32\RPCRT4.dll
0x00007fffb2260000 - 0x00007fffb2300000 	C:\Windows\System32\msvcp_win.dll
0x00007fffb20c0000 - 0x00007fffb2142000 	C:\Windows\System32\bcryptPrimitives.dll
0x00007fffb3a80000 - 0x00007fffb3aae000 	C:\Windows\System32\IMM32.DLL
0x00007fff9bcc0000 - 0x00007fff9bccc000 	C:\Program Files\Android\Android Studio\jbr\bin\vcruntime140_1.dll
0x00007fff9bc30000 - 0x00007fff9bcbd000 	C:\Program Files\Android\Android Studio\jbr\bin\msvcp140.dll
0x00007fff775e0000 - 0x00007fff78260000 	C:\Program Files\Android\Android Studio\jbr\bin\server\jvm.dll
0x00007fffb4600000 - 0x00007fffb46a8000 	C:\Windows\System32\ADVAPI32.dll
0x00007fffb39d0000 - 0x00007fffb3a72000 	C:\Windows\System32\sechost.dll
0x00007fffb2f10000 - 0x00007fffb2f36000 	C:\Windows\System32\bcrypt.dll
0x00007fffaa7c0000 - 0x00007fffaa7ca000 	C:\Windows\SYSTEM32\VERSION.dll
0x00007fffafee0000 - 0x00007fffafee9000 	C:\Windows\SYSTEM32\WSOCK32.dll
0x00007fffafde0000 - 0x00007fffafe04000 	C:\Windows\SYSTEM32\WINMM.dll
0x00000159823e0000 - 0x000001598244d000 	C:\Windows\System32\ws2_32.DLL
0x00007fffafdb0000 - 0x00007fffafddd000 	C:\Windows\SYSTEM32\winmmbase.dll
0x00007fffb2f40000 - 0x00007fffb2f8a000 	C:\Windows\System32\cfgmgr32.dll
0x00007fffb1d80000 - 0x00007fffb1d91000 	C:\Windows\System32\kernel.appcore.dll
0x00007fffafa20000 - 0x00007fffafa2a000 	C:\Program Files\Android\Android Studio\jbr\bin\jimage.dll
0x00007fff9c860000 - 0x00007fff9ca4d000 	C:\Windows\SYSTEM32\DBGHELP.DLL
0x00007fff9c6c0000 - 0x00007fff9c6ea000 	C:\Windows\SYSTEM32\dbgcore.DLL
0x00007fffab0b0000 - 0x00007fffab0d5000 	C:\Program Files\Android\Android Studio\jbr\bin\java.dll
0x00007fffab070000 - 0x00007fffab088000 	C:\Program Files\Android\Android Studio\jbr\bin\zip.dll
0x00007fffb46b0000 - 0x00007fffb5ba8000 	C:\Windows\System32\SHELL32.dll
0x00007fffb42b0000 - 0x00007fffb4357000 	C:\Windows\System32\shcore.dll
0x00007fffb2320000 - 0x00007fffb2a67000 	C:\Windows\System32\windows.storage.dll
0x00007fffb1da0000 - 0x00007fffb1dc3000 	C:\Windows\System32\profapi.dll
0x00007fffb1d20000 - 0x00007fffb1d7d000 	C:\Windows\System32\powrprof.dll
0x00007fffb31d0000 - 0x00007fffb3222000 	C:\Windows\System32\shlwapi.dll
0x00007fffb1ef0000 - 0x00007fffb1f0b000 	C:\Windows\System32\cryptsp.dll
0x00007fffab050000 - 0x00007fffab069000 	C:\Program Files\Android\Android Studio\jbr\bin\net.dll
0x00007fffab3a0000 - 0x00007fffab49d000 	C:\Windows\SYSTEM32\WINHTTP.dll
0x00007fffb1510000 - 0x00007fffb1577000 	C:\Windows\system32\mswsock.dll
0x00007fffab030000 - 0x00007fffab046000 	C:\Program Files\Android\Android Studio\jbr\bin\nio.dll
0x00007fffab000000 - 0x00007fffab010000 	C:\Program Files\Android\Android Studio\jbr\bin\verify.dll

dbghelp: loaded successfully - version: 4.0.5 - missing functions: none
symbol engine: initialized successfully - sym options: 0x614 - pdb path: .;C:\Program Files\Android\Android Studio\jbr\bin;C:\Windows\SYSTEM32;C:\Windows\WinSxS\amd64_microsoft.windows.common-controls_6595b64144ccf1df_6.0.17763.5458_none_de7234b4534a7f0e;C:\Program Files\Android\Android Studio\jbr\bin\server

VM Arguments:
java_command: org.jetbrains.kotlin.cli.jvm.K2JVMCompiler @G:\SmartHousetryagain\app\build\20241123_10113172421602284803.compiler.options
java_class_path (initial): C:\UserProfiles\pr110valyshkov.OAT\.gradle\caches\modules-2\files-2.1\org.jetbrains.kotlin\kotlin-compiler-embeddable\1.9.0\2c8c3a7402becca891f12739b3e9fd2dc2adbd7a\kotlin-compiler-embeddable-1.9.0.jar;C:\UserProfiles\pr110valyshkov.OAT\.gradle\caches\modules-2\files-2.1\org.jetbrains.kotlin\kotlin-stdlib\1.9.0\8ee15ef0c67dc83d874f412d84378d7f0eb50b63\kotlin-stdlib-1.9.0.jar;C:\UserProfiles\pr110valyshkov.OAT\.gradle\caches\modules-2\files-2.1\org.jetbrains.kotlin\kotlin-script-runtime\1.9.0\4b3102cbbb7e1b58d9d1adf89563f00069ffa7d1\kotlin-script-runtime-1.9.0.jar;C:\UserProfiles\pr110valyshkov.OAT\.gradle\caches\modules-2\files-2.1\org.jetbrains.kotlin\kotlin-reflect\1.6.10\1cbe9c92c12a94eea200d23c2bbaedaf3daf5132\kotlin-reflect-1.6.10.jar;C:\UserProfiles\pr110valyshkov.OAT\.gradle\caches\modules-2\files-2.1\org.jetbrains.kotlin\kotlin-daemon-embeddable\1.9.0\186543f5e28cf8d9a0290fecc2cf34301c40a65c\kotlin-daemon-embeddable-1.9.0.jar;C:\UserProfiles\pr110valyshkov.OAT\.gradle\caches\modules-2\files-2.1\org.jetbrains.intellij.deps\trove4j\1.0.20200330\3afb14d5f9ceb459d724e907a21145e8ff394f02\trove4j-1.0.20200330.jar;C:\UserProfiles\pr110valyshkov.OAT\.gradle\caches\modules-2\files-2.1\org.jetbrains.kotlin\kotlin-stdlib-common\1.9.0\cd65c21cfd1eec4d44ef09f9f52b6d9f8a720636\kotlin-stdlib-common-1.9.0.jar;C:\UserProfiles\pr110valyshkov.OAT\.gradle\caches\modules-2\files-2.1\org.jetbrains\annotations\13.0\919f0dfe192fb4e063e7dacadee7f8bb9a2672a9\annotations-13.0.jar
Launcher Type: SUN_STANDARD

[Global flags]
     intx CICompilerCount                          = 4                                         {product} {ergonomic}
     uint ConcGCThreads                            = 2                                         {product} {ergonomic}
     uint G1ConcRefinementThreads                  = 8                                         {product} {ergonomic}
   size_t G1HeapRegionSize                         = 2097152                                   {product} {ergonomic}
    uintx GCDrainStackTargetSize                   = 64                                        {product} {ergonomic}
   size_t InitialHeapSize                          = 268435456                                 {product} {ergonomic}
   size_t MarkStackSize                            = 4194304                                   {product} {ergonomic}
   size_t MaxHeapSize                              = 4273995776                                {product} {ergonomic}
   size_t MaxNewSize                               = 2562719744                                {product} {ergonomic}
   size_t MinHeapDeltaBytes                        = 2097152                                   {product} {ergonomic}
   size_t MinHeapSize                              = 8388608                                   {product} {ergonomic}
    uintx NonNMethodCodeHeapSize                   = 5839372                                {pd product} {ergonomic}
    uintx NonProfiledCodeHeapSize                  = 122909434                              {pd product} {ergonomic}
    uintx ProfiledCodeHeapSize                     = 122909434                              {pd product} {ergonomic}
    uintx ReservedCodeCacheSize                    = 251658240                              {pd product} {ergonomic}
     bool SegmentedCodeCache                       = true                                      {product} {ergonomic}
   size_t SoftMaxHeapSize                          = 4273995776                             {manageable} {ergonomic}
     bool UseCompressedClassPointers               = true                           {product lp64_product} {ergonomic}
     bool UseCompressedOops                        = true                           {product lp64_product} {ergonomic}
     bool UseG1GC                                  = true                                      {product} {ergonomic}
     bool UseLargePagesIndividualAllocation        = false                                  {pd product} {ergonomic}

Logging:
Log output configuration:
 #0: stdout all=warning uptime,level,tags
 #1: stderr all=off uptime,level,tags

Environment Variables:
JAVA_HOME=C:\Program Files\Android\Jdk\microsoft_dist_openjdk_1.8.0.25
PATH=C:\Program Files\Python312\Scripts\;C:\Program Files\Python312\;C:\Program Files\Python311\Scripts\;C:\Program Files\Python311\;C:\Program Files (x86)\VMware\VMware Workstation\bin\;C:\Program Files (x86)\Common Files\Intel\Shared Libraries\redist\intel64\compiler;C:\Windows\system32;C:\Windows;C:\Windows\System32\Wbem;C:\Windows\System32\WindowsPowerShell\v1.0\;C:\Windows\System32\OpenSSH\;C:\Program Files\Common Files\Autodesk Shared\;C:\Program Files\Microsoft SQL Server\120\Tools\Binn\;C:\Program Files\dotnet\;C:\Program Files\Microsoft SQL Server\130\Tools\Binn\;C:\Program Files\Microsoft SQL Server\Client SDK\ODBC\170\Tools\Binn\;C:\Program Files (x86)\IncrediBuild;C:\Program Files (x86)\NVIDIA Corporation\PhysX\Common;C:\Program Files\Git\cmd;C:\Program Files\Microsoft VS Code\bin;C:\Program Files (x86)\Microsoft SQL Server\150\Tools\Binn\;C:\Program Files\Microsoft SQL Server\150\Tools\Binn\;C:\Program Files (x86)\Microsoft SQL Server\150\DTS\Binn\;C:\Program Files\Microsoft SQL Server\150\DTS\Binn\;C:\Program Files\Azure Data Studio\bin;C:\Program Files (x86)\Kaspersky Lab\KES.12.2.0\;C:\UserProfiles\pr110valyshkov.OAT\AppData\Local\Microsoft\WindowsApps;
USERNAME=pr110valyshkov
OS=Windows_NT
PROCESSOR_IDENTIFIER=Intel64 Family 6 Model 158 Stepping 13, GenuineIntel
TMP=C:\USERPR~1\pr110valyshkov.OAT\AppData\Local\Temp
TEMP=C:\USERPR~1\pr110valyshkov.OAT\AppData\Local\Temp


JNI global refs:
JNI global refs: 13, weak refs: 22

JNI global refs memory usage: 843, weak refs: 841

OOME stack traces (most recent first):
Classloader memory used:
Loader jdk.internal.loader.ClassLoaders$AppClassLoader                                 : 9405K
Loader bootstrap                                                                       : 1421K
Loader java.net.URLClassLoader                                                         : 142K
Loader jdk.internal.reflect.DelegatingClassLoader                                      : 22869B


---------------  S Y S T E M  ---------------

OS:
 Windows 10 , 64 bit Build 17763 (10.0.17763.4974)
OS uptime: 0 days 1:15 hours

CPU: total 8 (initial active 8) (8 cores per cpu, 1 threads per core) family 6 model 158 stepping 13 microcode 0xde, cx8, cmov, fxsr, mmx, 3dnowpref, sse, sse2, sse3, ssse3, sse4.1, sse4.2, popcnt, lzcnt, tsc, tscinvbit, avx, avx2, aes, erms, clmul, bmi1, bmi2, adx, fma, vzeroupper, clflush, clflushopt

Memory: 4k page, system-wide physical 16303M (2638M free)
TotalPageFile size 16303M (AvailPageFile size 83M)
current process WorkingSet (physical memory assigned to process): 448M, peak: 453M
current process commit charge ("private bytes"): 563M, peak: 672M

vm_info: OpenJDK 64-Bit Server VM (17.0.7+0-b2043.56-10550314) for windows-amd64 JRE (17.0.7+0-b2043.56-10550314), built on Jul 24 2023 18:27:45 by "androidbuild" with MS VC++ 16.10 / 16.11 (VS2019)

END.
