#
# There is insufficient memory for the Java Runtime Environment to continue.
# Native memory allocation (mmap) failed to map 85983232 bytes for G1 virtual space
# Possible reasons:
#   The system is out of physical RAM or swap space
#   The process is running with CompressedOops enabled, and the Java Heap may be blocking the growth of the native heap
# Possible solutions:
#   Reduce memory load on the system
#   Increase physical memory or swap space
#   Check if swap backing store is full
#   Decrease Java heap size (-Xmx/-Xms)
#   Decrease number of Java threads
#   Decrease Java thread stack sizes (-Xss)
#   Set larger code cache with -XX:ReservedCodeCacheSize=
#   JVM is running with Zero Based Compressed Oops mode in which the Java heap is
#     placed in the first 32GB address space. The Java Heap base address is the
#     maximum limit for the native heap growth. Please use -XX:HeapBaseMinAddress
#     to set the Java Heap base and to place the Java Heap above 32GB virtual address.
# This output file may be truncated or incomplete.
#
#  Out of Memory Error (os_windows.cpp:3771), pid=6516, tid=6448
#
# JRE version: OpenJDK Runtime Environment (17.0.7) (build 17.0.7+0-b2043.56-10550314)
# Java VM: OpenJDK 64-Bit Server VM (17.0.7+0-b2043.56-10550314, mixed mode, tiered, compressed oops, compressed class ptrs, g1 gc, windows-amd64)
# No core dump will be written. Minidumps are not enabled by default on client versions of Windows
#

---------------  S U M M A R Y ------------

Command Line: org.jetbrains.kotlin.cli.jvm.K2JVMCompiler @G:\SmartHousetryagain\app\build\20241123_17882883879012877170.compiler.options

Host: Intel(R) Core(TM) i7-9700F CPU @ 3.00GHz, 8 cores, 15G,  Windows 10 , 64 bit Build 17763 (10.0.17763.4974)
Time: Sat Nov 23 09:27:56 2024 ќмское стандартное врем€ elapsed time: 2.990053 seconds (0d 0h 0m 2s)

---------------  T H R E A D  ---------------

Current thread (0x000001cf77c67110):  VMThread "VM Thread" [stack: 0x000000466fe00000,0x000000466ff00000] [id=6448]

Stack: [0x000000466fe00000,0x000000466ff00000]
Native frames: (J=compiled Java code, j=interpreted, Vv=VM code, C=native code)
V  [jvm.dll+0x683bfa]
V  [jvm.dll+0x8430a4]
V  [jvm.dll+0x8449be]
V  [jvm.dll+0x845023]
V  [jvm.dll+0x24ad2f]
V  [jvm.dll+0x680ac9]
V  [jvm.dll+0x67519a]
V  [jvm.dll+0x30b3cb]
V  [jvm.dll+0x312876]
V  [jvm.dll+0x36221e]
V  [jvm.dll+0x36244f]
V  [jvm.dll+0x2e14a8]
V  [jvm.dll+0x2df684]
V  [jvm.dll+0x2dec8c]
V  [jvm.dll+0x32382b]
V  [jvm.dll+0x8496eb]
V  [jvm.dll+0x84a424]
V  [jvm.dll+0x84a93d]
V  [jvm.dll+0x84ad14]
V  [jvm.dll+0x84ade0]
V  [jvm.dll+0x7f2aea]
V  [jvm.dll+0x682a35]
C  [ucrtbase.dll+0x2268a]
C  [KERNEL32.DLL+0x17ac4]
C  [ntdll.dll+0x5a4e1]

VM_Operation (0x000000466f8fe370): G1CollectForAllocation, mode: safepoint, requested by thread 0x000001cf598eb3d0


---------------  P R O C E S S  ---------------

Threads class SMR info:
_java_thread_list=0x000001cf7dad7850, length=14, elements={
0x000001cf598eb3d0, 0x000001cf77c6a6e0, 0x000001cf77c6b690, 0x000001cf78387000,
0x000001cf78388d20, 0x000001cf783ac0d0, 0x000001cf7839fd10, 0x000001cf783a0aa0,
0x000001cf783a1540, 0x000001cf783a5430, 0x000001cf7851e620, 0x000001cf78526b00,
0x000001cf78574ea0, 0x000001cf7eceac10
}

Java Threads: ( => current thread )
  0x000001cf598eb3d0 JavaThread "main" [_thread_blocked, id=2940, stack(0x000000466f800000,0x000000466f900000)]
  0x000001cf77c6a6e0 JavaThread "Reference Handler" daemon [_thread_blocked, id=9032, stack(0x000000466ff00000,0x0000004670000000)]
  0x000001cf77c6b690 JavaThread "Finalizer" daemon [_thread_blocked, id=5344, stack(0x0000004670000000,0x0000004670100000)]
  0x000001cf78387000 JavaThread "Signal Dispatcher" daemon [_thread_blocked, id=14328, stack(0x0000004670100000,0x0000004670200000)]
  0x000001cf78388d20 JavaThread "Attach Listener" daemon [_thread_blocked, id=7416, stack(0x0000004670200000,0x0000004670300000)]
  0x000001cf783ac0d0 JavaThread "Service Thread" daemon [_thread_blocked, id=7372, stack(0x0000004670300000,0x0000004670400000)]
  0x000001cf7839fd10 JavaThread "Monitor Deflation Thread" daemon [_thread_blocked, id=13960, stack(0x0000004670400000,0x0000004670500000)]
  0x000001cf783a0aa0 JavaThread "C2 CompilerThread0" daemon [_thread_blocked, id=5260, stack(0x0000004670500000,0x0000004670600000)]
  0x000001cf783a1540 JavaThread "C1 CompilerThread0" daemon [_thread_blocked, id=7064, stack(0x0000004670600000,0x0000004670700000)]
  0x000001cf783a5430 JavaThread "Sweeper thread" daemon [_thread_blocked, id=4168, stack(0x0000004670700000,0x0000004670800000)]
  0x000001cf7851e620 JavaThread "Notification Thread" daemon [_thread_blocked, id=14292, stack(0x0000004670800000,0x0000004670900000)]
  0x000001cf78526b00 JavaThread "Common-Cleaner" daemon [_thread_blocked, id=12488, stack(0x0000004670a00000,0x0000004670b00000)]
  0x000001cf78574ea0 JavaThread "C2 CompilerThread1" daemon [_thread_blocked, id=9416, stack(0x0000004670b00000,0x0000004670c00000)]
  0x000001cf7eceac10 JavaThread "C2 CompilerThread2" daemon [_thread_blocked, id=4660, stack(0x0000004671400000,0x0000004671500000)]

Other Threads:
=>0x000001cf77c67110 VMThread "VM Thread" [stack: 0x000000466fe00000,0x000000466ff00000] [id=6448]
  0x000001cf5996e710 WatcherThread [stack: 0x0000004670900000,0x0000004670a00000] [id=9284]
  0x000001cf59956a90 GCTaskThread "GC Thread#0" [stack: 0x000000466f900000,0x000000466fa00000] [id=6368]
  0x000001cf7d381d90 GCTaskThread "GC Thread#1" [stack: 0x0000004670c00000,0x0000004670d00000] [id=12900]
  0x000001cf7d382040 GCTaskThread "GC Thread#2" [stack: 0x0000004670d00000,0x0000004670e00000] [id=1536]
  0x000001cf7d33f910 GCTaskThread "GC Thread#3" [stack: 0x0000004670e00000,0x0000004670f00000] [id=7776]
  0x000001cf7d33fbc0 GCTaskThread "GC Thread#4" [stack: 0x0000004670f00000,0x0000004671000000] [id=9608]
  0x000001cf7d33fe70 GCTaskThread "GC Thread#5" [stack: 0x0000004671000000,0x0000004671100000] [id=4316]
  0x000001cf7d61deb0 GCTaskThread "GC Thread#6" [stack: 0x0000004671100000,0x0000004671200000] [id=13344]
  0x000001cf7d61e410 GCTaskThread "GC Thread#7" [stack: 0x0000004671200000,0x0000004671300000] [id=4004]
  0x000001cf59967890 ConcurrentGCThread "G1 Main Marker" [stack: 0x000000466fa00000,0x000000466fb00000] [id=2576]
  0x000001cf599682a0 ConcurrentGCThread "G1 Conc#0" [stack: 0x000000466fb00000,0x000000466fc00000] [id=6888]
  0x000001cf7d61c930 ConcurrentGCThread "G1 Conc#1" [stack: 0x0000004671300000,0x0000004671400000] [id=10900]
  0x000001cf5999dd10 ConcurrentGCThread "G1 Refine#0" [stack: 0x000000466fc00000,0x000000466fd00000] [id=13712]
  0x000001cf5999e730 ConcurrentGCThread "G1 Service" [stack: 0x000000466fd00000,0x000000466fe00000] [id=14320]

Threads with active compile tasks:
C2 CompilerThread0     2996 6120       4       org.jetbrains.kotlin.load.java.lazy.descriptors.LazyJavaClassDescriptor::getVisibility (46 bytes)
C1 CompilerThread0     2996 6234       3       org.jetbrains.kotlin.resolve.DescriptorToSourceUtils::getEffectiveReferencedDescriptors (41 bytes)
C2 CompilerThread1     2996 6227       4       org.jetbrains.kotlin.com.intellij.util.containers.ContainerUtil::flatten (125 bytes)
C2 CompilerThread2     2996 6216       4       org.jetbrains.kotlin.resolve.OverridingUtil::collectOverriddenDeclarations (123 bytes)

VM state: at safepoint (normal execution)

VM Mutex/Monitor currently owned by a thread:  ([mutex/lock_event])
[0x000001cf598e7870] Threads_lock - owner thread: 0x000001cf77c67110
[0x000001cf598e7090] Heap_lock - owner thread: 0x000001cf598eb3d0

Heap address: 0x0000000701400000, size: 4076 MB, Compressed Oops mode: Zero based, Oop shift amount: 3

CDS archive(s) not mapped
Compressed class space mapped at: 0x0000000800000000-0x0000000840000000, reserved size: 1073741824
Narrow klass base: 0x0000000800000000, Narrow klass shift: 0, Narrow klass range: 0x40000000

GC Precious Log:
 CPUs: 8 total, 8 available
 Memory: 16303M
 Large Page Support: Disabled
 NUMA Support: Disabled
 Compressed Oops: Enabled (Zero based)
 Heap Region Size: 2M
 Heap Min Capacity: 8M
 Heap Initial Capacity: 256M
 Heap Max Capacity: 4076M
 Pre-touch: Disabled
 Parallel Workers: 8
 Concurrent Workers: 2
 Concurrent Refinement Workers: 8
 Periodic GC: Disabled

Heap:
 garbage-first heap   total 94208K, used 45584K [0x0000000701400000, 0x0000000800000000)
  region size 2048K, 1 young (2048K), 1 survivors (2048K)
 Metaspace       used 54339K, committed 54592K, reserved 1114112K
  class space    used 6376K, committed 6464K, reserved 1048576K

Heap Regions: E=young(eden), S=young(survivor), O=old, HS=humongous(starts), HC=humongous(continues), CS=collection set, F=free, OA=open archive, CA=closed archive, TAMS=top-at-mark-start (previous, next)
|   0|0x0000000701400000, 0x0000000701600000, 0x0000000701600000|100%|HS|  |TAMS 0x0000000701600000, 0x0000000701600000| Complete 
|   1|0x0000000701600000, 0x0000000701800000, 0x0000000701800000|100%|HC|  |TAMS 0x0000000701800000, 0x0000000701800000| Complete 
|   2|0x0000000701800000, 0x0000000701940a00, 0x0000000701a00000| 62%| O|  |TAMS 0x0000000701800000, 0x0000000701940a00| Untracked 
|   3|0x0000000701a00000, 0x0000000701c00000, 0x0000000701c00000|100%| O|  |TAMS 0x0000000701c00000, 0x0000000701c00000| Untracked 
|   4|0x0000000701c00000, 0x0000000701e00000, 0x0000000701e00000|100%| O|  |TAMS 0x0000000701e00000, 0x0000000701e00000| Untracked 
|   5|0x0000000701e00000, 0x0000000702000000, 0x0000000702000000|100%| O|  |TAMS 0x0000000701f77c00, 0x0000000702000000| Untracked 
|   6|0x0000000702000000, 0x0000000702200000, 0x0000000702200000|100%| O|  |TAMS 0x0000000702200000, 0x0000000702200000| Untracked 
|   7|0x0000000702200000, 0x0000000702400000, 0x0000000702400000|100%| O|  |TAMS 0x0000000702400000, 0x0000000702400000| Untracked 
|   8|0x0000000702400000, 0x0000000702600000, 0x0000000702600000|100%| O|  |TAMS 0x0000000702600000, 0x0000000702600000| Untracked 
|   9|0x0000000702600000, 0x0000000702800000, 0x0000000702800000|100%|HS|  |TAMS 0x0000000702600000, 0x0000000702800000| Complete 
|  10|0x0000000702800000, 0x0000000702a00000, 0x0000000702a00000|100%| O|  |TAMS 0x0000000702800000, 0x0000000702a00000| Untracked 
|  11|0x0000000702a00000, 0x0000000702c00000, 0x0000000702c00000|100%| O|  |TAMS 0x0000000702a00000, 0x0000000702c00000| Untracked 
|  12|0x0000000702c00000, 0x0000000702e00000, 0x0000000702e00000|100%| O|  |TAMS 0x0000000702c00000, 0x0000000702e00000| Untracked 
|  13|0x0000000702e00000, 0x0000000703000000, 0x0000000703000000|100%| O|  |TAMS 0x0000000702e00000, 0x0000000703000000| Untracked 
|  14|0x0000000703000000, 0x0000000703200000, 0x0000000703200000|100%| O|  |TAMS 0x0000000703000000, 0x0000000703200000| Untracked 
|  15|0x0000000703200000, 0x0000000703400000, 0x0000000703400000|100%| O|  |TAMS 0x0000000703200000, 0x0000000703400000| Untracked 
|  16|0x0000000703400000, 0x0000000703600000, 0x0000000703600000|100%| O|  |TAMS 0x0000000703400000, 0x0000000703600000| Untracked 
|  17|0x0000000703600000, 0x0000000703800000, 0x0000000703800000|100%| O|  |TAMS 0x0000000703600000, 0x0000000703800000| Untracked 
|  18|0x0000000703800000, 0x0000000703a00000, 0x0000000703a00000|100%| O|  |TAMS 0x0000000703800000, 0x0000000703a00000| Untracked 
|  19|0x0000000703a00000, 0x0000000703c00000, 0x0000000703c00000|100%| O|  |TAMS 0x0000000703a00000, 0x0000000703c00000| Untracked 
|  20|0x0000000703c00000, 0x0000000703e00000, 0x0000000703e00000|100%| O|  |TAMS 0x0000000703c00000, 0x0000000703e00000| Untracked 
|  21|0x0000000703e00000, 0x0000000704000000, 0x0000000704000000|100%| O|  |TAMS 0x0000000703e00000, 0x0000000704000000| Untracked 
|  22|0x0000000704000000, 0x0000000704106400, 0x0000000704200000| 51%| O|  |TAMS 0x0000000704000000, 0x0000000704106400| Untracked 
|  23|0x0000000704200000, 0x0000000704200000, 0x0000000704400000|  0%| F|  |TAMS 0x0000000704200000, 0x0000000704200000| Untracked 
|  24|0x0000000704400000, 0x0000000704400000, 0x0000000704600000|  0%| F|  |TAMS 0x0000000704400000, 0x0000000704400000| Untracked 
|  25|0x0000000704600000, 0x0000000704600000, 0x0000000704800000|  0%| F|  |TAMS 0x0000000704600000, 0x0000000704600000| Untracked 
|  26|0x0000000704800000, 0x0000000704800000, 0x0000000704a00000|  0%| F|  |TAMS 0x0000000704800000, 0x0000000704800000| Untracked 
|  27|0x0000000704a00000, 0x0000000704a00000, 0x0000000704c00000|  0%| F|  |TAMS 0x0000000704a00000, 0x0000000704a00000| Untracked 
|  28|0x0000000704c00000, 0x0000000704c00000, 0x0000000704e00000|  0%| F|  |TAMS 0x0000000704c00000, 0x0000000704c00000| Untracked 
|  29|0x0000000704e00000, 0x0000000704e00000, 0x0000000705000000|  0%| F|  |TAMS 0x0000000704e00000, 0x0000000704e00000| Untracked 
|  30|0x0000000705000000, 0x0000000705000000, 0x0000000705200000|  0%| F|  |TAMS 0x0000000705000000, 0x0000000705000000| Untracked 
|  31|0x0000000705200000, 0x0000000705200000, 0x0000000705400000|  0%| F|  |TAMS 0x0000000705200000, 0x0000000705200000| Untracked 
|  32|0x0000000705400000, 0x000000070543d360, 0x0000000705600000| 11%| S|CS|TAMS 0x0000000705400000, 0x0000000705400000| Complete 
|  33|0x0000000705600000, 0x0000000705600000, 0x0000000705800000|  0%| F|  |TAMS 0x0000000705600000, 0x0000000705600000| Untracked 
|  34|0x0000000705800000, 0x0000000705800000, 0x0000000705a00000|  0%| F|  |TAMS 0x0000000705800000, 0x0000000705800000| Untracked 
|  35|0x0000000705a00000, 0x0000000705a00000, 0x0000000705c00000|  0%| F|  |TAMS 0x0000000705a00000, 0x0000000705a00000| Untracked 
|  36|0x0000000705c00000, 0x0000000705c00000, 0x0000000705e00000|  0%| F|  |TAMS 0x0000000705c00000, 0x0000000705c00000| Untracked 
|  37|0x0000000705e00000, 0x0000000705e00000, 0x0000000706000000|  0%| F|  |TAMS 0x0000000705e00000, 0x0000000705e00000| Untracked 
|  38|0x0000000706000000, 0x0000000706000000, 0x0000000706200000|  0%| F|  |TAMS 0x0000000706000000, 0x0000000706000000| Untracked 
|  39|0x0000000706200000, 0x0000000706200000, 0x0000000706400000|  0%| F|  |TAMS 0x0000000706200000, 0x0000000706200000| Untracked 
|  40|0x0000000706400000, 0x0000000706400000, 0x0000000706600000|  0%| F|  |TAMS 0x0000000706400000, 0x0000000706400000| Untracked 
|  41|0x0000000706600000, 0x0000000706600000, 0x0000000706800000|  0%| F|  |TAMS 0x0000000706600000, 0x0000000706600000| Untracked 
|  42|0x0000000706800000, 0x0000000706800000, 0x0000000706a00000|  0%| F|  |TAMS 0x0000000706800000, 0x0000000706800000| Untracked 
|  43|0x0000000706a00000, 0x0000000706a00000, 0x0000000706c00000|  0%| F|  |TAMS 0x0000000706a00000, 0x0000000706a00000| Untracked 
| 106|0x000000070e800000, 0x000000070e800000, 0x000000070ea00000|  0%| F|  |TAMS 0x000000070e800000, 0x000000070e800000| Untracked 
| 127|0x0000000711200000, 0x0000000711200000, 0x0000000711400000|  0%| F|  |TAMS 0x0000000711200000, 0x0000000711200000| Untracked 

Card table byte_map: [0x000001cf6c8e0000,0x000001cf6d0e0000] _byte_map_base: 0x000001cf690d6000

Marking Bits (Prev, Next): (CMBitMap*) 0x000001cf599570a0, (CMBitMap*) 0x000001cf599570e0
 Prev Bits: [0x000001cf6d8e0000, 0x000001cf71890000)
 Next Bits: [0x000001cf71890000, 0x000001cf75840000)

Polling page: 0x000001cf577a0000

Metaspace:

Usage:
  Non-class:     46.84 MB used.
      Class:      6.23 MB used.
       Both:     53.07 MB used.

Virtual space:
  Non-class space:       64.00 MB reserved,      47.00 MB ( 73%) committed,  1 nodes.
      Class space:        1.00 GB reserved,       6.31 MB ( <1%) committed,  1 nodes.
             Both:        1.06 GB reserved,      53.31 MB (  5%) committed. 

Chunk freelists:
   Non-Class:  656.00 KB
       Class:  9.64 MB
        Both:  10.28 MB

MaxMetaspaceSize: unlimited
CompressedClassSpaceSize: 1.00 GB
Initial GC threshold: 21.00 MB
Current GC threshold: 59.19 MB
CDS: off
MetaspaceReclaimPolicy: balanced
 - commit_granule_bytes: 65536.
 - commit_granule_words: 8192.
 - virtual_space_node_default_size: 8388608.
 - enlarge_chunks_in_place: 1.
 - new_chunks_are_fully_committed: 0.
 - uncommit_free_chunks: 1.
 - use_allocation_guard: 0.
 - handle_deallocations: 1.


Internal statistics:

num_allocs_failed_limit: 8.
num_arena_births: 228.
num_arena_deaths: 0.
num_vsnodes_births: 2.
num_vsnodes_deaths: 0.
num_space_committed: 851.
num_space_uncommitted: 0.
num_chunks_returned_to_freelist: 8.
num_chunks_taken_from_freelist: 1879.
num_chunk_merges: 8.
num_chunk_splits: 1534.
num_chunks_enlarged: 1354.
num_inconsistent_stats: 0.

CodeHeap 'non-profiled nmethods': size=120000Kb used=2910Kb max_used=3026Kb free=117089Kb
 bounds [0x000001cf64880000, 0x000001cf64b90000, 0x000001cf6bdb0000]
CodeHeap 'profiled nmethods': size=120000Kb used=12479Kb max_used=13799Kb free=107520Kb
 bounds [0x000001cf5cdb0000, 0x000001cf5db30000, 0x000001cf642e0000]
CodeHeap 'non-nmethods': size=5760Kb used=1285Kb max_used=1381Kb free=4474Kb
 bounds [0x000001cf642e0000, 0x000001cf64550000, 0x000001cf64880000]
 total_blobs=5932 nmethods=5337 adapters=506
 compilation: enabled
              stopped_count=0, restarted_count=0
 full_count=0

Compilation events (20 events):
Event: 2.981 Thread 0x000001cf783a0aa0 6094       4       org.jetbrains.kotlin.types.DisjointKeysUnionTypeSubstitution$Companion::create (44 bytes)
Event: 2.982 Thread 0x000001cf783a1540 6228       3       org.jetbrains.kotlin.resolve.source.PsiSourceElementKt::getPsi (36 bytes)
Event: 2.982 Thread 0x000001cf783a1540 nmethod 6228 0x000001cf5cf16890 code [0x000001cf5cf16ae0, 0x000001cf5cf17428]
Event: 2.982 Thread 0x000001cf783a1540 6229       3       org.jetbrains.kotlin.resolve.source.KotlinSourceElement::getPsi (8 bytes)
Event: 2.982 Thread 0x000001cf783a1540 nmethod 6229 0x000001cf5d264510 code [0x000001cf5d2646a0, 0x000001cf5d2648d8]
Event: 2.982 Thread 0x000001cf783a1540 6230       3       org.jetbrains.kotlin.resolve.DescriptorToSourceUtils::getSourceFromDescriptor (72 bytes)
Event: 2.982 Thread 0x000001cf783a1540 nmethod 6230 0x000001cf5d00ba90 code [0x000001cf5d00bd00, 0x000001cf5d00c988]
Event: 2.982 Thread 0x000001cf783a1540 6232       3       org.jetbrains.kotlin.descriptors.impl.ValueParameterDescriptorImpl::getOverriddenDescriptors (126 bytes)
Event: 2.983 Thread 0x000001cf783a0aa0 nmethod 6094 0x000001cf648a8710 code [0x000001cf648a88c0, 0x000001cf648a8b08]
Event: 2.983 Thread 0x000001cf783a0aa0 6120       4       org.jetbrains.kotlin.load.java.lazy.descriptors.LazyJavaClassDescriptor::getVisibility (46 bytes)
Event: 2.983 Thread 0x000001cf783a1540 nmethod 6232 0x000001cf5d0cd190 code [0x000001cf5d0cd560, 0x000001cf5d0cf478]
Event: 2.983 Thread 0x000001cf783a1540 6236       3       org.jetbrains.kotlin.resolve.OverrideResolver::checkOverridesForParameters (194 bytes)
Event: 2.984 Thread 0x000001cf783a1540 nmethod 6236 0x000001cf5d407a90 code [0x000001cf5d407da0, 0x000001cf5d409198]
Event: 2.984 Thread 0x000001cf783a1540 6231       3       org.jetbrains.kotlin.descriptors.impl.ValueParameterDescriptorImpl::getContainingDeclaration (14 bytes)
Event: 2.984 Thread 0x000001cf783a1540 nmethod 6231 0x000001cf5d2d3510 code [0x000001cf5d2d3740, 0x000001cf5d2d3e98]
Event: 2.984 Thread 0x000001cf783a1540 6240       3       org.jetbrains.kotlin.resolve.OverrideResolver::checkNameAndDefaultForFakeOverrideParameter (182 bytes)
Event: 2.985 Thread 0x000001cf783a1540 nmethod 6240 0x000001cf5d0e2f10 code [0x000001cf5d0e32e0, 0x000001cf5d0e4de8]
Event: 2.985 Thread 0x000001cf783a1540 6233       3       org.jetbrains.kotlin.resolve.DescriptorToSourceUtils::descriptorToDeclaration (51 bytes)
Event: 2.985 Thread 0x000001cf783a1540 nmethod 6233 0x000001cf5ce79290 code [0x000001cf5ce79560, 0x000001cf5ce7a348]
Event: 2.985 Thread 0x000001cf783a1540 6234       3       org.jetbrains.kotlin.resolve.DescriptorToSourceUtils::getEffectiveReferencedDescriptors (41 bytes)

GC Heap History (20 events):
Event: 1.197 GC heap after
{Heap after GC invocations=6 (full 0):
 garbage-first heap   total 40960K, used 17863K [0x0000000701400000, 0x0000000800000000)
  region size 2048K, 1 young (2048K), 1 survivors (2048K)
 Metaspace       used 33561K, committed 33792K, reserved 1114112K
  class space    used 4299K, committed 4416K, reserved 1048576K
}
Event: 1.288 GC heap before
{Heap before GC invocations=6 (full 0):
 garbage-first heap   total 40960K, used 28103K [0x0000000701400000, 0x0000000800000000)
  region size 2048K, 7 young (14336K), 1 survivors (2048K)
 Metaspace       used 35564K, committed 35776K, reserved 1114112K
  class space    used 4530K, committed 4672K, reserved 1048576K
}
Event: 1.292 GC heap after
{Heap after GC invocations=7 (full 0):
 garbage-first heap   total 40960K, used 17785K [0x0000000701400000, 0x0000000800000000)
  region size 2048K, 1 young (2048K), 1 survivors (2048K)
 Metaspace       used 35564K, committed 35776K, reserved 1114112K
  class space    used 4530K, committed 4672K, reserved 1048576K
}
Event: 1.315 GC heap before
{Heap before GC invocations=7 (full 0):
 garbage-first heap   total 40960K, used 19833K [0x0000000701400000, 0x0000000800000000)
  region size 2048K, 3 young (6144K), 1 survivors (2048K)
 Metaspace       used 35874K, committed 36096K, reserved 1114112K
  class space    used 4563K, committed 4672K, reserved 1048576K
}
Event: 1.317 GC heap after
{Heap after GC invocations=8 (full 0):
 garbage-first heap   total 151552K, used 18331K [0x0000000701400000, 0x0000000800000000)
  region size 2048K, 1 young (2048K), 1 survivors (2048K)
 Metaspace       used 35874K, committed 36096K, reserved 1114112K
  class space    used 4563K, committed 4672K, reserved 1048576K
}
Event: 1.729 GC heap before
{Heap before GC invocations=9 (full 0):
 garbage-first heap   total 75776K, used 59291K [0x0000000701400000, 0x0000000800000000)
  region size 2048K, 22 young (45056K), 1 survivors (2048K)
 Metaspace       used 45692K, committed 45888K, reserved 1114112K
  class space    used 5581K, committed 5696K, reserved 1048576K
}
Event: 1.735 GC heap after
{Heap after GC invocations=10 (full 0):
 garbage-first heap   total 75776K, used 22014K [0x0000000701400000, 0x0000000800000000)
  region size 2048K, 3 young (6144K), 3 survivors (6144K)
 Metaspace       used 45692K, committed 45888K, reserved 1114112K
  class space    used 5581K, committed 5696K, reserved 1048576K
}
Event: 1.881 GC heap before
{Heap before GC invocations=10 (full 0):
 garbage-first heap   total 75776K, used 52734K [0x0000000701400000, 0x0000000800000000)
  region size 2048K, 17 young (34816K), 3 survivors (6144K)
 Metaspace       used 47459K, committed 47744K, reserved 1114112K
  class space    used 5767K, committed 5888K, reserved 1048576K
}
Event: 1.887 GC heap after
{Heap after GC invocations=11 (full 0):
 garbage-first heap   total 75776K, used 27523K [0x0000000701400000, 0x0000000800000000)
  region size 2048K, 2 young (4096K), 2 survivors (4096K)
 Metaspace       used 47459K, committed 47744K, reserved 1114112K
  class space    used 5767K, committed 5888K, reserved 1048576K
}
Event: 2.035 GC heap before
{Heap before GC invocations=11 (full 0):
 garbage-first heap   total 75776K, used 52099K [0x0000000701400000, 0x0000000800000000)
  region size 2048K, 14 young (28672K), 2 survivors (4096K)
 Metaspace       used 48764K, committed 48960K, reserved 1114112K
  class space    used 5900K, committed 6016K, reserved 1048576K
}
Event: 2.040 GC heap after
{Heap after GC invocations=12 (full 0):
 garbage-first heap   total 75776K, used 29769K [0x0000000701400000, 0x0000000800000000)
  region size 2048K, 2 young (4096K), 2 survivors (4096K)
 Metaspace       used 48764K, committed 48960K, reserved 1114112K
  class space    used 5900K, committed 6016K, reserved 1048576K
}
Event: 2.368 GC heap before
{Heap before GC invocations=12 (full 0):
 garbage-first heap   total 75776K, used 52297K [0x0000000701400000, 0x0000000800000000)
  region size 2048K, 14 young (28672K), 2 survivors (4096K)
 Metaspace       used 52651K, committed 52864K, reserved 1114112K
  class space    used 6287K, committed 6400K, reserved 1048576K
}
Event: 2.377 GC heap after
{Heap after GC invocations=13 (full 0):
 garbage-first heap   total 94208K, used 33805K [0x0000000701400000, 0x0000000800000000)
  region size 2048K, 2 young (4096K), 2 survivors (4096K)
 Metaspace       used 52651K, committed 52864K, reserved 1114112K
  class space    used 6287K, committed 6400K, reserved 1048576K
}
Event: 2.726 GC heap before
{Heap before GC invocations=13 (full 0):
 garbage-first heap   total 94208K, used 66573K [0x0000000701400000, 0x0000000800000000)
  region size 2048K, 18 young (36864K), 2 survivors (4096K)
 Metaspace       used 53736K, committed 54080K, reserved 1114112K
  class space    used 6332K, committed 6464K, reserved 1048576K
}
Event: 2.739 GC heap after
{Heap after GC invocations=14 (full 0):
 garbage-first heap   total 94208K, used 40119K [0x0000000701400000, 0x0000000800000000)
  region size 2048K, 3 young (6144K), 3 survivors (6144K)
 Metaspace       used 53736K, committed 54080K, reserved 1114112K
  class space    used 6332K, committed 6464K, reserved 1048576K
}
Event: 2.912 GC heap before
{Heap before GC invocations=14 (full 0):
 garbage-first heap   total 94208K, used 68791K [0x0000000701400000, 0x0000000800000000)
  region size 2048K, 17 young (34816K), 3 survivors (6144K)
 Metaspace       used 54315K, committed 54592K, reserved 1114112K
  class space    used 6376K, committed 6464K, reserved 1048576K
}
Event: 2.926 GC heap after
{Heap after GC invocations=15 (full 0):
 garbage-first heap   total 94208K, used 45357K [0x0000000701400000, 0x0000000800000000)
  region size 2048K, 3 young (6144K), 3 survivors (6144K)
 Metaspace       used 54315K, committed 54592K, reserved 1114112K
  class space    used 6376K, committed 6464K, reserved 1048576K
}
Event: 2.953 GC heap before
{Heap before GC invocations=15 (full 0):
 garbage-first heap   total 94208K, used 69933K [0x0000000701400000, 0x0000000800000000)
  region size 2048K, 15 young (30720K), 3 survivors (6144K)
 Metaspace       used 54324K, committed 54592K, reserved 1114112K
  class space    used 6376K, committed 6464K, reserved 1048576K
}
Event: 2.959 GC heap after
{Heap after GC invocations=16 (full 0):
 garbage-first heap   total 94208K, used 46313K [0x0000000701400000, 0x0000000800000000)
  region size 2048K, 1 young (2048K), 1 survivors (2048K)
 Metaspace       used 54324K, committed 54592K, reserved 1114112K
  class space    used 6376K, committed 6464K, reserved 1048576K
}
Event: 2.985 GC heap before
{Heap before GC invocations=16 (full 0):
 garbage-first heap   total 94208K, used 70889K [0x0000000701400000, 0x0000000800000000)
  region size 2048K, 13 young (26624K), 1 survivors (2048K)
 Metaspace       used 54339K, committed 54592K, reserved 1114112K
  class space    used 6376K, committed 6464K, reserved 1048576K
}

Dll operation events (2 events):
Event: 0.003 Loaded shared library C:\Program Files\Android\Android Studio\jbr\bin\java.dll
Event: 0.790 Loaded shared library C:\Program Files\Android\Android Studio\jbr\bin\verify.dll

Deoptimization events (20 events):
Event: 2.776 Thread 0x000001cf598eb3d0 DEOPT PACKING pc=0x000001cf64b700a4 sp=0x000000466f8fde20
Event: 2.776 Thread 0x000001cf598eb3d0 DEOPT UNPACKING pc=0x000001cf643369a3 sp=0x000000466f8fde10 mode 2
Event: 2.777 Thread 0x000001cf598eb3d0 Uncommon trap: trap_request=0xffffffc6 fr.pc=0x000001cf64b700a4 relative=0x0000000000001044
Event: 2.777 Thread 0x000001cf598eb3d0 Uncommon trap: reason=bimorphic_or_optimized_type_check action=maybe_recompile pc=0x000001cf64b700a4 method=kotlin.collections.CollectionsKt___CollectionsKt.toSet(Ljava/lang/Iterable;)Ljava/util/Set; @ 71 c2
Event: 2.777 Thread 0x000001cf598eb3d0 DEOPT PACKING pc=0x000001cf64b700a4 sp=0x000000466f8fde20
Event: 2.777 Thread 0x000001cf598eb3d0 DEOPT UNPACKING pc=0x000001cf643369a3 sp=0x000000466f8fde10 mode 2
Event: 2.777 Thread 0x000001cf598eb3d0 Uncommon trap: trap_request=0xffffffc6 fr.pc=0x000001cf64b700a4 relative=0x0000000000001044
Event: 2.777 Thread 0x000001cf598eb3d0 Uncommon trap: reason=bimorphic_or_optimized_type_check action=maybe_recompile pc=0x000001cf64b700a4 method=kotlin.collections.CollectionsKt___CollectionsKt.toSet(Ljava/lang/Iterable;)Ljava/util/Set; @ 71 c2
Event: 2.777 Thread 0x000001cf598eb3d0 DEOPT PACKING pc=0x000001cf64b700a4 sp=0x000000466f8fde20
Event: 2.777 Thread 0x000001cf598eb3d0 DEOPT UNPACKING pc=0x000001cf643369a3 sp=0x000000466f8fde10 mode 2
Event: 2.777 Thread 0x000001cf598eb3d0 Uncommon trap: trap_request=0xffffffc6 fr.pc=0x000001cf64b700a4 relative=0x0000000000001044
Event: 2.777 Thread 0x000001cf598eb3d0 Uncommon trap: reason=bimorphic_or_optimized_type_check action=maybe_recompile pc=0x000001cf64b700a4 method=kotlin.collections.CollectionsKt___CollectionsKt.toSet(Ljava/lang/Iterable;)Ljava/util/Set; @ 71 c2
Event: 2.777 Thread 0x000001cf598eb3d0 DEOPT PACKING pc=0x000001cf64b700a4 sp=0x000000466f8fde20
Event: 2.777 Thread 0x000001cf598eb3d0 DEOPT UNPACKING pc=0x000001cf643369a3 sp=0x000000466f8fde10 mode 2
Event: 2.812 Thread 0x000001cf598eb3d0 DEOPT PACKING pc=0x000001cf5d4b5a63 sp=0x000000466f8fcfc0
Event: 2.812 Thread 0x000001cf598eb3d0 DEOPT UNPACKING pc=0x000001cf64337143 sp=0x000000466f8fc4c8 mode 0
Event: 2.820 Thread 0x000001cf598eb3d0 Uncommon trap: trap_request=0xffffff45 fr.pc=0x000001cf64b3d130 relative=0x0000000000000210
Event: 2.820 Thread 0x000001cf598eb3d0 Uncommon trap: reason=unstable_if action=reinterpret pc=0x000001cf64b3d130 method=kotlin.sequences.FilteringSequence$iterator$1.hasNext()Z @ 5 c2
Event: 2.820 Thread 0x000001cf598eb3d0 DEOPT PACKING pc=0x000001cf64b3d130 sp=0x000000466f8fe260
Event: 2.820 Thread 0x000001cf598eb3d0 DEOPT UNPACKING pc=0x000001cf643369a3 sp=0x000000466f8fe220 mode 2

Classes unloaded (0 events):
No events

Classes redefined (0 events):
No events

Internal exceptions (20 events):
Event: 0.709 Thread 0x000001cf598eb3d0 Exception <a 'java/lang/NoSuchMethodError'{0x0000000703180070}: 'void java.lang.invoke.DirectMethodHandle$Holder.invokeSpecial(java.lang.Object, java.lang.Object, java.lang.Object)'> (0x0000000703180070) 
thrown [s\src\hotspot\share\interpreter\linkResolver.cpp, line 771]
Event: 0.742 Thread 0x000001cf598eb3d0 Exception <a 'java/lang/NoSuchMethodError'{0x0000000702caa250}: 'void java.lang.invoke.DirectMethodHandle$Holder.invokeStatic(java.lang.Object, java.lang.Object, java.lang.Object, java.lang.Object)'> (0x0000000702caa250) 
thrown [s\src\hotspot\share\interpreter\linkResolver.cpp, line 771]
Event: 0.773 Thread 0x000001cf598eb3d0 Exception <a 'java/lang/NoSuchMethodError'{0x0000000702874978}: 'void java.lang.invoke.DirectMethodHandle$Holder.invokeStaticInit(java.lang.Object, java.lang.Object)'> (0x0000000702874978) 
thrown [s\src\hotspot\share\interpreter\linkResolver.cpp, line 771]
Event: 0.845 Thread 0x000001cf598eb3d0 Exception <a 'java/lang/NoSuchMethodError'{0x000000070200e450}: 'void java.lang.invoke.DirectMethodHandle$Holder.invokeVirtual(java.lang.Object, java.lang.Object)'> (0x000000070200e450) 
thrown [s\src\hotspot\share\interpreter\linkResolver.cpp, line 771]
Event: 0.849 Thread 0x000001cf598eb3d0 Exception <a 'java/lang/NoSuchMethodError'{0x000000070205a1b0}: 'int java.lang.invoke.DirectMethodHandle$Holder.invokeVirtual(java.lang.Object, java.lang.Object)'> (0x000000070205a1b0) 
thrown [s\src\hotspot\share\interpreter\linkResolver.cpp, line 771]
Event: 0.857 Thread 0x000001cf598eb3d0 Exception <a 'java/lang/NoSuchMethodError'{0x00000007020fea20}: 'java.lang.Object java.lang.invoke.Invokers$Holder.invokeExact_MT(java.lang.Object, java.lang.Object, java.lang.Object, java.lang.Object, java.lang.Object, java.lang.Object)'> (0x00000007020fea20) 
thrown [s\src\hotspot\share\interpreter\linkResolver.cpp, line 771]
Event: 1.148 Thread 0x000001cf598eb3d0 Implicit null exception at 0x000001cf64899872 to 0x000001cf64899eac
Event: 1.191 Thread 0x000001cf598eb3d0 Implicit null exception at 0x000001cf6489ad72 to 0x000001cf6489b3ac
Event: 1.220 Thread 0x000001cf598eb3d0 Exception <a 'java/lang/NoSuchMethodError'{0x000000070ead44c8}: 'java.lang.Object java.lang.invoke.DirectMethodHandle$Holder.invokeVirtual(java.lang.Object, java.lang.Object, java.lang.Object)'> (0x000000070ead44c8) 
thrown [s\src\hotspot\share\interpreter\linkResolver.cpp, line 771]
Event: 1.554 Thread 0x000001cf598eb3d0 Exception <a 'java/lang/NoSuchMethodError'{0x0000000703c57db0}: 'java.lang.Object java.lang.invoke.DirectMethodHandle$Holder.newInvokeSpecial(java.lang.Object, java.lang.Object, int)'> (0x0000000703c57db0) 
thrown [s\src\hotspot\share\interpreter\linkResolver.cpp, line 771]
Event: 1.581 Thread 0x000001cf598eb3d0 Implicit null exception at 0x000001cf649c12d0 to 0x000001cf649c1408
Event: 1.652 Thread 0x000001cf598eb3d0 Exception <a 'java/lang/NoSuchMethodError'{0x000000070391cf10}: 'java.lang.Object java.lang.invoke.DirectMethodHandle$Holder.newInvokeSpecial(java.lang.Object, java.lang.Object, java.lang.Object, int)'> (0x000000070391cf10) 
thrown [s\src\hotspot\share\interpreter\linkResolver.cpp, line 771]
Event: 1.652 Thread 0x000001cf598eb3d0 Exception <a 'java/lang/NoSuchMethodError'{0x0000000703921598}: 'java.lang.Object java.lang.invoke.DirectMethodHandle$Holder.invokeSpecial(java.lang.Object, java.lang.Object, java.lang.Object, java.lang.Object, int)'> (0x0000000703921598) 
thrown [s\src\hotspot\share\interpreter\linkResolver.cpp, line 771]
Event: 1.652 Thread 0x000001cf598eb3d0 Exception <a 'java/lang/NoSuchMethodError'{0x0000000703925408}: 'java.lang.Object java.lang.invoke.Invokers$Holder.linkToTargetMethod(java.lang.Object, java.lang.Object, int, java.lang.Object)'> (0x0000000703925408) 
thrown [s\src\hotspot\share\interpreter\linkResolver.cpp, line 771]
Event: 2.280 Thread 0x000001cf598eb3d0 Exception <a 'java/lang/NoSuchMethodError'{0x0000000704aa8998}: 'java.lang.Object java.lang.invoke.DirectMethodHandle$Holder.newInvokeSpecial(java.lang.Object, java.lang.Object, java.lang.Object, java.lang.Object, java.lang.Object, java.lang.Object)'> (0x0000000704aa8998) 
thrown [s\src\hotspot\share\interpreter\linkResolver.cpp, line 771]
Event: 2.350 Thread 0x000001cf598eb3d0 Exception <a 'java/lang/NoSuchMethodError'{0x00000007046fdd58}: 'int java.lang.invoke.DirectMethodHandle$Holder.invokeInterface(java.lang.Object, java.lang.Object)'> (0x00000007046fdd58) 
thrown [s\src\hotspot\share\interpreter\linkResolver.cpp, line 771]
Event: 2.421 Thread 0x000001cf598eb3d0 Exception <a 'java/lang/NoSuchMethodError'{0x000000070e985478}: 'java.lang.Object java.lang.invoke.DirectMethodHandle$Holder.invokeStaticInit(java.lang.Object, java.lang.Object, java.lang.Object)'> (0x000000070e985478) 
thrown [s\src\hotspot\share\interpreter\linkResolver.cpp, line 771]
Event: 2.666 Thread 0x000001cf598eb3d0 Implicit null exception at 0x000001cf648cf614 to 0x000001cf648cf858
Event: 2.666 Thread 0x000001cf598eb3d0 Implicit null exception at 0x000001cf648e210f to 0x000001cf648e2189
Event: 2.721 Thread 0x000001cf598eb3d0 Exception <a 'java/lang/NoSuchMethodError'{0x0000000705191d88}: 'java.lang.Object java.lang.invoke.DirectMethodHandle$Holder.newInvokeSpecial(java.lang.Object, int, java.lang.Object)'> (0x0000000705191d88) 
thrown [s\src\hotspot\share\interpreter\linkResolver.cpp, line 771]

VM Operations (20 events):
Event: 2.724 Executing VM operation: HandshakeAllThreads done
Event: 2.725 Executing VM operation: G1CollectForAllocation
Event: 2.739 Executing VM operation: G1CollectForAllocation done
Event: 2.747 Executing VM operation: HandshakeAllThreads
Event: 2.747 Executing VM operation: HandshakeAllThreads done
Event: 2.754 Executing VM operation: HandshakeAllThreads
Event: 2.754 Executing VM operation: HandshakeAllThreads done
Event: 2.778 Executing VM operation: ICBufferFull
Event: 2.779 Executing VM operation: ICBufferFull done
Event: 2.805 Executing VM operation: HandshakeAllThreads
Event: 2.805 Executing VM operation: HandshakeAllThreads done
Event: 2.898 Executing VM operation: HandshakeAllThreads
Event: 2.899 Executing VM operation: HandshakeAllThreads done
Event: 2.905 Executing VM operation: HandshakeAllThreads
Event: 2.905 Executing VM operation: HandshakeAllThreads done
Event: 2.911 Executing VM operation: G1CollectForAllocation
Event: 2.926 Executing VM operation: G1CollectForAllocation done
Event: 2.953 Executing VM operation: G1CollectForAllocation
Event: 2.959 Executing VM operation: G1CollectForAllocation done
Event: 2.985 Executing VM operation: G1CollectForAllocation

Events (20 events):
Event: 2.759 Thread 0x000001cf783a5430 flushing nmethod 0x000001cf5d7b6d90
Event: 2.759 Thread 0x000001cf783a5430 flushing nmethod 0x000001cf5d7c2590
Event: 2.759 Thread 0x000001cf783a5430 flushing nmethod 0x000001cf5d7c4b90
Event: 2.759 Thread 0x000001cf783a5430 flushing nmethod 0x000001cf5d7d2910
Event: 2.759 Thread 0x000001cf783a5430 flushing nmethod 0x000001cf5d7d3190
Event: 2.759 Thread 0x000001cf783a5430 flushing nmethod 0x000001cf5d7eb210
Event: 2.759 Thread 0x000001cf783a5430 flushing nmethod 0x000001cf5d7ffc10
Event: 2.759 Thread 0x000001cf783a5430 flushing nmethod 0x000001cf5d814610
Event: 2.759 Thread 0x000001cf783a5430 flushing nmethod 0x000001cf5d837310
Event: 2.759 Thread 0x000001cf783a5430 flushing nmethod 0x000001cf5d852610
Event: 2.759 Thread 0x000001cf783a5430 flushing nmethod 0x000001cf5d864410
Event: 2.759 Thread 0x000001cf783a5430 flushing nmethod 0x000001cf5d868b90
Event: 2.759 Thread 0x000001cf783a5430 flushing nmethod 0x000001cf5d898810
Event: 2.759 Thread 0x000001cf783a5430 flushing nmethod 0x000001cf5d899510
Event: 2.759 Thread 0x000001cf783a5430 flushing nmethod 0x000001cf5d8e7c90
Event: 2.759 Thread 0x000001cf783a5430 flushing nmethod 0x000001cf5d8f7810
Event: 2.759 Thread 0x000001cf783a5430 flushing nmethod 0x000001cf5d90c610
Event: 2.760 Thread 0x000001cf783a5430 flushing nmethod 0x000001cf5da67b10
Event: 2.760 Thread 0x000001cf783a5430 flushing nmethod 0x000001cf5da7b390
Event: 2.760 Thread 0x000001cf783a5430 flushing nmethod 0x000001cf5da97690


Dynamic libraries:
0x00007ff632db0000 - 0x00007ff632dba000 	C:\Program Files\Android\Android Studio\jbr\bin\java.exe
0x00007fffb5da0000 - 0x00007fffb5f8e000 	C:\Windows\SYSTEM32\ntdll.dll
0x00007fffb5bb0000 - 0x00007fffb5c63000 	C:\Windows\System32\KERNEL32.DLL
0x00007fffb2c70000 - 0x00007fffb2f0d000 	C:\Windows\System32\KERNELBASE.dll
0x00007fffb1df0000 - 0x00007fffb1eea000 	C:\Windows\System32\ucrtbase.dll
0x00007fffab090000 - 0x00007fffab0a7000 	C:\Program Files\Android\Android Studio\jbr\bin\jli.dll
0x00007fff9bcd0000 - 0x00007fff9bceb000 	C:\Program Files\Android\Android Studio\jbr\bin\VCRUNTIME140.dll
0x00007fffb3030000 - 0x00007fffb31c7000 	C:\Windows\System32\USER32.dll
0x00007fff9cb60000 - 0x00007fff9cdd9000 	C:\Windows\WinSxS\amd64_microsoft.windows.common-controls_6595b64144ccf1df_6.0.17763.5458_none_de7234b4534a7f0e\COMCTL32.dll
0x00007fffb2300000 - 0x00007fffb2320000 	C:\Windows\System32\win32u.dll
0x00007fffb2f90000 - 0x00007fffb302e000 	C:\Windows\System32\msvcrt.dll
0x00007fffb44f0000 - 0x00007fffb4519000 	C:\Windows\System32\GDI32.dll
0x00007fffb36a0000 - 0x00007fffb39cb000 	C:\Windows\System32\combase.dll
0x00007fffb1f10000 - 0x00007fffb20ba000 	C:\Windows\System32\gdi32full.dll
0x00007fffb3520000 - 0x00007fffb363d000 	C:\Windows\System32\RPCRT4.dll
0x00007fffb2260000 - 0x00007fffb2300000 	C:\Windows\System32\msvcp_win.dll
0x00007fffb20c0000 - 0x00007fffb2142000 	C:\Windows\System32\bcryptPrimitives.dll
0x00007fffb3a80000 - 0x00007fffb3aae000 	C:\Windows\System32\IMM32.DLL
0x00007fff9bcc0000 - 0x00007fff9bccc000 	C:\Program Files\Android\Android Studio\jbr\bin\vcruntime140_1.dll
0x00007fff9bc30000 - 0x00007fff9bcbd000 	C:\Program Files\Android\Android Studio\jbr\bin\msvcp140.dll
0x00007fff775e0000 - 0x00007fff78260000 	C:\Program Files\Android\Android Studio\jbr\bin\server\jvm.dll
0x00007fffb4600000 - 0x00007fffb46a8000 	C:\Windows\System32\ADVAPI32.dll
0x00007fffb39d0000 - 0x00007fffb3a72000 	C:\Windows\System32\sechost.dll
0x00007fffb2f10000 - 0x00007fffb2f36000 	C:\Windows\System32\bcrypt.dll
0x00007fffaa7c0000 - 0x00007fffaa7ca000 	C:\Windows\SYSTEM32\VERSION.dll
0x00007fffafee0000 - 0x00007fffafee9000 	C:\Windows\SYSTEM32\WSOCK32.dll
0x00007fffafde0000 - 0x00007fffafe04000 	C:\Windows\SYSTEM32\WINMM.dll
0x00007fffb4520000 - 0x00007fffb458d000 	C:\Windows\System32\WS2_32.dll
0x00007fffafdb0000 - 0x00007fffafddd000 	C:\Windows\SYSTEM32\WINMMBASE.dll
0x00007fffb2f40000 - 0x00007fffb2f8a000 	C:\Windows\System32\cfgmgr32.dll
0x00007fffb1d80000 - 0x00007fffb1d91000 	C:\Windows\System32\kernel.appcore.dll
0x00007fffafa20000 - 0x00007fffafa2a000 	C:\Program Files\Android\Android Studio\jbr\bin\jimage.dll
0x00007fff9c860000 - 0x00007fff9ca4d000 	C:\Windows\SYSTEM32\DBGHELP.DLL
0x00007fff9c6c0000 - 0x00007fff9c6ea000 	C:\Windows\SYSTEM32\dbgcore.DLL
0x00007fffab0b0000 - 0x00007fffab0d5000 	C:\Program Files\Android\Android Studio\jbr\bin\java.dll
0x00007fffab070000 - 0x00007fffab088000 	C:\Program Files\Android\Android Studio\jbr\bin\zip.dll
0x00007fffb46b0000 - 0x00007fffb5ba8000 	C:\Windows\System32\SHELL32.dll
0x00007fffb42b0000 - 0x00007fffb4357000 	C:\Windows\System32\shcore.dll
0x00007fffb2320000 - 0x00007fffb2a67000 	C:\Windows\System32\windows.storage.dll
0x00007fffb1da0000 - 0x00007fffb1dc3000 	C:\Windows\System32\profapi.dll
0x00007fffb1d20000 - 0x00007fffb1d7d000 	C:\Windows\System32\powrprof.dll
0x00007fffb31d0000 - 0x00007fffb3222000 	C:\Windows\System32\shlwapi.dll
0x00007fffb1ef0000 - 0x00007fffb1f0b000 	C:\Windows\System32\cryptsp.dll
0x00007fffab050000 - 0x00007fffab069000 	C:\Program Files\Android\Android Studio\jbr\bin\net.dll
0x00007fffab3a0000 - 0x00007fffab49d000 	C:\Windows\SYSTEM32\WINHTTP.dll
0x00007fffb1510000 - 0x00007fffb1577000 	C:\Windows\system32\mswsock.dll
0x00007fffab030000 - 0x00007fffab046000 	C:\Program Files\Android\Android Studio\jbr\bin\nio.dll
0x00007fffab000000 - 0x00007fffab010000 	C:\Program Files\Android\Android Studio\jbr\bin\verify.dll

dbghelp: loaded successfully - version: 4.0.5 - missing functions: none
symbol engine: initialized successfully - sym options: 0x614 - pdb path: .;C:\Program Files\Android\Android Studio\jbr\bin;C:\Windows\SYSTEM32;C:\Windows\WinSxS\amd64_microsoft.windows.common-controls_6595b64144ccf1df_6.0.17763.5458_none_de7234b4534a7f0e;C:\Program Files\Android\Android Studio\jbr\bin\server

VM Arguments:
java_command: org.jetbrains.kotlin.cli.jvm.K2JVMCompiler @G:\SmartHousetryagain\app\build\20241123_17882883879012877170.compiler.options
java_class_path (initial): C:\UserProfiles\pr110valyshkov.OAT\.gradle\caches\modules-2\files-2.1\org.jetbrains.kotlin\kotlin-compiler-embeddable\1.9.0\2c8c3a7402becca891f12739b3e9fd2dc2adbd7a\kotlin-compiler-embeddable-1.9.0.jar;C:\UserProfiles\pr110valyshkov.OAT\.gradle\caches\modules-2\files-2.1\org.jetbrains.kotlin\kotlin-stdlib\1.9.0\8ee15ef0c67dc83d874f412d84378d7f0eb50b63\kotlin-stdlib-1.9.0.jar;C:\UserProfiles\pr110valyshkov.OAT\.gradle\caches\modules-2\files-2.1\org.jetbrains.kotlin\kotlin-script-runtime\1.9.0\4b3102cbbb7e1b58d9d1adf89563f00069ffa7d1\kotlin-script-runtime-1.9.0.jar;C:\UserProfiles\pr110valyshkov.OAT\.gradle\caches\modules-2\files-2.1\org.jetbrains.kotlin\kotlin-reflect\1.6.10\1cbe9c92c12a94eea200d23c2bbaedaf3daf5132\kotlin-reflect-1.6.10.jar;C:\UserProfiles\pr110valyshkov.OAT\.gradle\caches\modules-2\files-2.1\org.jetbrains.kotlin\kotlin-daemon-embeddable\1.9.0\186543f5e28cf8d9a0290fecc2cf34301c40a65c\kotlin-daemon-embeddable-1.9.0.jar;C:\UserProfiles\pr110valyshkov.OAT\.gradle\caches\modules-2\files-2.1\org.jetbrains.intellij.deps\trove4j\1.0.20200330\3afb14d5f9ceb459d724e907a21145e8ff394f02\trove4j-1.0.20200330.jar;C:\UserProfiles\pr110valyshkov.OAT\.gradle\caches\modules-2\files-2.1\org.jetbrains.kotlin\kotlin-stdlib-common\1.9.0\cd65c21cfd1eec4d44ef09f9f52b6d9f8a720636\kotlin-stdlib-common-1.9.0.jar;C:\UserProfiles\pr110valyshkov.OAT\.gradle\caches\modules-2\files-2.1\org.jetbrains\annotations\13.0\919f0dfe192fb4e063e7dacadee7f8bb9a2672a9\annotations-13.0.jar
Launcher Type: SUN_STANDARD

[Global flags]
     intx CICompilerCount                          = 4                                         {product} {ergonomic}
     uint ConcGCThreads                            = 2                                         {product} {ergonomic}
     uint G1ConcRefinementThreads                  = 8                                         {product} {ergonomic}
   size_t G1HeapRegionSize                         = 2097152                                   {product} {ergonomic}
    uintx GCDrainStackTargetSize                   = 64                                        {product} {ergonomic}
   size_t InitialHeapSize                          = 268435456                                 {product} {ergonomic}
   size_t MarkStackSize                            = 4194304                                   {product} {ergonomic}
   size_t MaxHeapSize                              = 4273995776                                {product} {ergonomic}
   size_t MaxNewSize                               = 2562719744                                {product} {ergonomic}
   size_t MinHeapDeltaBytes                        = 2097152                                   {product} {ergonomic}
   size_t MinHeapSize                              = 8388608                                   {product} {ergonomic}
    uintx NonNMethodCodeHeapSize                   = 5839372                                {pd product} {ergonomic}
    uintx NonProfiledCodeHeapSize                  = 122909434                              {pd product} {ergonomic}
    uintx ProfiledCodeHeapSize                     = 122909434                              {pd product} {ergonomic}
    uintx ReservedCodeCacheSize                    = 251658240                              {pd product} {ergonomic}
     bool SegmentedCodeCache                       = true                                      {product} {ergonomic}
   size_t SoftMaxHeapSize                          = 4273995776                             {manageable} {ergonomic}
     bool UseCompressedClassPointers               = true                           {product lp64_product} {ergonomic}
     bool UseCompressedOops                        = true                           {product lp64_product} {ergonomic}
     bool UseG1GC                                  = true                                      {product} {ergonomic}
     bool UseLargePagesIndividualAllocation        = false                                  {pd product} {ergonomic}

Logging:
Log output configuration:
 #0: stdout all=warning uptime,level,tags
 #1: stderr all=off uptime,level,tags

Environment Variables:
JAVA_HOME=C:\Program Files\Android\Jdk\microsoft_dist_openjdk_1.8.0.25
PATH=C:\Program Files\Python312\Scripts\;C:\Program Files\Python312\;C:\Program Files\Python311\Scripts\;C:\Program Files\Python311\;C:\Program Files (x86)\VMware\VMware Workstation\bin\;C:\Program Files (x86)\Common Files\Intel\Shared Libraries\redist\intel64\compiler;C:\Windows\system32;C:\Windows;C:\Windows\System32\Wbem;C:\Windows\System32\WindowsPowerShell\v1.0\;C:\Windows\System32\OpenSSH\;C:\Program Files\Common Files\Autodesk Shared\;C:\Program Files\Microsoft SQL Server\120\Tools\Binn\;C:\Program Files\dotnet\;C:\Program Files\Microsoft SQL Server\130\Tools\Binn\;C:\Program Files\Microsoft SQL Server\Client SDK\ODBC\170\Tools\Binn\;C:\Program Files (x86)\IncrediBuild;C:\Program Files (x86)\NVIDIA Corporation\PhysX\Common;C:\Program Files\Git\cmd;C:\Program Files\Microsoft VS Code\bin;C:\Program Files (x86)\Microsoft SQL Server\150\Tools\Binn\;C:\Program Files\Microsoft SQL Server\150\Tools\Binn\;C:\Program Files (x86)\Microsoft SQL Server\150\DTS\Binn\;C:\Program Files\Microsoft SQL Server\150\DTS\Binn\;C:\Program Files\Azure Data Studio\bin;C:\Program Files (x86)\Kaspersky Lab\KES.12.2.0\;C:\UserProfiles\pr110valyshkov.OAT\AppData\Local\Microsoft\WindowsApps;
USERNAME=pr110valyshkov
OS=Windows_NT
PROCESSOR_IDENTIFIER=Intel64 Family 6 Model 158 Stepping 13, GenuineIntel
TMP=C:\USERPR~1\pr110valyshkov.OAT\AppData\Local\Temp
TEMP=C:\USERPR~1\pr110valyshkov.OAT\AppData\Local\Temp


JNI global refs:
JNI global refs: 14, weak refs: 10

JNI global refs memory usage: 843, weak refs: 841

OOME stack traces (most recent first):
Classloader memory used:
Loader jdk.internal.loader.ClassLoaders$AppClassLoader                                 : 5437K
Loader bootstrap                                                                       : 1298K
Loader java.net.URLClassLoader                                                         : 43037B
Loader jdk.internal.reflect.DelegatingClassLoader                                      : 14392B


---------------  S Y S T E M  ---------------

OS:
 Windows 10 , 64 bit Build 17763 (10.0.17763.4974)
OS uptime: 0 days 1:28 hours

CPU: total 8 (initial active 8) (8 cores per cpu, 1 threads per core) family 6 model 158 stepping 13 microcode 0xde, cx8, cmov, fxsr, mmx, 3dnowpref, sse, sse2, sse3, ssse3, sse4.1, sse4.2, popcnt, lzcnt, tsc, tscinvbit, avx, avx2, aes, erms, clmul, bmi1, bmi2, adx, fma, vzeroupper, clflush, clflushopt

Memory: 4k page, system-wide physical 16303M (2837M free)
TotalPageFile size 16303M (AvailPageFile size 34M)
current process WorkingSet (physical memory assigned to process): 265M, peak: 281M
current process commit charge ("private bytes"): 303M, peak: 386M

vm_info: OpenJDK 64-Bit Server VM (17.0.7+0-b2043.56-10550314) for windows-amd64 JRE (17.0.7+0-b2043.56-10550314), built on Jul 24 2023 18:27:45 by "androidbuild" with MS VC++ 16.10 / 16.11 (VS2019)

END.
