#
# There is insufficient memory for the Java Runtime Environment to continue.
# Native memory allocation (malloc) failed to allocate 1141616 bytes for Chunk::new
# Possible reasons:
#   The system is out of physical RAM or swap space
#   The process is running with CompressedOops enabled, and the Java Heap may be blocking the growth of the native heap
# Possible solutions:
#   Reduce memory load on the system
#   Increase physical memory or swap space
#   Check if swap backing store is full
#   Decrease Java heap size (-Xmx/-Xms)
#   Decrease number of Java threads
#   Decrease Java thread stack sizes (-Xss)
#   Set larger code cache with -XX:ReservedCodeCacheSize=
#   JVM is running with Zero Based Compressed Oops mode in which the Java heap is
#     placed in the first 32GB address space. The Java Heap base address is the
#     maximum limit for the native heap growth. Please use -XX:HeapBaseMinAddress
#     to set the Java Heap base and to place the Java Heap above 32GB virtual address.
# This output file may be truncated or incomplete.
#
#  Out of Memory Error (arena.cpp:189), pid=12528, tid=4656
#
# JRE version: OpenJDK Runtime Environment (17.0.7) (build 17.0.7+0-b2043.56-10550314)
# Java VM: OpenJDK 64-Bit Server VM (17.0.7+0-b2043.56-10550314, mixed mode, tiered, compressed oops, compressed class ptrs, g1 gc, windows-amd64)
# No core dump will be written. Minidumps are not enabled by default on client versions of Windows
#

---------------  S U M M A R Y ------------

Command Line: org.jetbrains.kotlin.cli.jvm.K2JVMCompiler @G:\SmartHousetryagain\app\build\20241123_16886864907519767607.compiler.options

Host: Intel(R) Core(TM) i7-9700F CPU @ 3.00GHz, 8 cores, 15G,  Windows 10 , 64 bit Build 17763 (10.0.17763.4974)
Time: Sat Nov 23 09:26:34 2024 ќмское стандартное врем€ elapsed time: 3.701287 seconds (0d 0h 0m 3s)

---------------  T H R E A D  ---------------

Current thread (0x0000025443ea19a0):  JavaThread "C2 CompilerThread2" daemon [_thread_in_native, id=4656, stack(0x000000e6ea800000,0x000000e6ea900000)]


Current CompileTask:
C2:   3701 6938       4       org.jetbrains.kotlin.cli.jvm.index.JvmDependenciesIndexImpl::search (386 bytes)

Stack: [0x000000e6ea800000,0x000000e6ea900000]
Native frames: (J=compiled Java code, j=interpreted, Vv=VM code, C=native code)
V  [jvm.dll+0x683bfa]
V  [jvm.dll+0x8430a4]
V  [jvm.dll+0x8449be]
V  [jvm.dll+0x845023]
V  [jvm.dll+0x24ad2f]
V  [jvm.dll+0xac25c]
V  [jvm.dll+0xac82c]
V  [jvm.dll+0x2b218f]
V  [jvm.dll+0x58c2f7]
V  [jvm.dll+0x225a12]
V  [jvm.dll+0x225def]
V  [jvm.dll+0x21f0b5]
V  [jvm.dll+0x21c56b]
V  [jvm.dll+0x1a605d]
V  [jvm.dll+0x22c148]
V  [jvm.dll+0x22a209]
V  [jvm.dll+0x7f858c]
V  [jvm.dll+0x7f2aea]
V  [jvm.dll+0x682a35]
C  [ucrtbase.dll+0x2268a]
C  [KERNEL32.DLL+0x17ac4]
C  [ntdll.dll+0x5a4e1]


---------------  P R O C E S S  ---------------

Threads class SMR info:
_java_thread_list=0x00000254428cc0b0, length=14, elements={
0x000002541dc4ca00, 0x000002543c7b33b0, 0x000002543c7b5530, 0x000002543c812f80,
0x000002543c816bb0, 0x000002543c817560, 0x000002543c818ad0, 0x000002543c819860,
0x000002543c81a300, 0x000002543c82d7b0, 0x000002543c9985d0, 0x000002543c9994a0,
0x0000025441e90140, 0x0000025443ea19a0
}

Java Threads: ( => current thread )
  0x000002541dc4ca00 JavaThread "main" [_thread_in_vm, id=11640, stack(0x000000e6e8c00000,0x000000e6e8d00000)]
  0x000002543c7b33b0 JavaThread "Reference Handler" daemon [_thread_blocked, id=11612, stack(0x000000e6e9300000,0x000000e6e9400000)]
  0x000002543c7b5530 JavaThread "Finalizer" daemon [_thread_blocked, id=4836, stack(0x000000e6e9400000,0x000000e6e9500000)]
  0x000002543c812f80 JavaThread "Signal Dispatcher" daemon [_thread_blocked, id=1440, stack(0x000000e6e9500000,0x000000e6e9600000)]
  0x000002543c816bb0 JavaThread "Attach Listener" daemon [_thread_blocked, id=1444, stack(0x000000e6e9600000,0x000000e6e9700000)]
  0x000002543c817560 JavaThread "Service Thread" daemon [_thread_blocked, id=5808, stack(0x000000e6e9700000,0x000000e6e9800000)]
  0x000002543c818ad0 JavaThread "Monitor Deflation Thread" daemon [_thread_blocked, id=7272, stack(0x000000e6e9800000,0x000000e6e9900000)]
  0x000002543c819860 JavaThread "C2 CompilerThread0" daemon [_thread_in_native, id=12156, stack(0x000000e6e9900000,0x000000e6e9a00000)]
  0x000002543c81a300 JavaThread "C1 CompilerThread0" daemon [_thread_blocked, id=9804, stack(0x000000e6e9a00000,0x000000e6e9b00000)]
  0x000002543c82d7b0 JavaThread "Sweeper thread" daemon [_thread_blocked, id=13564, stack(0x000000e6e9b00000,0x000000e6e9c00000)]
  0x000002543c9985d0 JavaThread "Notification Thread" daemon [_thread_blocked, id=7268, stack(0x000000e6e9c00000,0x000000e6e9d00000)]
  0x000002543c9994a0 JavaThread "Common-Cleaner" daemon [_thread_blocked, id=14284, stack(0x000000e6e9e00000,0x000000e6e9f00000)]
  0x0000025441e90140 JavaThread "C2 CompilerThread1" daemon [_thread_in_native, id=7536, stack(0x000000e6e9f00000,0x000000e6ea000000)]
=>0x0000025443ea19a0 JavaThread "C2 CompilerThread2" daemon [_thread_in_native, id=4656, stack(0x000000e6ea800000,0x000000e6ea900000)]

Other Threads:
  0x000002543c62d380 VMThread "VM Thread" [stack: 0x000000e6e9200000,0x000000e6e9300000] [id=10640]
  0x000002543c998aa0 WatcherThread [stack: 0x000000e6e9d00000,0x000000e6e9e00000] [id=8232]
  0x000002541dcb9c60 GCTaskThread "GC Thread#0" [stack: 0x000000e6e8d00000,0x000000e6e8e00000] [id=1340]
  0x0000025441308c40 GCTaskThread "GC Thread#1" [stack: 0x000000e6ea000000,0x000000e6ea100000] [id=5036]
  0x0000025441308ef0 GCTaskThread "GC Thread#2" [stack: 0x000000e6ea100000,0x000000e6ea200000] [id=11248]
  0x00000254413091a0 GCTaskThread "GC Thread#3" [stack: 0x000000e6ea200000,0x000000e6ea300000] [id=13644]
  0x0000025441309450 GCTaskThread "GC Thread#4" [stack: 0x000000e6ea300000,0x000000e6ea400000] [id=2976]
  0x0000025441309700 GCTaskThread "GC Thread#5" [stack: 0x000000e6ea400000,0x000000e6ea500000] [id=1488]
  0x00000254415f2100 GCTaskThread "GC Thread#6" [stack: 0x000000e6ea500000,0x000000e6ea600000] [id=11560]
  0x00000254415f2660 GCTaskThread "GC Thread#7" [stack: 0x000000e6ea600000,0x000000e6ea700000] [id=13984]
  0x000002541dccaa60 ConcurrentGCThread "G1 Main Marker" [stack: 0x000000e6e8e00000,0x000000e6e8f00000] [id=5656]
  0x000002541dccb470 ConcurrentGCThread "G1 Conc#0" [stack: 0x000000e6e8f00000,0x000000e6e9000000] [id=4984]
  0x00000254415f1390 ConcurrentGCThread "G1 Conc#1" [stack: 0x000000e6ea700000,0x000000e6ea800000] [id=2020]
  0x000002543c4d3580 ConcurrentGCThread "G1 Refine#0" [stack: 0x000000e6e9000000,0x000000e6e9100000] [id=12944]
  0x000002543c4d3eb0 ConcurrentGCThread "G1 Service" [stack: 0x000000e6e9100000,0x000000e6e9200000] [id=10396]

Threads with active compile tasks:
C2 CompilerThread0     3747 7015       4       org.jetbrains.kotlin.serialization.deserialization.descriptors.DeserializedMemberScope::getContributedClassifier (63 bytes)
C2 CompilerThread1     3747 6752       4       org.jetbrains.kotlin.types.TypeUtils::contains (301 bytes)
C2 CompilerThread2     3747 6938       4       org.jetbrains.kotlin.cli.jvm.index.JvmDependenciesIndexImpl::search (386 bytes)

VM state: not at safepoint (normal execution)

VM Mutex/Monitor currently owned by a thread: None

Heap address: 0x0000000701400000, size: 4076 MB, Compressed Oops mode: Zero based, Oop shift amount: 3

CDS archive(s) not mapped
Compressed class space mapped at: 0x0000000800000000-0x0000000840000000, reserved size: 1073741824
Narrow klass base: 0x0000000800000000, Narrow klass shift: 0, Narrow klass range: 0x40000000

GC Precious Log:
 CPUs: 8 total, 8 available
 Memory: 16303M
 Large Page Support: Disabled
 NUMA Support: Disabled
 Compressed Oops: Enabled (Zero based)
 Heap Region Size: 2M
 Heap Min Capacity: 8M
 Heap Initial Capacity: 256M
 Heap Max Capacity: 4076M
 Pre-touch: Disabled
 Parallel Workers: 8
 Concurrent Workers: 2
 Concurrent Refinement Workers: 8
 Periodic GC: Disabled

Heap:
 garbage-first heap   total 161792K, used 68242K [0x0000000701400000, 0x0000000800000000)
  region size 2048K, 13 young (26624K), 1 survivors (2048K)
 Metaspace       used 57480K, committed 57728K, reserved 1114112K
  class space    used 6747K, committed 6848K, reserved 1048576K

Heap Regions: E=young(eden), S=young(survivor), O=old, HS=humongous(starts), HC=humongous(continues), CS=collection set, F=free, OA=open archive, CA=closed archive, TAMS=top-at-mark-start (previous, next)
|   0|0x0000000701400000, 0x0000000701600000, 0x0000000701600000|100%|HS|  |TAMS 0x0000000701600000, 0x0000000701400000| Complete 
|   1|0x0000000701600000, 0x0000000701800000, 0x0000000701800000|100%|HC|  |TAMS 0x0000000701800000, 0x0000000701600000| Complete 
|   2|0x0000000701800000, 0x0000000701962800, 0x0000000701a00000| 69%| O|  |TAMS 0x0000000701962800, 0x0000000701800000| Untracked 
|   3|0x0000000701a00000, 0x0000000701c00000, 0x0000000701c00000|100%| O|  |TAMS 0x0000000701c00000, 0x0000000701a00000| Untracked 
|   4|0x0000000701c00000, 0x0000000701e00000, 0x0000000701e00000|100%| O|  |TAMS 0x0000000701e00000, 0x0000000701c00000| Untracked 
|   5|0x0000000701e00000, 0x0000000702000000, 0x0000000702000000|100%| O|  |TAMS 0x0000000702000000, 0x0000000701e00000| Untracked 
|   6|0x0000000702000000, 0x0000000702200000, 0x0000000702200000|100%| O|  |TAMS 0x0000000702200000, 0x0000000702000000| Untracked 
|   7|0x0000000702200000, 0x0000000702400000, 0x0000000702400000|100%| O|  |TAMS 0x0000000702400000, 0x0000000702200000| Untracked 
|   8|0x0000000702400000, 0x0000000702600000, 0x0000000702600000|100%| O|  |TAMS 0x0000000702600000, 0x0000000702400000| Untracked 
|   9|0x0000000702600000, 0x0000000702800000, 0x0000000702800000|100%|HS|  |TAMS 0x0000000702800000, 0x0000000702600000| Complete 
|  10|0x0000000702800000, 0x0000000702a00000, 0x0000000702a00000|100%| O|  |TAMS 0x0000000702a00000, 0x0000000702800000| Untracked 
|  11|0x0000000702a00000, 0x0000000702c00000, 0x0000000702c00000|100%| O|  |TAMS 0x0000000702c00000, 0x0000000702a00000| Untracked 
|  12|0x0000000702c00000, 0x0000000702e00000, 0x0000000702e00000|100%| O|  |TAMS 0x0000000702e00000, 0x0000000702c00000| Untracked 
|  13|0x0000000702e00000, 0x0000000703000000, 0x0000000703000000|100%| O|  |TAMS 0x0000000703000000, 0x0000000702e00000| Untracked 
|  14|0x0000000703000000, 0x0000000703200000, 0x0000000703200000|100%| O|  |TAMS 0x0000000703200000, 0x0000000703000000| Untracked 
|  15|0x0000000703200000, 0x0000000703400000, 0x0000000703400000|100%| O|  |TAMS 0x0000000703400000, 0x0000000703200000| Untracked 
|  16|0x0000000703400000, 0x0000000703600000, 0x0000000703600000|100%| O|  |TAMS 0x0000000703600000, 0x0000000703400000| Untracked 
|  17|0x0000000703600000, 0x0000000703800000, 0x0000000703800000|100%| O|  |TAMS 0x0000000703800000, 0x0000000703600000| Untracked 
|  18|0x0000000703800000, 0x0000000703a00000, 0x0000000703a00000|100%| O|  |TAMS 0x0000000703a00000, 0x0000000703800000| Untracked 
|  19|0x0000000703a00000, 0x0000000703c00000, 0x0000000703c00000|100%| O|  |TAMS 0x0000000703c00000, 0x0000000703a00000| Untracked 
|  20|0x0000000703c00000, 0x0000000703e00000, 0x0000000703e00000|100%| O|  |TAMS 0x0000000703e00000, 0x0000000703c00000| Untracked 
|  21|0x0000000703e00000, 0x0000000704000000, 0x0000000704000000|100%| O|  |TAMS 0x0000000704000000, 0x0000000703e00000| Untracked 
|  22|0x0000000704000000, 0x0000000704103600, 0x0000000704200000| 50%| O|  |TAMS 0x0000000704103600, 0x0000000704000000| Untracked 
|  23|0x0000000704200000, 0x0000000704200000, 0x0000000704400000|  0%| F|  |TAMS 0x0000000704200000, 0x0000000704200000| Untracked 
|  24|0x0000000704400000, 0x0000000704400000, 0x0000000704600000|  0%| F|  |TAMS 0x0000000704400000, 0x0000000704400000| Untracked 
|  25|0x0000000704600000, 0x0000000704600000, 0x0000000704800000|  0%| F|  |TAMS 0x0000000704600000, 0x0000000704600000| Untracked 
|  26|0x0000000704800000, 0x0000000704800000, 0x0000000704a00000|  0%| F|  |TAMS 0x0000000704800000, 0x0000000704800000| Untracked 
|  27|0x0000000704a00000, 0x0000000704a00000, 0x0000000704c00000|  0%| F|  |TAMS 0x0000000704a00000, 0x0000000704a00000| Untracked 
|  28|0x0000000704c00000, 0x0000000704c00000, 0x0000000704e00000|  0%| F|  |TAMS 0x0000000704c00000, 0x0000000704c00000| Untracked 
|  29|0x0000000704e00000, 0x0000000704e00000, 0x0000000705000000|  0%| F|  |TAMS 0x0000000704e00000, 0x0000000704e00000| Untracked 
|  30|0x0000000705000000, 0x0000000705000000, 0x0000000705200000|  0%| F|  |TAMS 0x0000000705000000, 0x0000000705000000| Untracked 
|  31|0x0000000705200000, 0x0000000705200000, 0x0000000705400000|  0%| F|  |TAMS 0x0000000705200000, 0x0000000705200000| Untracked 
|  32|0x0000000705400000, 0x000000070543eba0, 0x0000000705600000| 12%| S|CS|TAMS 0x0000000705400000, 0x0000000705400000| Complete 
|  33|0x0000000705600000, 0x0000000705600000, 0x0000000705800000|  0%| F|  |TAMS 0x0000000705600000, 0x0000000705600000| Untracked 
|  34|0x0000000705800000, 0x0000000705800000, 0x0000000705a00000|  0%| F|  |TAMS 0x0000000705800000, 0x0000000705800000| Untracked 
|  35|0x0000000705a00000, 0x0000000705a00000, 0x0000000705c00000|  0%| F|  |TAMS 0x0000000705a00000, 0x0000000705a00000| Untracked 
|  36|0x0000000705c00000, 0x0000000705c00000, 0x0000000705e00000|  0%| F|  |TAMS 0x0000000705c00000, 0x0000000705c00000| Untracked 
|  37|0x0000000705e00000, 0x0000000705e00000, 0x0000000706000000|  0%| F|  |TAMS 0x0000000705e00000, 0x0000000705e00000| Untracked 
|  38|0x0000000706000000, 0x0000000706000000, 0x0000000706200000|  0%| F|  |TAMS 0x0000000706000000, 0x0000000706000000| Untracked 
|  39|0x0000000706200000, 0x0000000706200000, 0x0000000706400000|  0%| F|  |TAMS 0x0000000706200000, 0x0000000706200000| Untracked 
|  40|0x0000000706400000, 0x0000000706400000, 0x0000000706600000|  0%| F|  |TAMS 0x0000000706400000, 0x0000000706400000| Untracked 
|  41|0x0000000706600000, 0x0000000706600000, 0x0000000706800000|  0%| F|  |TAMS 0x0000000706600000, 0x0000000706600000| Untracked 
|  42|0x0000000706800000, 0x0000000706800000, 0x0000000706a00000|  0%| F|  |TAMS 0x0000000706800000, 0x0000000706800000| Untracked 
|  43|0x0000000706a00000, 0x0000000706a00000, 0x0000000706c00000|  0%| F|  |TAMS 0x0000000706a00000, 0x0000000706a00000| Untracked 
|  44|0x0000000706c00000, 0x0000000706c00000, 0x0000000706e00000|  0%| F|  |TAMS 0x0000000706c00000, 0x0000000706c00000| Untracked 
|  45|0x0000000706e00000, 0x0000000706e00000, 0x0000000707000000|  0%| F|  |TAMS 0x0000000706e00000, 0x0000000706e00000| Untracked 
|  46|0x0000000707000000, 0x0000000707000000, 0x0000000707200000|  0%| F|  |TAMS 0x0000000707000000, 0x0000000707000000| Untracked 
|  47|0x0000000707200000, 0x0000000707200000, 0x0000000707400000|  0%| F|  |TAMS 0x0000000707200000, 0x0000000707200000| Untracked 
|  48|0x0000000707400000, 0x0000000707400000, 0x0000000707600000|  0%| F|  |TAMS 0x0000000707400000, 0x0000000707400000| Untracked 
|  49|0x0000000707600000, 0x0000000707600000, 0x0000000707800000|  0%| F|  |TAMS 0x0000000707600000, 0x0000000707600000| Untracked 
|  50|0x0000000707800000, 0x0000000707800000, 0x0000000707a00000|  0%| F|  |TAMS 0x0000000707800000, 0x0000000707800000| Untracked 
|  51|0x0000000707a00000, 0x0000000707a00000, 0x0000000707c00000|  0%| F|  |TAMS 0x0000000707a00000, 0x0000000707a00000| Untracked 
|  52|0x0000000707c00000, 0x0000000707c00000, 0x0000000707e00000|  0%| F|  |TAMS 0x0000000707c00000, 0x0000000707c00000| Untracked 
|  53|0x0000000707e00000, 0x0000000707e00000, 0x0000000708000000|  0%| F|  |TAMS 0x0000000707e00000, 0x0000000707e00000| Untracked 
|  54|0x0000000708000000, 0x0000000708000000, 0x0000000708200000|  0%| F|  |TAMS 0x0000000708000000, 0x0000000708000000| Untracked 
|  55|0x0000000708200000, 0x0000000708200000, 0x0000000708400000|  0%| F|  |TAMS 0x0000000708200000, 0x0000000708200000| Untracked 
|  56|0x0000000708400000, 0x0000000708400000, 0x0000000708600000|  0%| F|  |TAMS 0x0000000708400000, 0x0000000708400000| Untracked 
|  57|0x0000000708600000, 0x0000000708600000, 0x0000000708800000|  0%| F|  |TAMS 0x0000000708600000, 0x0000000708600000| Untracked 
|  58|0x0000000708800000, 0x0000000708800000, 0x0000000708a00000|  0%| F|  |TAMS 0x0000000708800000, 0x0000000708800000| Untracked 
|  59|0x0000000708a00000, 0x0000000708a00000, 0x0000000708c00000|  0%| F|  |TAMS 0x0000000708a00000, 0x0000000708a00000| Untracked 
|  60|0x0000000708c00000, 0x0000000708c00000, 0x0000000708e00000|  0%| F|  |TAMS 0x0000000708c00000, 0x0000000708c00000| Untracked 
|  61|0x0000000708e00000, 0x0000000708e00000, 0x0000000709000000|  0%| F|  |TAMS 0x0000000708e00000, 0x0000000708e00000| Untracked 
|  62|0x0000000709000000, 0x0000000709000000, 0x0000000709200000|  0%| F|  |TAMS 0x0000000709000000, 0x0000000709000000| Untracked 
|  63|0x0000000709200000, 0x0000000709200000, 0x0000000709400000|  0%| F|  |TAMS 0x0000000709200000, 0x0000000709200000| Untracked 
|  64|0x0000000709400000, 0x0000000709400000, 0x0000000709600000|  0%| F|  |TAMS 0x0000000709400000, 0x0000000709400000| Untracked 
|  65|0x0000000709600000, 0x0000000709600000, 0x0000000709800000|  0%| F|  |TAMS 0x0000000709600000, 0x0000000709600000| Untracked 
|  66|0x0000000709800000, 0x0000000709800000, 0x0000000709a00000|  0%| F|  |TAMS 0x0000000709800000, 0x0000000709800000| Untracked 
|  67|0x0000000709a00000, 0x0000000709c00000, 0x0000000709c00000|100%| E|  |TAMS 0x0000000709a00000, 0x0000000709a00000| Complete 
|  68|0x0000000709c00000, 0x0000000709e00000, 0x0000000709e00000|100%| E|CS|TAMS 0x0000000709c00000, 0x0000000709c00000| Complete 
|  69|0x0000000709e00000, 0x000000070a000000, 0x000000070a000000|100%| E|CS|TAMS 0x0000000709e00000, 0x0000000709e00000| Complete 
|  70|0x000000070a000000, 0x000000070a200000, 0x000000070a200000|100%| E|CS|TAMS 0x000000070a000000, 0x000000070a000000| Complete 
|  71|0x000000070a200000, 0x000000070a400000, 0x000000070a400000|100%| E|CS|TAMS 0x000000070a200000, 0x000000070a200000| Complete 
|  72|0x000000070a400000, 0x000000070a600000, 0x000000070a600000|100%| E|CS|TAMS 0x000000070a400000, 0x000000070a400000| Complete 
|  73|0x000000070a600000, 0x000000070a800000, 0x000000070a800000|100%| E|CS|TAMS 0x000000070a600000, 0x000000070a600000| Complete 
|  74|0x000000070a800000, 0x000000070aa00000, 0x000000070aa00000|100%| E|CS|TAMS 0x000000070a800000, 0x000000070a800000| Complete 
|  75|0x000000070aa00000, 0x000000070ac00000, 0x000000070ac00000|100%| E|CS|TAMS 0x000000070aa00000, 0x000000070aa00000| Complete 
|  76|0x000000070ac00000, 0x000000070ae00000, 0x000000070ae00000|100%| E|CS|TAMS 0x000000070ac00000, 0x000000070ac00000| Complete 
| 106|0x000000070e800000, 0x000000070ea00000, 0x000000070ea00000|100%| E|CS|TAMS 0x000000070e800000, 0x000000070e800000| Complete 
| 127|0x0000000711200000, 0x0000000711400000, 0x0000000711400000|100%| E|CS|TAMS 0x0000000711200000, 0x0000000711200000| Complete 

Card table byte_map: [0x0000025430c40000,0x0000025431440000] _byte_map_base: 0x000002542d436000

Marking Bits (Prev, Next): (CMBitMap*) 0x000002541dcba2b0, (CMBitMap*) 0x000002541dcba270
 Prev Bits: [0x0000025435bf0000, 0x0000025439ba0000)
 Next Bits: [0x0000025431c40000, 0x0000025435bf0000)

Polling page: 0x000002541d400000

Metaspace:

Usage:
  Non-class:     49.55 MB used.
      Class:      6.59 MB used.
       Both:     56.14 MB used.

Virtual space:
  Non-class space:       64.00 MB reserved,      49.69 MB ( 78%) committed,  1 nodes.
      Class space:        1.00 GB reserved,       6.69 MB ( <1%) committed,  1 nodes.
             Both:        1.06 GB reserved,      56.38 MB (  5%) committed. 

Chunk freelists:
   Non-Class:  13.94 MB
       Class:  9.27 MB
        Both:  23.20 MB

MaxMetaspaceSize: unlimited
CompressedClassSpaceSize: 1.00 GB
Initial GC threshold: 21.00 MB
Current GC threshold: 89.50 MB
CDS: off
MetaspaceReclaimPolicy: balanced
 - commit_granule_bytes: 65536.
 - commit_granule_words: 8192.
 - virtual_space_node_default_size: 8388608.
 - enlarge_chunks_in_place: 1.
 - new_chunks_are_fully_committed: 0.
 - uncommit_free_chunks: 1.
 - use_allocation_guard: 0.
 - handle_deallocations: 1.


Internal statistics:

num_allocs_failed_limit: 6.
num_arena_births: 246.
num_arena_deaths: 0.
num_vsnodes_births: 2.
num_vsnodes_deaths: 0.
num_space_committed: 900.
num_space_uncommitted: 0.
num_chunks_returned_to_freelist: 6.
num_chunks_taken_from_freelist: 2034.
num_chunk_merges: 6.
num_chunk_splits: 1647.
num_chunks_enlarged: 1451.
num_inconsistent_stats: 0.

CodeHeap 'non-profiled nmethods': size=120000Kb used=3284Kb max_used=3284Kb free=116715Kb
 bounds [0x0000025428be0000, 0x0000025428f20000, 0x0000025430110000]
CodeHeap 'profiled nmethods': size=120000Kb used=14917Kb max_used=14917Kb free=105082Kb
 bounds [0x0000025421110000, 0x0000025421fb0000, 0x0000025428640000]
CodeHeap 'non-nmethods': size=5760Kb used=1289Kb max_used=1389Kb free=4470Kb
 bounds [0x0000025428640000, 0x00000254288b0000, 0x0000025428be0000]
 total_blobs=6861 nmethods=6262 adapters=510
 compilation: enabled
              stopped_count=0, restarted_count=0
 full_count=0

Compilation events (20 events):
Event: 3.696 Thread 0x000002543c81a300 nmethod 7136 0x0000025421f66490 code [0x0000025421f66640, 0x0000025421f66868]
Event: 3.696 Thread 0x000002543c81a300 7143       1       org.jetbrains.kotlin.types.checker.ClassicTypeSystemContext$DefaultImpls::useRefinedBoundsForTypeVariableInFlexiblePosition (2 bytes)
Event: 3.696 Thread 0x000002543c81a300 nmethod 7143 0x0000025428f13590 code [0x0000025428f13720, 0x0000025428f137d8]
Event: 3.696 Thread 0x000002543c81a300 7137       1       org.jetbrains.kotlin.resolve.calls.tower.KotlinResolutionCallbacksImpl::getTrace (5 bytes)
Event: 3.696 Thread 0x000002543c81a300 nmethod 7137 0x0000025428f13890 code [0x0000025428f13a20, 0x0000025428f13af8]
Event: 3.696 Thread 0x000002543c81a300 7138       1       org.jetbrains.kotlin.resolve.calls.components.candidate.SimpleResolutionCandidate::getSubResolvedAtoms (5 bytes)
Event: 3.696 Thread 0x000002543c81a300 nmethod 7138 0x0000025428f13b90 code [0x0000025428f13d20, 0x0000025428f13df8]
Event: 3.696 Thread 0x000002543c81a300 7139       1       org.jetbrains.kotlin.resolve.calls.components.candidate.SimpleResolutionCandidate::getScopeTower (5 bytes)
Event: 3.696 Thread 0x000002543c81a300 nmethod 7139 0x0000025428f13e90 code [0x0000025428f14020, 0x0000025428f140f8]
Event: 3.696 Thread 0x000002543c81a300 7144       3       org.jetbrains.kotlin.descriptors.annotations.AnnotationSplitter$LazySplitAnnotations::iterator (10 bytes)
Event: 3.696 Thread 0x000002543c81a300 nmethod 7144 0x0000025421f66990 code [0x0000025421f66c60, 0x0000025421f67a38]
Event: 3.696 Thread 0x000002543c81a300 7145       3       org.jetbrains.kotlin.psi.KtProperty::getAccessors (17 bytes)
Event: 3.697 Thread 0x000002543c81a300 nmethod 7145 0x0000025421f67f10 code [0x0000025421f68120, 0x0000025421f68988]
Event: 3.697 Thread 0x000002543c81a300 7147       3       javaslang.control.Option::none (6 bytes)
Event: 3.697 Thread 0x000002543c81a300 nmethod 7147 0x0000025421f68c10 code [0x0000025421f68da0, 0x0000025421f68ef8]
Event: 3.697 Thread 0x000002543c81a300 7146       1       org.jetbrains.kotlin.resolve.BindingTraceContext::access$000 (5 bytes)
Event: 3.697 Thread 0x000002543c81a300 nmethod 7146 0x0000025428f14190 code [0x0000025428f14320, 0x0000025428f143d8]
Event: 3.697 Thread 0x000002543c81a300 7148       3       org.jetbrains.kotlin.descriptors.impl.PropertyDescriptorImpl::getReturnType (14 bytes)
Event: 3.697 Thread 0x000002543c81a300 nmethod 7148 0x0000025421f68f90 code [0x0000025421f69140, 0x0000025421f69418]
Event: 3.698 Thread 0x000002543c81a300 7149       3       org.jetbrains.kotlin.com.intellij.extapi.psi.ASTDelegatePsiElement::<init> (5 bytes)

GC Heap History (20 events):
Event: 1.640 GC heap before
{Heap before GC invocations=6 (full 0):
 garbage-first heap   total 40960K, used 27776K [0x0000000701400000, 0x0000000800000000)
  region size 2048K, 7 young (14336K), 1 survivors (2048K)
 Metaspace       used 35569K, committed 35776K, reserved 1114112K
  class space    used 4529K, committed 4672K, reserved 1048576K
}
Event: 1.643 GC heap after
{Heap after GC invocations=7 (full 0):
 garbage-first heap   total 40960K, used 17767K [0x0000000701400000, 0x0000000800000000)
  region size 2048K, 1 young (2048K), 1 survivors (2048K)
 Metaspace       used 35569K, committed 35776K, reserved 1114112K
  class space    used 4529K, committed 4672K, reserved 1048576K
}
Event: 1.667 GC heap before
{Heap before GC invocations=7 (full 0):
 garbage-first heap   total 40960K, used 19815K [0x0000000701400000, 0x0000000800000000)
  region size 2048K, 3 young (6144K), 1 survivors (2048K)
 Metaspace       used 35876K, committed 36096K, reserved 1114112K
  class space    used 4563K, committed 4672K, reserved 1048576K
}
Event: 1.669 GC heap after
{Heap after GC invocations=8 (full 0):
 garbage-first heap   total 151552K, used 18466K [0x0000000701400000, 0x0000000800000000)
  region size 2048K, 1 young (2048K), 1 survivors (2048K)
 Metaspace       used 35876K, committed 36096K, reserved 1114112K
  class space    used 4563K, committed 4672K, reserved 1048576K
}
Event: 2.108 GC heap before
{Heap before GC invocations=9 (full 0):
 garbage-first heap   total 75776K, used 59426K [0x0000000701400000, 0x0000000800000000)
  region size 2048K, 22 young (45056K), 1 survivors (2048K)
 Metaspace       used 45689K, committed 45888K, reserved 1114112K
  class space    used 5581K, committed 5696K, reserved 1048576K
}
Event: 2.114 GC heap after
{Heap after GC invocations=10 (full 0):
 garbage-first heap   total 75776K, used 22225K [0x0000000701400000, 0x0000000800000000)
  region size 2048K, 3 young (6144K), 3 survivors (6144K)
 Metaspace       used 45689K, committed 45888K, reserved 1114112K
  class space    used 5581K, committed 5696K, reserved 1048576K
}
Event: 2.277 GC heap before
{Heap before GC invocations=10 (full 0):
 garbage-first heap   total 75776K, used 50897K [0x0000000701400000, 0x0000000800000000)
  region size 2048K, 17 young (34816K), 3 survivors (6144K)
 Metaspace       used 47481K, committed 47744K, reserved 1114112K
  class space    used 5768K, committed 5888K, reserved 1048576K
}
Event: 2.284 GC heap after
{Heap after GC invocations=11 (full 0):
 garbage-first heap   total 75776K, used 27728K [0x0000000701400000, 0x0000000800000000)
  region size 2048K, 2 young (4096K), 2 survivors (4096K)
 Metaspace       used 47481K, committed 47744K, reserved 1114112K
  class space    used 5768K, committed 5888K, reserved 1048576K
}
Event: 2.431 GC heap before
{Heap before GC invocations=11 (full 0):
 garbage-first heap   total 75776K, used 52304K [0x0000000701400000, 0x0000000800000000)
  region size 2048K, 14 young (28672K), 2 survivors (4096K)
 Metaspace       used 48783K, committed 49024K, reserved 1114112K
  class space    used 5900K, committed 6016K, reserved 1048576K
}
Event: 2.437 GC heap after
{Heap after GC invocations=12 (full 0):
 garbage-first heap   total 75776K, used 30190K [0x0000000701400000, 0x0000000800000000)
  region size 2048K, 2 young (4096K), 2 survivors (4096K)
 Metaspace       used 48783K, committed 49024K, reserved 1114112K
  class space    used 5900K, committed 6016K, reserved 1048576K
}
Event: 2.744 GC heap before
{Heap before GC invocations=12 (full 0):
 garbage-first heap   total 75776K, used 52718K [0x0000000701400000, 0x0000000800000000)
  region size 2048K, 14 young (28672K), 2 survivors (4096K)
 Metaspace       used 52651K, committed 52864K, reserved 1114112K
  class space    used 6287K, committed 6400K, reserved 1048576K
}
Event: 2.753 GC heap after
{Heap after GC invocations=13 (full 0):
 garbage-first heap   total 94208K, used 34314K [0x0000000701400000, 0x0000000800000000)
  region size 2048K, 2 young (4096K), 2 survivors (4096K)
 Metaspace       used 52651K, committed 52864K, reserved 1114112K
  class space    used 6287K, committed 6400K, reserved 1048576K
}
Event: 3.110 GC heap before
{Heap before GC invocations=13 (full 0):
 garbage-first heap   total 94208K, used 67082K [0x0000000701400000, 0x0000000800000000)
  region size 2048K, 18 young (36864K), 2 survivors (4096K)
 Metaspace       used 53687K, committed 53888K, reserved 1114112K
  class space    used 6323K, committed 6400K, reserved 1048576K
}
Event: 3.123 GC heap after
{Heap after GC invocations=14 (full 0):
 garbage-first heap   total 94208K, used 40330K [0x0000000701400000, 0x0000000800000000)
  region size 2048K, 3 young (6144K), 3 survivors (6144K)
 Metaspace       used 53687K, committed 53888K, reserved 1114112K
  class space    used 6323K, committed 6400K, reserved 1048576K
}
Event: 3.294 GC heap before
{Heap before GC invocations=14 (full 0):
 garbage-first heap   total 94208K, used 69002K [0x0000000701400000, 0x0000000800000000)
  region size 2048K, 17 young (34816K), 3 survivors (6144K)
 Metaspace       used 54314K, committed 54592K, reserved 1114112K
  class space    used 6377K, committed 6464K, reserved 1048576K
}
Event: 3.307 GC heap after
{Heap after GC invocations=15 (full 0):
 garbage-first heap   total 94208K, used 46005K [0x0000000701400000, 0x0000000800000000)
  region size 2048K, 3 young (6144K), 3 survivors (6144K)
 Metaspace       used 54314K, committed 54592K, reserved 1114112K
  class space    used 6377K, committed 6464K, reserved 1048576K
}
Event: 3.344 GC heap before
{Heap before GC invocations=15 (full 0):
 garbage-first heap   total 94208K, used 70581K [0x0000000701400000, 0x0000000800000000)
  region size 2048K, 15 young (30720K), 3 survivors (6144K)
 Metaspace       used 54343K, committed 54592K, reserved 1114112K
  class space    used 6377K, committed 6464K, reserved 1048576K
}
Event: 3.349 GC heap after
{Heap after GC invocations=16 (full 0):
 garbage-first heap   total 94208K, used 46456K [0x0000000701400000, 0x0000000800000000)
  region size 2048K, 1 young (2048K), 1 survivors (2048K)
 Metaspace       used 54343K, committed 54592K, reserved 1114112K
  class space    used 6377K, committed 6464K, reserved 1048576K
}
Event: 3.377 GC heap before
{Heap before GC invocations=16 (full 0):
 garbage-first heap   total 94208K, used 71032K [0x0000000701400000, 0x0000000800000000)
  region size 2048K, 13 young (26624K), 1 survivors (2048K)
 Metaspace       used 54358K, committed 54592K, reserved 1114112K
  class space    used 6377K, committed 6464K, reserved 1048576K
}
Event: 3.377 GC heap after
{Heap after GC invocations=17 (full 0):
 garbage-first heap   total 161792K, used 45714K [0x0000000701400000, 0x0000000800000000)
  region size 2048K, 1 young (2048K), 1 survivors (2048K)
 Metaspace       used 54358K, committed 54592K, reserved 1114112K
  class space    used 6377K, committed 6464K, reserved 1048576K
}

Dll operation events (2 events):
Event: 0.003 Loaded shared library C:\Program Files\Android\Android Studio\jbr\bin\java.dll
Event: 1.092 Loaded shared library C:\Program Files\Android\Android Studio\jbr\bin\verify.dll

Deoptimization events (20 events):
Event: 3.643 Thread 0x000002541dc4ca00 Uncommon trap: trap_request=0xffffffde fr.pc=0x0000025428e74ac4 relative=0x0000000000000904
Event: 3.643 Thread 0x000002541dc4ca00 Uncommon trap: reason=class_check action=maybe_recompile pc=0x0000025428e74ac4 method=kotlin.collections.CollectionsKt__MutableCollectionsKt.addAll(Ljava/util/Collection;Ljava/lang/Iterable;)Z @ 49 c2
Event: 3.643 Thread 0x000002541dc4ca00 DEOPT PACKING pc=0x0000025428e74ac4 sp=0x000000e6e8cf9390
Event: 3.643 Thread 0x000002541dc4ca00 DEOPT UNPACKING pc=0x00000254286969a3 sp=0x000000e6e8cf9388 mode 2
Event: 3.644 Thread 0x000002541dc4ca00 Uncommon trap: trap_request=0xffffffc6 fr.pc=0x0000025428d3daa0 relative=0x0000000000000180
Event: 3.644 Thread 0x000002541dc4ca00 Uncommon trap: reason=bimorphic_or_optimized_type_check action=maybe_recompile pc=0x0000025428d3daa0 method=org.jetbrains.kotlin.descriptors.impl.ValueParameterDescriptorImpl.declaresDefaultValue()Z @ 20 c2
Event: 3.644 Thread 0x000002541dc4ca00 DEOPT PACKING pc=0x0000025428d3daa0 sp=0x000000e6e8cf9f00
Event: 3.644 Thread 0x000002541dc4ca00 DEOPT UNPACKING pc=0x00000254286969a3 sp=0x000000e6e8cf9e90 mode 2
Event: 3.657 Thread 0x000002541dc4ca00 Uncommon trap: trap_request=0xffffffc6 fr.pc=0x0000025428d3daa0 relative=0x0000000000000180
Event: 3.657 Thread 0x000002541dc4ca00 Uncommon trap: reason=bimorphic_or_optimized_type_check action=maybe_recompile pc=0x0000025428d3daa0 method=org.jetbrains.kotlin.descriptors.impl.ValueParameterDescriptorImpl.declaresDefaultValue()Z @ 20 c2
Event: 3.657 Thread 0x000002541dc4ca00 DEOPT PACKING pc=0x0000025428d3daa0 sp=0x000000e6e8cfa2f0
Event: 3.657 Thread 0x000002541dc4ca00 DEOPT UNPACKING pc=0x00000254286969a3 sp=0x000000e6e8cfa278 mode 2
Event: 3.657 Thread 0x000002541dc4ca00 Uncommon trap: trap_request=0xffffffc6 fr.pc=0x0000025428d3daa0 relative=0x0000000000000180
Event: 3.657 Thread 0x000002541dc4ca00 Uncommon trap: reason=bimorphic_or_optimized_type_check action=maybe_recompile pc=0x0000025428d3daa0 method=org.jetbrains.kotlin.descriptors.impl.ValueParameterDescriptorImpl.declaresDefaultValue()Z @ 20 c2
Event: 3.657 Thread 0x000002541dc4ca00 DEOPT PACKING pc=0x0000025428d3daa0 sp=0x000000e6e8cfa2e0
Event: 3.657 Thread 0x000002541dc4ca00 DEOPT UNPACKING pc=0x00000254286969a3 sp=0x000000e6e8cfa268 mode 2
Event: 3.667 Thread 0x000002541dc4ca00 Uncommon trap: trap_request=0xffffffc6 fr.pc=0x0000025428d3daa0 relative=0x0000000000000180
Event: 3.667 Thread 0x000002541dc4ca00 Uncommon trap: reason=bimorphic_or_optimized_type_check action=maybe_recompile pc=0x0000025428d3daa0 method=org.jetbrains.kotlin.descriptors.impl.ValueParameterDescriptorImpl.declaresDefaultValue()Z @ 20 c2
Event: 3.667 Thread 0x000002541dc4ca00 DEOPT PACKING pc=0x0000025428d3daa0 sp=0x000000e6e8cf9f00
Event: 3.667 Thread 0x000002541dc4ca00 DEOPT UNPACKING pc=0x00000254286969a3 sp=0x000000e6e8cf9e90 mode 2

Classes unloaded (0 events):
No events

Classes redefined (0 events):
No events

Internal exceptions (20 events):
Event: 1.076 Thread 0x000002541dc4ca00 Exception <a 'java/lang/NoSuchMethodError'{0x0000000702874978}: 'void java.lang.invoke.DirectMethodHandle$Holder.invokeStaticInit(java.lang.Object, java.lang.Object)'> (0x0000000702874978) 
thrown [s\src\hotspot\share\interpreter\linkResolver.cpp, line 771]
Event: 1.159 Thread 0x000002541dc4ca00 Exception <a 'java/lang/NoSuchMethodError'{0x000000070200e450}: 'void java.lang.invoke.DirectMethodHandle$Holder.invokeVirtual(java.lang.Object, java.lang.Object)'> (0x000000070200e450) 
thrown [s\src\hotspot\share\interpreter\linkResolver.cpp, line 771]
Event: 1.164 Thread 0x000002541dc4ca00 Exception <a 'java/lang/NoSuchMethodError'{0x000000070205a238}: 'int java.lang.invoke.DirectMethodHandle$Holder.invokeVirtual(java.lang.Object, java.lang.Object)'> (0x000000070205a238) 
thrown [s\src\hotspot\share\interpreter\linkResolver.cpp, line 771]
Event: 1.174 Thread 0x000002541dc4ca00 Exception <a 'java/lang/NoSuchMethodError'{0x00000007020feaa8}: 'java.lang.Object java.lang.invoke.Invokers$Holder.invokeExact_MT(java.lang.Object, java.lang.Object, java.lang.Object, java.lang.Object, java.lang.Object, java.lang.Object)'> (0x00000007020feaa8) 
thrown [s\src\hotspot\share\interpreter\linkResolver.cpp, line 771]
Event: 1.468 Thread 0x000002541dc4ca00 Implicit null exception at 0x0000025428bf9672 to 0x0000025428bf9cac
Event: 1.543 Thread 0x000002541dc4ca00 Implicit null exception at 0x0000025428bfab72 to 0x0000025428bfb1ac
Event: 1.573 Thread 0x000002541dc4ca00 Exception <a 'java/lang/NoSuchMethodError'{0x000000070ead80d8}: 'java.lang.Object java.lang.invoke.DirectMethodHandle$Holder.invokeVirtual(java.lang.Object, java.lang.Object, java.lang.Object)'> (0x000000070ead80d8) 
thrown [s\src\hotspot\share\interpreter\linkResolver.cpp, line 771]
Event: 1.920 Thread 0x000002541dc4ca00 Exception <a 'java/lang/NoSuchMethodError'{0x0000000703c34cf8}: 'java.lang.Object java.lang.invoke.DirectMethodHandle$Holder.newInvokeSpecial(java.lang.Object, java.lang.Object, int)'> (0x0000000703c34cf8) 
thrown [s\src\hotspot\share\interpreter\linkResolver.cpp, line 771]
Event: 1.946 Thread 0x000002541dc4ca00 Implicit null exception at 0x0000025428d12850 to 0x0000025428d12988
Event: 2.017 Thread 0x000002541dc4ca00 Exception <a 'java/lang/NoSuchMethodError'{0x000000070391d278}: 'java.lang.Object java.lang.invoke.DirectMethodHandle$Holder.newInvokeSpecial(java.lang.Object, java.lang.Object, java.lang.Object, int)'> (0x000000070391d278) 
thrown [s\src\hotspot\share\interpreter\linkResolver.cpp, line 771]
Event: 2.018 Thread 0x000002541dc4ca00 Exception <a 'java/lang/NoSuchMethodError'{0x0000000703921900}: 'java.lang.Object java.lang.invoke.DirectMethodHandle$Holder.invokeSpecial(java.lang.Object, java.lang.Object, java.lang.Object, java.lang.Object, int)'> (0x0000000703921900) 
thrown [s\src\hotspot\share\interpreter\linkResolver.cpp, line 771]
Event: 2.018 Thread 0x000002541dc4ca00 Exception <a 'java/lang/NoSuchMethodError'{0x0000000703925770}: 'java.lang.Object java.lang.invoke.Invokers$Holder.linkToTargetMethod(java.lang.Object, java.lang.Object, int, java.lang.Object)'> (0x0000000703925770) 
thrown [s\src\hotspot\share\interpreter\linkResolver.cpp, line 771]
Event: 2.671 Thread 0x000002541dc4ca00 Exception <a 'java/lang/NoSuchMethodError'{0x0000000704b389a0}: 'java.lang.Object java.lang.invoke.DirectMethodHandle$Holder.newInvokeSpecial(java.lang.Object, java.lang.Object, java.lang.Object, java.lang.Object, java.lang.Object, java.lang.Object)'> (0x0000000704b389a0) 
thrown [s\src\hotspot\share\interpreter\linkResolver.cpp, line 771]
Event: 2.736 Thread 0x000002541dc4ca00 Exception <a 'java/lang/NoSuchMethodError'{0x000000070478b250}: 'int java.lang.invoke.DirectMethodHandle$Holder.invokeInterface(java.lang.Object, java.lang.Object)'> (0x000000070478b250) 
thrown [s\src\hotspot\share\interpreter\linkResolver.cpp, line 771]
Event: 2.808 Thread 0x000002541dc4ca00 Exception <a 'java/lang/NoSuchMethodError'{0x0000000706a0c978}: 'java.lang.Object java.lang.invoke.DirectMethodHandle$Holder.invokeStaticInit(java.lang.Object, java.lang.Object, java.lang.Object)'> (0x0000000706a0c978) 
thrown [s\src\hotspot\share\interpreter\linkResolver.cpp, line 771]
Event: 3.061 Thread 0x000002541dc4ca00 Implicit null exception at 0x0000025428c2a914 to 0x0000025428c2ab58
Event: 3.061 Thread 0x000002541dc4ca00 Implicit null exception at 0x0000025428c4468f to 0x0000025428c44709
Event: 3.130 Thread 0x000002541dc4ca00 Exception <a 'java/lang/NoSuchMethodError'{0x00000007112706b8}: 'java.lang.Object java.lang.invoke.DirectMethodHandle$Holder.newInvokeSpecial(java.lang.Object, int, java.lang.Object)'> (0x00000007112706b8) 
thrown [s\src\hotspot\share\interpreter\linkResolver.cpp, line 771]
Event: 3.456 Thread 0x000002541dc4ca00 Implicit null exception at 0x0000025428d104cc to 0x0000025428d105d4
Event: 3.514 Thread 0x000002541dc4ca00 Exception <a 'java/lang/NoSuchMethodError'{0x000000070a8b1d98}: 'int java.lang.invoke.DirectMethodHandle$Holder.invokeStaticInit(java.lang.Object, int)'> (0x000000070a8b1d98) 
thrown [s\src\hotspot\share\interpreter\linkResolver.cpp, line 771]

VM Operations (20 events):
Event: 3.450 Executing VM operation: HandshakeAllThreads
Event: 3.450 Executing VM operation: HandshakeAllThreads done
Event: 3.460 Executing VM operation: HandshakeAllThreads
Event: 3.460 Executing VM operation: HandshakeAllThreads done
Event: 3.503 Executing VM operation: ICBufferFull
Event: 3.503 Executing VM operation: ICBufferFull done
Event: 3.578 Executing VM operation: ICBufferFull
Event: 3.578 Executing VM operation: ICBufferFull done
Event: 3.594 Executing VM operation: HandshakeAllThreads
Event: 3.594 Executing VM operation: HandshakeAllThreads done
Event: 3.598 Executing VM operation: HandshakeAllThreads
Event: 3.599 Executing VM operation: HandshakeAllThreads done
Event: 3.608 Executing VM operation: HandshakeAllThreads
Event: 3.608 Executing VM operation: HandshakeAllThreads done
Event: 3.634 Executing VM operation: HandshakeAllThreads
Event: 3.635 Executing VM operation: HandshakeAllThreads done
Event: 3.635 Executing VM operation: ICBufferFull
Event: 3.635 Executing VM operation: ICBufferFull done
Event: 3.662 Executing VM operation: HandshakeAllThreads
Event: 3.662 Executing VM operation: HandshakeAllThreads done

Events (20 events):
Event: 3.204 Thread 0x000002543c82d7b0 flushing nmethod 0x0000025421b4d010
Event: 3.204 Thread 0x000002543c82d7b0 flushing nmethod 0x0000025421b59a10
Event: 3.204 Thread 0x000002543c82d7b0 flushing nmethod 0x0000025421b5b610
Event: 3.204 Thread 0x000002543c82d7b0 flushing nmethod 0x0000025421b60310
Event: 3.204 Thread 0x000002543c82d7b0 flushing nmethod 0x0000025421b62190
Event: 3.204 Thread 0x000002543c82d7b0 flushing nmethod 0x0000025421b62510
Event: 3.204 Thread 0x000002543c82d7b0 flushing nmethod 0x0000025421b68410
Event: 3.204 Thread 0x000002543c82d7b0 flushing nmethod 0x0000025421b68d90
Event: 3.204 Thread 0x000002543c82d7b0 flushing nmethod 0x0000025421b6be90
Event: 3.204 Thread 0x000002543c82d7b0 flushing nmethod 0x0000025421b7b310
Event: 3.204 Thread 0x000002543c82d7b0 flushing nmethod 0x0000025421b7ec90
Event: 3.204 Thread 0x000002543c82d7b0 flushing nmethod 0x0000025421baf390
Event: 3.204 Thread 0x000002543c82d7b0 flushing nmethod 0x0000025421bf7b10
Event: 3.204 Thread 0x000002543c82d7b0 flushing nmethod 0x0000025421c37090
Event: 3.204 Thread 0x000002543c82d7b0 flushing nmethod 0x0000025421c7d810
Event: 3.204 Thread 0x000002543c82d7b0 flushing nmethod 0x0000025421c8f510
Event: 3.205 Thread 0x000002543c82d7b0 flushing nmethod 0x0000025421d10690
Event: 3.205 Thread 0x000002543c82d7b0 flushing nmethod 0x0000025421d4a390
Event: 3.205 Thread 0x000002543c82d7b0 flushing nmethod 0x0000025421d5bf10
Event: 3.205 Thread 0x000002543c82d7b0 flushing nmethod 0x0000025421d6ed10


Dynamic libraries:
0x00007ff632db0000 - 0x00007ff632dba000 	C:\Program Files\Android\Android Studio\jbr\bin\java.exe
0x00007fffb5da0000 - 0x00007fffb5f8e000 	C:\Windows\SYSTEM32\ntdll.dll
0x00007fffb5bb0000 - 0x00007fffb5c63000 	C:\Windows\System32\KERNEL32.DLL
0x00007fffb2c70000 - 0x00007fffb2f0d000 	C:\Windows\System32\KERNELBASE.dll
0x00007fffb1df0000 - 0x00007fffb1eea000 	C:\Windows\System32\ucrtbase.dll
0x00007fff9bcd0000 - 0x00007fff9bceb000 	C:\Program Files\Android\Android Studio\jbr\bin\VCRUNTIME140.dll
0x00007fffab090000 - 0x00007fffab0a7000 	C:\Program Files\Android\Android Studio\jbr\bin\jli.dll
0x00007fffb3030000 - 0x00007fffb31c7000 	C:\Windows\System32\USER32.dll
0x00007fff9cb60000 - 0x00007fff9cdd9000 	C:\Windows\WinSxS\amd64_microsoft.windows.common-controls_6595b64144ccf1df_6.0.17763.5458_none_de7234b4534a7f0e\COMCTL32.dll
0x00007fffb2300000 - 0x00007fffb2320000 	C:\Windows\System32\win32u.dll
0x00007fffb44f0000 - 0x00007fffb4519000 	C:\Windows\System32\GDI32.dll
0x00007fffb2f90000 - 0x00007fffb302e000 	C:\Windows\System32\msvcrt.dll
0x00007fffb1f10000 - 0x00007fffb20ba000 	C:\Windows\System32\gdi32full.dll
0x00007fffb36a0000 - 0x00007fffb39cb000 	C:\Windows\System32\combase.dll
0x00007fffb2260000 - 0x00007fffb2300000 	C:\Windows\System32\msvcp_win.dll
0x00007fffb3520000 - 0x00007fffb363d000 	C:\Windows\System32\RPCRT4.dll
0x00007fffb20c0000 - 0x00007fffb2142000 	C:\Windows\System32\bcryptPrimitives.dll
0x00007fffb3a80000 - 0x00007fffb3aae000 	C:\Windows\System32\IMM32.DLL
0x00007fff9bcc0000 - 0x00007fff9bccc000 	C:\Program Files\Android\Android Studio\jbr\bin\vcruntime140_1.dll
0x00007fff9bc30000 - 0x00007fff9bcbd000 	C:\Program Files\Android\Android Studio\jbr\bin\msvcp140.dll
0x00007fff775e0000 - 0x00007fff78260000 	C:\Program Files\Android\Android Studio\jbr\bin\server\jvm.dll
0x00007fffb4600000 - 0x00007fffb46a8000 	C:\Windows\System32\ADVAPI32.dll
0x00007fffb39d0000 - 0x00007fffb3a72000 	C:\Windows\System32\sechost.dll
0x00007fffb2f10000 - 0x00007fffb2f36000 	C:\Windows\System32\bcrypt.dll
0x00007fffafee0000 - 0x00007fffafee9000 	C:\Windows\SYSTEM32\WSOCK32.dll
0x00007fffafde0000 - 0x00007fffafe04000 	C:\Windows\SYSTEM32\WINMM.dll
0x00007fffaa7c0000 - 0x00007fffaa7ca000 	C:\Windows\SYSTEM32\VERSION.dll
0x00007fffb4520000 - 0x00007fffb458d000 	C:\Windows\System32\WS2_32.dll
0x00007fffafdb0000 - 0x00007fffafddd000 	C:\Windows\SYSTEM32\WINMMBASE.dll
0x00007fffb2f40000 - 0x00007fffb2f8a000 	C:\Windows\System32\cfgmgr32.dll
0x00007fffb1d80000 - 0x00007fffb1d91000 	C:\Windows\System32\kernel.appcore.dll
0x00007fffafa20000 - 0x00007fffafa2a000 	C:\Program Files\Android\Android Studio\jbr\bin\jimage.dll
0x00007fff9c860000 - 0x00007fff9ca4d000 	C:\Windows\SYSTEM32\DBGHELP.DLL
0x00007fff9c6c0000 - 0x00007fff9c6ea000 	C:\Windows\SYSTEM32\dbgcore.DLL
0x00007fffab0b0000 - 0x00007fffab0d5000 	C:\Program Files\Android\Android Studio\jbr\bin\java.dll
0x00007fffab070000 - 0x00007fffab088000 	C:\Program Files\Android\Android Studio\jbr\bin\zip.dll
0x00007fffb46b0000 - 0x00007fffb5ba8000 	C:\Windows\System32\SHELL32.dll
0x00007fffb42b0000 - 0x00007fffb4357000 	C:\Windows\System32\shcore.dll
0x00007fffb2320000 - 0x00007fffb2a67000 	C:\Windows\System32\windows.storage.dll
0x00007fffb1da0000 - 0x00007fffb1dc3000 	C:\Windows\System32\profapi.dll
0x00007fffb1d20000 - 0x00007fffb1d7d000 	C:\Windows\System32\powrprof.dll
0x00007fffb31d0000 - 0x00007fffb3222000 	C:\Windows\System32\shlwapi.dll
0x00007fffb1ef0000 - 0x00007fffb1f0b000 	C:\Windows\System32\cryptsp.dll
0x00007fffab050000 - 0x00007fffab069000 	C:\Program Files\Android\Android Studio\jbr\bin\net.dll
0x00007fffab3a0000 - 0x00007fffab49d000 	C:\Windows\SYSTEM32\WINHTTP.dll
0x00007fffb1510000 - 0x00007fffb1577000 	C:\Windows\system32\mswsock.dll
0x00007fffab030000 - 0x00007fffab046000 	C:\Program Files\Android\Android Studio\jbr\bin\nio.dll
0x00007fffab000000 - 0x00007fffab010000 	C:\Program Files\Android\Android Studio\jbr\bin\verify.dll

dbghelp: loaded successfully - version: 4.0.5 - missing functions: none
symbol engine: initialized successfully - sym options: 0x614 - pdb path: .;C:\Program Files\Android\Android Studio\jbr\bin;C:\Windows\SYSTEM32;C:\Windows\WinSxS\amd64_microsoft.windows.common-controls_6595b64144ccf1df_6.0.17763.5458_none_de7234b4534a7f0e;C:\Program Files\Android\Android Studio\jbr\bin\server

VM Arguments:
java_command: org.jetbrains.kotlin.cli.jvm.K2JVMCompiler @G:\SmartHousetryagain\app\build\20241123_16886864907519767607.compiler.options
java_class_path (initial): C:\UserProfiles\pr110valyshkov.OAT\.gradle\caches\modules-2\files-2.1\org.jetbrains.kotlin\kotlin-compiler-embeddable\1.9.0\2c8c3a7402becca891f12739b3e9fd2dc2adbd7a\kotlin-compiler-embeddable-1.9.0.jar;C:\UserProfiles\pr110valyshkov.OAT\.gradle\caches\modules-2\files-2.1\org.jetbrains.kotlin\kotlin-stdlib\1.9.0\8ee15ef0c67dc83d874f412d84378d7f0eb50b63\kotlin-stdlib-1.9.0.jar;C:\UserProfiles\pr110valyshkov.OAT\.gradle\caches\modules-2\files-2.1\org.jetbrains.kotlin\kotlin-script-runtime\1.9.0\4b3102cbbb7e1b58d9d1adf89563f00069ffa7d1\kotlin-script-runtime-1.9.0.jar;C:\UserProfiles\pr110valyshkov.OAT\.gradle\caches\modules-2\files-2.1\org.jetbrains.kotlin\kotlin-reflect\1.6.10\1cbe9c92c12a94eea200d23c2bbaedaf3daf5132\kotlin-reflect-1.6.10.jar;C:\UserProfiles\pr110valyshkov.OAT\.gradle\caches\modules-2\files-2.1\org.jetbrains.kotlin\kotlin-daemon-embeddable\1.9.0\186543f5e28cf8d9a0290fecc2cf34301c40a65c\kotlin-daemon-embeddable-1.9.0.jar;C:\UserProfiles\pr110valyshkov.OAT\.gradle\caches\modules-2\files-2.1\org.jetbrains.intellij.deps\trove4j\1.0.20200330\3afb14d5f9ceb459d724e907a21145e8ff394f02\trove4j-1.0.20200330.jar;C:\UserProfiles\pr110valyshkov.OAT\.gradle\caches\modules-2\files-2.1\org.jetbrains.kotlin\kotlin-stdlib-common\1.9.0\cd65c21cfd1eec4d44ef09f9f52b6d9f8a720636\kotlin-stdlib-common-1.9.0.jar;C:\UserProfiles\pr110valyshkov.OAT\.gradle\caches\modules-2\files-2.1\org.jetbrains\annotations\13.0\919f0dfe192fb4e063e7dacadee7f8bb9a2672a9\annotations-13.0.jar
Launcher Type: SUN_STANDARD

[Global flags]
     intx CICompilerCount                          = 4                                         {product} {ergonomic}
     uint ConcGCThreads                            = 2                                         {product} {ergonomic}
     uint G1ConcRefinementThreads                  = 8                                         {product} {ergonomic}
   size_t G1HeapRegionSize                         = 2097152                                   {product} {ergonomic}
    uintx GCDrainStackTargetSize                   = 64                                        {product} {ergonomic}
   size_t InitialHeapSize                          = 268435456                                 {product} {ergonomic}
   size_t MarkStackSize                            = 4194304                                   {product} {ergonomic}
   size_t MaxHeapSize                              = 4273995776                                {product} {ergonomic}
   size_t MaxNewSize                               = 2562719744                                {product} {ergonomic}
   size_t MinHeapDeltaBytes                        = 2097152                                   {product} {ergonomic}
   size_t MinHeapSize                              = 8388608                                   {product} {ergonomic}
    uintx NonNMethodCodeHeapSize                   = 5839372                                {pd product} {ergonomic}
    uintx NonProfiledCodeHeapSize                  = 122909434                              {pd product} {ergonomic}
    uintx ProfiledCodeHeapSize                     = 122909434                              {pd product} {ergonomic}
    uintx ReservedCodeCacheSize                    = 251658240                              {pd product} {ergonomic}
     bool SegmentedCodeCache                       = true                                      {product} {ergonomic}
   size_t SoftMaxHeapSize                          = 4273995776                             {manageable} {ergonomic}
     bool UseCompressedClassPointers               = true                           {product lp64_product} {ergonomic}
     bool UseCompressedOops                        = true                           {product lp64_product} {ergonomic}
     bool UseG1GC                                  = true                                      {product} {ergonomic}
     bool UseLargePagesIndividualAllocation        = false                                  {pd product} {ergonomic}

Logging:
Log output configuration:
 #0: stdout all=warning uptime,level,tags
 #1: stderr all=off uptime,level,tags

Environment Variables:
JAVA_HOME=C:\Program Files\Android\Jdk\microsoft_dist_openjdk_1.8.0.25
PATH=C:\Program Files\Python312\Scripts\;C:\Program Files\Python312\;C:\Program Files\Python311\Scripts\;C:\Program Files\Python311\;C:\Program Files (x86)\VMware\VMware Workstation\bin\;C:\Program Files (x86)\Common Files\Intel\Shared Libraries\redist\intel64\compiler;C:\Windows\system32;C:\Windows;C:\Windows\System32\Wbem;C:\Windows\System32\WindowsPowerShell\v1.0\;C:\Windows\System32\OpenSSH\;C:\Program Files\Common Files\Autodesk Shared\;C:\Program Files\Microsoft SQL Server\120\Tools\Binn\;C:\Program Files\dotnet\;C:\Program Files\Microsoft SQL Server\130\Tools\Binn\;C:\Program Files\Microsoft SQL Server\Client SDK\ODBC\170\Tools\Binn\;C:\Program Files (x86)\IncrediBuild;C:\Program Files (x86)\NVIDIA Corporation\PhysX\Common;C:\Program Files\Git\cmd;C:\Program Files\Microsoft VS Code\bin;C:\Program Files (x86)\Microsoft SQL Server\150\Tools\Binn\;C:\Program Files\Microsoft SQL Server\150\Tools\Binn\;C:\Program Files (x86)\Microsoft SQL Server\150\DTS\Binn\;C:\Program Files\Microsoft SQL Server\150\DTS\Binn\;C:\Program Files\Azure Data Studio\bin;C:\Program Files (x86)\Kaspersky Lab\KES.12.2.0\;C:\UserProfiles\pr110valyshkov.OAT\AppData\Local\Microsoft\WindowsApps;
USERNAME=pr110valyshkov
OS=Windows_NT
PROCESSOR_IDENTIFIER=Intel64 Family 6 Model 158 Stepping 13, GenuineIntel
TMP=C:\USERPR~1\pr110valyshkov.OAT\AppData\Local\Temp
TEMP=C:\USERPR~1\pr110valyshkov.OAT\AppData\Local\Temp


JNI global refs:
JNI global refs: 14, weak refs: 14

JNI global refs memory usage: 843, weak refs: 841

OOME stack traces (most recent first):
Classloader memory used:
Loader jdk.internal.loader.ClassLoaders$AppClassLoader                                 : 5832K
Loader bootstrap                                                                       : 1303K
Loader java.net.URLClassLoader                                                         : 43001B
Loader jdk.internal.reflect.DelegatingClassLoader                                      : 15259B


---------------  S Y S T E M  ---------------

OS:
 Windows 10 , 64 bit Build 17763 (10.0.17763.4974)
OS uptime: 0 days 1:26 hours

CPU: total 8 (initial active 8) (8 cores per cpu, 1 threads per core) family 6 model 158 stepping 13 microcode 0xde, cx8, cmov, fxsr, mmx, 3dnowpref, sse, sse2, sse3, ssse3, sse4.1, sse4.2, popcnt, lzcnt, tsc, tscinvbit, avx, avx2, aes, erms, clmul, bmi1, bmi2, adx, fma, vzeroupper, clflush, clflushopt

Memory: 4k page, system-wide physical 16303M (2811M free)
TotalPageFile size 16303M (AvailPageFile size 20M)
current process WorkingSet (physical memory assigned to process): 297M, peak: 300M
current process commit charge ("private bytes"): 381M, peak: 385M

vm_info: OpenJDK 64-Bit Server VM (17.0.7+0-b2043.56-10550314) for windows-amd64 JRE (17.0.7+0-b2043.56-10550314), built on Jul 24 2023 18:27:45 by "androidbuild" with MS VC++ 16.10 / 16.11 (VS2019)

END.
